#
# There is insufficient memory for the Java Runtime Environment to continue.
# Native memory allocation (mmap) failed to map 247463936 bytes for G1 virtual space
# Possible reasons:
#   The system is out of physical RAM or swap space
#   The process is running with CompressedOops enabled, and the Java Heap may be blocking the growth of the native heap
# Possible solutions:
#   Reduce memory load on the system
#   Increase physical memory or swap space
#   Check if swap backing store is full
#   Decrease Java heap size (-Xmx/-Xms)
#   Decrease number of Java threads
#   Decrease Java thread stack sizes (-Xss)
#   Set larger code cache with -XX:ReservedCodeCacheSize=
#   JVM is running with Zero Based Compressed Oops mode in which the Java heap is
#     placed in the first 32GB address space. The Java Heap base address is the
#     maximum limit for the native heap growth. Please use -XX:HeapBaseMinAddress
#     to set the Java Heap base and to place the Java Heap above 32GB virtual address.
# This output file may be truncated or incomplete.
#
#  Out of Memory Error (./open/src/hotspot/os/windows/os_windows.cpp:3321), pid=18188, tid=10236
#
# JRE version: OpenJDK Runtime Environment (15.0.2+7) (build 15.0.2+7-27)
# Java VM: OpenJDK 64-Bit Server VM (15.0.2+7-27, mixed mode, tiered, compressed oops, g1 gc, windows-amd64)
# No core dump will be written. Minidumps are not enabled by default on client versions of Windows
#

---------------  S U M M A R Y ------------

Command Line: -Dfile.encoding=Cp1252 -XX:+ShowCodeDetailsInExceptionMessages com.citiustech.main.Main

Host: Intel(R) Xeon(R) Gold 6258R CPU @ 2.70GHz, 2 cores, 11G,  Windows 10 , 64 bit Build 19041 (10.0.19041.1706)
Time: Sat Jun 11 13:49:51 2022 India Standard Time elapsed time: 2.492650 seconds (0d 0h 0m 2s)

---------------  T H R E A D  ---------------

Current thread (0x0000028cffc6df80):  VMThread "VM Thread" [stack: 0x000000c0f1500000,0x000000c0f1600000] [id=10236]

Stack: [0x000000c0f1500000,0x000000c0f1600000]
[error occurred during error reporting (printing stack bounds), id 0xc0000005, EXCEPTION_ACCESS_VIOLATION (0xc0000005) at pc=0x0000028c83941267]

Native frames: (J=compiled Java code, j=interpreted, Vv=VM code, C=native code)
V  [jvm.dll+0x62ae9a]
V  [jvm.dll+0x7817a9]
V  [jvm.dll+0x782f03]
V  [jvm.dll+0x7834c5]
V  [jvm.dll+0x78347b]
V  [jvm.dll+0x62a2b9]
V  [jvm.dll+0x62aa88]
C  [ntdll.dll+0xa209f]
C  [ntdll.dll+0x51454]
C  [ntdll.dll+0xa0bce]
C  0x0000028c83941267

VM_Operation (0x000000c0f22fe940): G1CollectForAllocation, mode: safepoint, requested by thread 0x0000028c9c9971e0


---------------  P R O C E S S  ---------------

Threads class SMR info:
_java_thread_list=0x0000028c9c9f86b0, length=15, elements={
0x0000028cff9e0d40, 0x0000028c9c364200, 0x0000028c9c36d5c0, 0x0000028c9c3ca430,
0x0000028c9c3cbef0, 0x0000028c9c3cc9a0, 0x0000028c9c3cd780, 0x0000028c9c447440,
0x0000028c9c450130, 0x0000028c9c553bb0, 0x0000028c9c570010, 0x0000028c9c9971e0,
0x0000028c9c8f8600, 0x0000028c9cc40db0, 0x0000028c9c8f8ad0
}

Java Threads: ( => current thread )
  0x0000028cff9e0d40 JavaThread "main" [_thread_blocked, id=19052, stack(0x000000c0f0e00000,0x000000c0f0f00000)]
  0x0000028c9c364200 JavaThread "Reference Handler" daemon [_thread_blocked, id=15296, stack(0x000000c0f1600000,0x000000c0f1700000)]
  0x0000028c9c36d5c0 JavaThread "Finalizer" daemon [_thread_blocked, id=3480, stack(0x000000c0f1700000,0x000000c0f1800000)]
  0x0000028c9c3ca430 JavaThread "Signal Dispatcher" daemon [_thread_blocked, id=11192, stack(0x000000c0f1800000,0x000000c0f1900000)]
  0x0000028c9c3cbef0 JavaThread "Attach Listener" daemon [_thread_blocked, id=9224, stack(0x000000c0f1900000,0x000000c0f1a00000)]
  0x0000028c9c3cc9a0 JavaThread "Service Thread" daemon [_thread_blocked, id=16672, stack(0x000000c0f1a00000,0x000000c0f1b00000)]
  0x0000028c9c3cd780 JavaThread "C2 CompilerThread0" daemon [_thread_blocked, id=16252, stack(0x000000c0f1b00000,0x000000c0f1c00000)]
  0x0000028c9c447440 JavaThread "C1 CompilerThread0" daemon [_thread_blocked, id=11132, stack(0x000000c0f1c00000,0x000000c0f1d00000)]
  0x0000028c9c450130 JavaThread "Sweeper thread" daemon [_thread_blocked, id=12804, stack(0x000000c0f1d00000,0x000000c0f1e00000)]
  0x0000028c9c553bb0 JavaThread "Notification Thread" daemon [_thread_blocked, id=1460, stack(0x000000c0f1e00000,0x000000c0f1f00000)]
  0x0000028c9c570010 JavaThread "Common-Cleaner" daemon [_thread_blocked, id=14452, stack(0x000000c0f2000000,0x000000c0f2100000)]
  0x0000028c9c9971e0 JavaThread "pool-1-thread-1" [_thread_blocked, id=6176, stack(0x000000c0f2200000,0x000000c0f2300000)]
  0x0000028c9c8f8600 JavaThread "pool-1-thread-2" [_thread_blocked, id=19380, stack(0x000000c0f2300000,0x000000c0f2400000)]
  0x0000028c9cc40db0 JavaThread "Thread-1" [_thread_blocked, id=8056, stack(0x000000c0f2400000,0x000000c0f2500000)]
  0x0000028c9c8f8ad0 JavaThread "Thread-0" [_thread_blocked, id=14372, stack(0x000000c0f2500000,0x000000c0f2600000)]

Other Threads:
=>0x0000028cffc6df80 VMThread "VM Thread" [stack: 0x000000c0f1500000,0x000000c0f1600000] [id=10236]
  0x0000028c9c558090 WatcherThread [stack: 0x000000c0f1f00000,0x000000c0f2000000] [id=2240]
  0x0000028cffa22a40 GCTaskThread "GC Thread#0" [stack: 0x000000c0f1000000,0x000000c0f1100000] [id=16892]
  0x0000028c9c64dc20 GCTaskThread "GC Thread#1" [stack: 0x000000c0f2100000,0x000000c0f2200000] [id=508]
  0x0000028cffa2fb90 ConcurrentGCThread "G1 Main Marker" [stack: 0x000000c0f1100000,0x000000c0f1200000] [id=18080]
  0x0000028cffa32be0 ConcurrentGCThread "G1 Conc#0" [stack: 0x000000c0f1200000,0x000000c0f1300000] [id=11876]
  0x0000028cffad30d0 ConcurrentGCThread "G1 Refine#0" [stack: 0x000000c0f1300000,0x000000c0f1400000] [id=15056]
  0x0000028c9cca18d0 ConcurrentGCThread "G1 Refine#1" [stack: 0x000000c0f2600000,0x000000c0f2700000] [id=10648]
  0x0000028cffa5e410 ConcurrentGCThread "G1 Young RemSet Sampling" [stack: 0x000000c0f1400000,0x000000c0f1500000] [id=14884]

Threads with active compile tasks:
C2 CompilerThread0     2503 1370       4       java.util.concurrent.ConcurrentSkipListMap::doPut (548 bytes)

VM state: at safepoint (normal execution)

VM Mutex/Monitor currently owned by a thread:  ([mutex/lock_event])
[0x0000028cff9dc9d0] Threads_lock - owner thread: 0x0000028cffc6df80
[0x0000028cff9de4d0] Heap_lock - owner thread: 0x0000028c9c9971e0

Heap address: 0x0000000740000000, size: 3072 MB, Compressed Oops mode: Zero based, Oop shift amount: 3
CDS disabled.
Compressed class space mapped at: 0x0000000800000000-0x0000000840000000, size: 1073741824
Narrow klass base: 0x0000000800000000, Narrow klass shift: 0, Narrow klass range: 0x40000000

GC Precious Log:
 CPUs: 2 total, 2 available
 Memory: 12287M
 Large Page Support: Disabled
 NUMA Support: Disabled
 Compressed Oops: Enabled (Zero based)
 Heap Region Size: 2M
 Heap Min Capacity: 8M
 Heap Initial Capacity: 192M
 Heap Max Capacity: 3G
 Pre-touch: Disabled
 Parallel Workers: 2
 Concurrent Workers: 1
 Concurrent Refinement Workers: 2
 Periodic GC: Disabled

Heap:
 garbage-first heap   total 483328K, used 67584K [0x0000000740000000, 0x0000000800000000)
  region size 2048K, 4 young (8192K), 4 survivors (8192K)
 Metaspace       used 11516K, capacity 11684K, committed 11904K, reserved 1060864K
  class space    used 996K, capacity 1040K, committed 1152K, reserved 1048576K

Heap Regions: E=young(eden), S=young(survivor), O=old, HS=humongous(starts), HC=humongous(continues), CS=collection set, F=free, OA=open archive, CA=closed archive, TAMS=top-at-mark-start (previous, next)
|   0|0x0000000740000000, 0x0000000740200000, 0x0000000740200000|100%| O|  |TAMS 0x0000000740000000, 0x0000000740000000| Untracked 
|   1|0x0000000740200000, 0x0000000740400000, 0x0000000740400000|100%| O|  |TAMS 0x0000000740200000, 0x0000000740200000| Untracked 
|   2|0x0000000740400000, 0x0000000740600000, 0x0000000740600000|100%| O|  |TAMS 0x0000000740400000, 0x0000000740400000| Untracked 
|   3|0x0000000740600000, 0x0000000740800000, 0x0000000740800000|100%| O|  |TAMS 0x0000000740600000, 0x0000000740600000| Untracked 
|   4|0x0000000740800000, 0x0000000740a00000, 0x0000000740a00000|100%| O|  |TAMS 0x0000000740800000, 0x0000000740800000| Untracked 
|   5|0x0000000740a00000, 0x0000000740c00000, 0x0000000740c00000|100%| O|  |TAMS 0x0000000740a00000, 0x0000000740a00000| Untracked 
|   6|0x0000000740c00000, 0x0000000740e00000, 0x0000000740e00000|100%| O|  |TAMS 0x0000000740c00000, 0x0000000740c00000| Untracked 
|   7|0x0000000740e00000, 0x0000000741000000, 0x0000000741000000|100%| O|  |TAMS 0x0000000740e00000, 0x0000000740e00000| Untracked 
|   8|0x0000000741000000, 0x0000000741200000, 0x0000000741200000|100%| O|  |TAMS 0x0000000741000000, 0x0000000741000000| Untracked 
|   9|0x0000000741200000, 0x0000000741400000, 0x0000000741400000|100%| O|  |TAMS 0x0000000741200000, 0x0000000741200000| Untracked 
|  10|0x0000000741400000, 0x0000000741600000, 0x0000000741600000|100%| O|  |TAMS 0x0000000741400000, 0x0000000741400000| Untracked 
|  11|0x0000000741600000, 0x0000000741800000, 0x0000000741800000|100%| O|  |TAMS 0x0000000741600000, 0x0000000741600000| Untracked 
|  12|0x0000000741800000, 0x0000000741a00000, 0x0000000741a00000|100%| O|  |TAMS 0x0000000741800000, 0x0000000741800000| Untracked 
|  13|0x0000000741a00000, 0x0000000741c00000, 0x0000000741c00000|100%| O|  |TAMS 0x0000000741a00000, 0x0000000741a00000| Untracked 
|  14|0x0000000741c00000, 0x0000000741e00000, 0x0000000741e00000|100%| O|  |TAMS 0x0000000741c00000, 0x0000000741c00000| Untracked 
|  15|0x0000000741e00000, 0x0000000742000000, 0x0000000742000000|100%| O|  |TAMS 0x0000000741e00000, 0x0000000741e00000| Untracked 
|  16|0x0000000742000000, 0x0000000742200000, 0x0000000742200000|100%| O|  |TAMS 0x0000000742000000, 0x0000000742000000| Untracked 
|  17|0x0000000742200000, 0x0000000742400000, 0x0000000742400000|100%| O|  |TAMS 0x0000000742200000, 0x0000000742200000| Untracked 
|  18|0x0000000742400000, 0x0000000742600000, 0x0000000742600000|100%| O|  |TAMS 0x0000000742400000, 0x0000000742400000| Untracked 
|  19|0x0000000742600000, 0x0000000742800000, 0x0000000742800000|100%| O|  |TAMS 0x0000000742600000, 0x0000000742600000| Untracked 
|  20|0x0000000742800000, 0x0000000742a00000, 0x0000000742a00000|100%| O|  |TAMS 0x0000000742800000, 0x0000000742800000| Untracked 
|  21|0x0000000742a00000, 0x0000000742c00000, 0x0000000742c00000|100%| O|  |TAMS 0x0000000742a00000, 0x0000000742a00000| Untracked 
|  22|0x0000000742c00000, 0x0000000742e00000, 0x0000000742e00000|100%| O|  |TAMS 0x0000000742c00000, 0x0000000742c00000| Untracked 
|  23|0x0000000742e00000, 0x0000000743000000, 0x0000000743000000|100%| O|  |TAMS 0x0000000742e00000, 0x0000000742e00000| Untracked 
|  24|0x0000000743000000, 0x0000000743200000, 0x0000000743200000|100%| O|  |TAMS 0x0000000743000000, 0x0000000743000000| Untracked 
|  25|0x0000000743200000, 0x0000000743400000, 0x0000000743400000|100%| O|  |TAMS 0x0000000743200000, 0x0000000743200000| Untracked 
|  26|0x0000000743400000, 0x0000000743600000, 0x0000000743600000|100%| O|  |TAMS 0x0000000743400000, 0x0000000743400000| Untracked 
|  27|0x0000000743600000, 0x0000000743800000, 0x0000000743800000|100%| O|  |TAMS 0x0000000743600000, 0x0000000743600000| Untracked 
|  28|0x0000000743800000, 0x0000000743a00000, 0x0000000743a00000|100%| O|  |TAMS 0x0000000743800000, 0x0000000743800000| Untracked 
|  29|0x0000000743a00000, 0x0000000743a00000, 0x0000000743c00000|  0%| F|  |TAMS 0x0000000743a00000, 0x0000000743a00000| Untracked 
|  30|0x0000000743c00000, 0x0000000743c00000, 0x0000000743e00000|  0%| F|  |TAMS 0x0000000743c00000, 0x0000000743c00000| Untracked 
|  31|0x0000000743e00000, 0x0000000743e00000, 0x0000000744000000|  0%| F|  |TAMS 0x0000000743e00000, 0x0000000743e00000| Untracked 
|  32|0x0000000744000000, 0x0000000744000000, 0x0000000744200000|  0%| F|  |TAMS 0x0000000744000000, 0x0000000744000000| Untracked 
|  33|0x0000000744200000, 0x0000000744200000, 0x0000000744400000|  0%| F|  |TAMS 0x0000000744200000, 0x0000000744200000| Untracked 
|  34|0x0000000744400000, 0x0000000744400000, 0x0000000744600000|  0%| F|  |TAMS 0x0000000744400000, 0x0000000744400000| Untracked 
|  35|0x0000000744600000, 0x0000000744600000, 0x0000000744800000|  0%| F|  |TAMS 0x0000000744600000, 0x0000000744600000| Untracked 
|  36|0x0000000744800000, 0x0000000744800000, 0x0000000744a00000|  0%| F|  |TAMS 0x0000000744800000, 0x0000000744800000| Untracked 
|  37|0x0000000744a00000, 0x0000000744a00000, 0x0000000744c00000|  0%| F|  |TAMS 0x0000000744a00000, 0x0000000744a00000| Untracked 
|  38|0x0000000744c00000, 0x0000000744c00000, 0x0000000744e00000|  0%| F|  |TAMS 0x0000000744c00000, 0x0000000744c00000| Untracked 
|  39|0x0000000744e00000, 0x0000000744e00000, 0x0000000745000000|  0%| F|  |TAMS 0x0000000744e00000, 0x0000000744e00000| Untracked 
|  40|0x0000000745000000, 0x0000000745000000, 0x0000000745200000|  0%| F|  |TAMS 0x0000000745000000, 0x0000000745000000| Untracked 
|  41|0x0000000745200000, 0x0000000745200000, 0x0000000745400000|  0%| F|  |TAMS 0x0000000745200000, 0x0000000745200000| Untracked 
|  42|0x0000000745400000, 0x0000000745400000, 0x0000000745600000|  0%| F|  |TAMS 0x0000000745400000, 0x0000000745400000| Untracked 
|  43|0x0000000745600000, 0x0000000745600000, 0x0000000745800000|  0%| F|  |TAMS 0x0000000745600000, 0x0000000745600000| Untracked 
|  44|0x0000000745800000, 0x0000000745800000, 0x0000000745a00000|  0%| F|  |TAMS 0x0000000745800000, 0x0000000745800000| Untracked 
|  45|0x0000000745a00000, 0x0000000745a00000, 0x0000000745c00000|  0%| F|  |TAMS 0x0000000745a00000, 0x0000000745a00000| Untracked 
|  46|0x0000000745c00000, 0x0000000745c00000, 0x0000000745e00000|  0%| F|  |TAMS 0x0000000745c00000, 0x0000000745c00000| Untracked 
|  47|0x0000000745e00000, 0x0000000745e00000, 0x0000000746000000|  0%| F|  |TAMS 0x0000000745e00000, 0x0000000745e00000| Untracked 
|  48|0x0000000746000000, 0x0000000746000000, 0x0000000746200000|  0%| F|  |TAMS 0x0000000746000000, 0x0000000746000000| Untracked 
|  49|0x0000000746200000, 0x0000000746200000, 0x0000000746400000|  0%| F|  |TAMS 0x0000000746200000, 0x0000000746200000| Untracked 
|  50|0x0000000746400000, 0x0000000746400000, 0x0000000746600000|  0%| F|  |TAMS 0x0000000746400000, 0x0000000746400000| Untracked 
|  51|0x0000000746600000, 0x0000000746600000, 0x0000000746800000|  0%| F|  |TAMS 0x0000000746600000, 0x0000000746600000| Untracked 
|  52|0x0000000746800000, 0x0000000746800000, 0x0000000746a00000|  0%| F|  |TAMS 0x0000000746800000, 0x0000000746800000| Untracked 
|  53|0x0000000746a00000, 0x0000000746a00000, 0x0000000746c00000|  0%| F|  |TAMS 0x0000000746a00000, 0x0000000746a00000| Untracked 
|  54|0x0000000746c00000, 0x0000000746c00000, 0x0000000746e00000|  0%| F|  |TAMS 0x0000000746c00000, 0x0000000746c00000| Untracked 
|  55|0x0000000746e00000, 0x0000000746e00000, 0x0000000747000000|  0%| F|  |TAMS 0x0000000746e00000, 0x0000000746e00000| Untracked 
|  56|0x0000000747000000, 0x0000000747000000, 0x0000000747200000|  0%| F|  |TAMS 0x0000000747000000, 0x0000000747000000| Untracked 
|  57|0x0000000747200000, 0x0000000747200000, 0x0000000747400000|  0%| F|  |TAMS 0x0000000747200000, 0x0000000747200000| Untracked 
|  58|0x0000000747400000, 0x0000000747400000, 0x0000000747600000|  0%| F|  |TAMS 0x0000000747400000, 0x0000000747400000| Untracked 
|  59|0x0000000747600000, 0x0000000747600000, 0x0000000747800000|  0%| F|  |TAMS 0x0000000747600000, 0x0000000747600000| Untracked 
|  60|0x0000000747800000, 0x0000000747800000, 0x0000000747a00000|  0%| F|  |TAMS 0x0000000747800000, 0x0000000747800000| Untracked 
|  61|0x0000000747a00000, 0x0000000747a00000, 0x0000000747c00000|  0%| F|  |TAMS 0x0000000747a00000, 0x0000000747a00000| Untracked 
|  62|0x0000000747c00000, 0x0000000747c00000, 0x0000000747e00000|  0%| F|  |TAMS 0x0000000747c00000, 0x0000000747c00000| Untracked 
|  63|0x0000000747e00000, 0x0000000747e00000, 0x0000000748000000|  0%| F|  |TAMS 0x0000000747e00000, 0x0000000747e00000| Untracked 
|  64|0x0000000748000000, 0x0000000748000000, 0x0000000748200000|  0%| F|  |TAMS 0x0000000748000000, 0x0000000748000000| Untracked 
|  65|0x0000000748200000, 0x0000000748200000, 0x0000000748400000|  0%| F|  |TAMS 0x0000000748200000, 0x0000000748200000| Untracked 
|  66|0x0000000748400000, 0x0000000748400000, 0x0000000748600000|  0%| F|  |TAMS 0x0000000748400000, 0x0000000748400000| Untracked 
|  67|0x0000000748600000, 0x0000000748600000, 0x0000000748800000|  0%| F|  |TAMS 0x0000000748600000, 0x0000000748600000| Untracked 
|  68|0x0000000748800000, 0x0000000748800000, 0x0000000748a00000|  0%| F|  |TAMS 0x0000000748800000, 0x0000000748800000| Untracked 
|  69|0x0000000748a00000, 0x0000000748a00000, 0x0000000748c00000|  0%| F|  |TAMS 0x0000000748a00000, 0x0000000748a00000| Untracked 
|  70|0x0000000748c00000, 0x0000000748c00000, 0x0000000748e00000|  0%| F|  |TAMS 0x0000000748c00000, 0x0000000748c00000| Untracked 
|  71|0x0000000748e00000, 0x0000000748e00000, 0x0000000749000000|  0%| F|  |TAMS 0x0000000748e00000, 0x0000000748e00000| Untracked 
|  72|0x0000000749000000, 0x0000000749000000, 0x0000000749200000|  0%| F|  |TAMS 0x0000000749000000, 0x0000000749000000| Untracked 
|  73|0x0000000749200000, 0x0000000749200000, 0x0000000749400000|  0%| F|  |TAMS 0x0000000749200000, 0x0000000749200000| Untracked 
|  74|0x0000000749400000, 0x0000000749400000, 0x0000000749600000|  0%| F|  |TAMS 0x0000000749400000, 0x0000000749400000| Untracked 
|  75|0x0000000749600000, 0x0000000749600000, 0x0000000749800000|  0%| F|  |TAMS 0x0000000749600000, 0x0000000749600000| Untracked 
|  76|0x0000000749800000, 0x0000000749800000, 0x0000000749a00000|  0%| F|  |TAMS 0x0000000749800000, 0x0000000749800000| Untracked 
|  77|0x0000000749a00000, 0x0000000749a00000, 0x0000000749c00000|  0%| F|  |TAMS 0x0000000749a00000, 0x0000000749a00000| Untracked 
|  78|0x0000000749c00000, 0x0000000749c00000, 0x0000000749e00000|  0%| F|  |TAMS 0x0000000749c00000, 0x0000000749c00000| Untracked 
|  79|0x0000000749e00000, 0x0000000749e00000, 0x000000074a000000|  0%| F|  |TAMS 0x0000000749e00000, 0x0000000749e00000| Untracked 
|  80|0x000000074a000000, 0x000000074a000000, 0x000000074a200000|  0%| F|  |TAMS 0x000000074a000000, 0x000000074a000000| Untracked 
|  81|0x000000074a200000, 0x000000074a200000, 0x000000074a400000|  0%| F|  |TAMS 0x000000074a200000, 0x000000074a200000| Untracked 
|  82|0x000000074a400000, 0x000000074a400000, 0x000000074a600000|  0%| F|  |TAMS 0x000000074a400000, 0x000000074a400000| Untracked 
|  83|0x000000074a600000, 0x000000074a600000, 0x000000074a800000|  0%| F|  |TAMS 0x000000074a600000, 0x000000074a600000| Untracked 
|  84|0x000000074a800000, 0x000000074a800000, 0x000000074aa00000|  0%| F|  |TAMS 0x000000074a800000, 0x000000074a800000| Untracked 
|  85|0x000000074aa00000, 0x000000074ac00000, 0x000000074ac00000|100%| S|CS|TAMS 0x000000074aa00000, 0x000000074aa00000| Complete 
|  86|0x000000074ac00000, 0x000000074ae00000, 0x000000074ae00000|100%| S|CS|TAMS 0x000000074ac00000, 0x000000074ac00000| Complete 
|  87|0x000000074ae00000, 0x000000074b000000, 0x000000074b000000|100%| S|CS|TAMS 0x000000074ae00000, 0x000000074ae00000| Complete 
|  88|0x000000074b000000, 0x000000074b200000, 0x000000074b200000|100%| S|CS|TAMS 0x000000074b000000, 0x000000074b000000| Complete 
|  89|0x000000074b200000, 0x000000074b200000, 0x000000074b400000|  0%| F|  |TAMS 0x000000074b200000, 0x000000074b200000| Untracked 
|  90|0x000000074b400000, 0x000000074b400000, 0x000000074b600000|  0%| F|  |TAMS 0x000000074b400000, 0x000000074b400000| Untracked 
|  91|0x000000074b600000, 0x000000074b600000, 0x000000074b800000|  0%| F|  |TAMS 0x000000074b600000, 0x000000074b600000| Untracked 
|  92|0x000000074b800000, 0x000000074b800000, 0x000000074ba00000|  0%| F|  |TAMS 0x000000074b800000, 0x000000074b800000| Untracked 
|  93|0x000000074ba00000, 0x000000074ba00000, 0x000000074bc00000|  0%| F|  |TAMS 0x000000074ba00000, 0x000000074ba00000| Untracked 
|  94|0x000000074bc00000, 0x000000074bc00000, 0x000000074be00000|  0%| F|  |TAMS 0x000000074bc00000, 0x000000074bc00000| Untracked 
|  95|0x000000074be00000, 0x000000074be00000, 0x000000074c000000|  0%| F|  |TAMS 0x000000074be00000, 0x000000074be00000| Untracked 
|  96|0x000000074c000000, 0x000000074c000000, 0x000000074c200000|  0%| F|  |TAMS 0x000000074c000000, 0x000000074c000000| Untracked 
|  97|0x000000074c200000, 0x000000074c200000, 0x000000074c400000|  0%| F|  |TAMS 0x000000074c200000, 0x000000074c200000| Untracked 
|  98|0x000000074c400000, 0x000000074c400000, 0x000000074c600000|  0%| F|  |TAMS 0x000000074c400000, 0x000000074c400000| Untracked 
|  99|0x000000074c600000, 0x000000074c600000, 0x000000074c800000|  0%| F|  |TAMS 0x000000074c600000, 0x000000074c600000| Untracked 
| 100|0x000000074c800000, 0x000000074c800000, 0x000000074ca00000|  0%| F|  |TAMS 0x000000074c800000, 0x000000074c800000| Untracked 
| 101|0x000000074ca00000, 0x000000074ca00000, 0x000000074cc00000|  0%| F|  |TAMS 0x000000074ca00000, 0x000000074ca00000| Untracked 
| 102|0x000000074cc00000, 0x000000074cc00000, 0x000000074ce00000|  0%| F|  |TAMS 0x000000074cc00000, 0x000000074cc00000| Untracked 
| 103|0x000000074ce00000, 0x000000074ce00000, 0x000000074d000000|  0%| F|  |TAMS 0x000000074ce00000, 0x000000074ce00000| Untracked 
| 104|0x000000074d000000, 0x000000074d000000, 0x000000074d200000|  0%| F|  |TAMS 0x000000074d000000, 0x000000074d000000| Untracked 
| 105|0x000000074d200000, 0x000000074d200000, 0x000000074d400000|  0%| F|  |TAMS 0x000000074d200000, 0x000000074d200000| Untracked 
| 106|0x000000074d400000, 0x000000074d400000, 0x000000074d600000|  0%| F|  |TAMS 0x000000074d400000, 0x000000074d400000| Untracked 
| 107|0x000000074d600000, 0x000000074d600000, 0x000000074d800000|  0%| F|  |TAMS 0x000000074d600000, 0x000000074d600000| Untracked 
| 108|0x000000074d800000, 0x000000074d800000, 0x000000074da00000|  0%| F|  |TAMS 0x000000074d800000, 0x000000074d800000| Untracked 
| 109|0x000000074da00000, 0x000000074da00000, 0x000000074dc00000|  0%| F|  |TAMS 0x000000074da00000, 0x000000074da00000| Untracked 
| 110|0x000000074dc00000, 0x000000074dc00000, 0x000000074de00000|  0%| F|  |TAMS 0x000000074dc00000, 0x000000074dc00000| Untracked 
| 111|0x000000074de00000, 0x000000074de00000, 0x000000074e000000|  0%| F|  |TAMS 0x000000074de00000, 0x000000074de00000| Untracked 
| 112|0x000000074e000000, 0x000000074e000000, 0x000000074e200000|  0%| F|  |TAMS 0x000000074e000000, 0x000000074e000000| Untracked 
| 113|0x000000074e200000, 0x000000074e200000, 0x000000074e400000|  0%| F|  |TAMS 0x000000074e200000, 0x000000074e200000| Untracked 
| 114|0x000000074e400000, 0x000000074e400000, 0x000000074e600000|  0%| F|  |TAMS 0x000000074e400000, 0x000000074e400000| Untracked 
| 115|0x000000074e600000, 0x000000074e600000, 0x000000074e800000|  0%| F|  |TAMS 0x000000074e600000, 0x000000074e600000| Untracked 
| 116|0x000000074e800000, 0x000000074e800000, 0x000000074ea00000|  0%| F|  |TAMS 0x000000074e800000, 0x000000074e800000| Untracked 
| 117|0x000000074ea00000, 0x000000074ea00000, 0x000000074ec00000|  0%| F|  |TAMS 0x000000074ea00000, 0x000000074ea00000| Untracked 

Card table byte_map: [0x0000028c92f40000,0x0000028c93540000] _byte_map_base: 0x0000028c8f540000

Marking Bits (Prev, Next): (CMBitMap*) 0x0000028cffa23230, (CMBitMap*) 0x0000028cffa23270
 Prev Bits: [0x0000028c93b40000, 0x0000028c96b40000)
 Next Bits: [0x0000028c96b40000, 0x0000028c99b40000)

Polling page: 0x0000028cff170000

Metaspace:

Usage:
  Non-class:     10.39 MB capacity,    10.27 MB ( 99%) used,   113.17 KB (  1%) free+waste,    10.31 KB ( <1%) overhead. 
      Class:      1.02 MB capacity,   996.11 KB ( 96%) used,    40.33 KB (  4%) free+waste,     3.56 KB ( <1%) overhead. 
       Both:     11.41 MB capacity,    11.25 MB ( 99%) used,   153.50 KB (  1%) free+waste,    13.88 KB ( <1%) overhead. 

Virtual space:
  Non-class space:       12.00 MB reserved,      10.50 MB ( 88%) committed 
      Class space:        1.00 GB reserved,       1.12 MB ( <1%) committed 
             Both:        1.01 GB reserved,      11.62 MB (  1%) committed 

Chunk freelists:
   Non-Class:  44.00 KB
       Class:  16.00 KB
        Both:  60.00 KB

MaxMetaspaceSize: 17179869184.00 GB
CompressedClassSpaceSize: 1.00 GB

CodeHeap 'non-profiled nmethods': size=120064Kb used=810Kb max_used=810Kb free=119254Kb
 bounds [0x0000028c8b400000, 0x0000028c8b670000, 0x0000028c92940000]
CodeHeap 'profiled nmethods': size=120000Kb used=2522Kb max_used=2522Kb free=117478Kb
 bounds [0x0000028c83ed0000, 0x0000028c84150000, 0x0000028c8b400000]
CodeHeap 'non-nmethods': size=5696Kb used=1179Kb max_used=1215Kb free=4516Kb
 bounds [0x0000028c83940000, 0x0000028c83bb0000, 0x0000028c83ed0000]
 total_blobs=1783 nmethods=1356 adapters=340
 compilation: enabled
              stopped_count=0, restarted_count=0
 full_count=0

Compilation events (20 events):
Event: 2.427 Thread 0x0000028c9c447440 nmethod 1362 0x0000028c8b4c9210 code [0x0000028c8b4c93a0, 0x0000028c8b4c9518]
Event: 2.430 Thread 0x0000028c9c447440 1363 %     3       java.util.concurrent.ConcurrentSkipListMap::doPut @ 204 (548 bytes)
Event: 2.434 Thread 0x0000028c9c447440 nmethod 1363% 0x0000028c8412da90 code [0x0000028c8412e220, 0x0000028c84133458]
Event: 2.435 Thread 0x0000028c9c447440 1364 %     3       java.util.concurrent.ConcurrentSkipListMap::doPut @ 87 (548 bytes)
Event: 2.438 Thread 0x0000028c9c447440 nmethod 1364% 0x0000028c84135090 code [0x0000028c84135820, 0x0000028c8413aa78]
Event: 2.438 Thread 0x0000028c9c3cd780 1365       4       java.util.concurrent.ConcurrentSkipListMap$Index::<init> (20 bytes)
Event: 2.438 Thread 0x0000028c9c447440 1366       3       java.util.concurrent.ConcurrentSkipListMap::doPut (548 bytes)
Event: 2.440 Thread 0x0000028c9c3cd780 nmethod 1365 0x0000028c8b4c9590 code [0x0000028c8b4c9700, 0x0000028c8b4c9a58]
Event: 2.441 Thread 0x0000028c9c3cd780 1368       4       java.lang.invoke.VarHandleGuards::guard_LLL_Z (80 bytes)
Event: 2.442 Thread 0x0000028c9c447440 nmethod 1366 0x0000028c8413c690 code [0x0000028c8413cde0, 0x0000028c84141ab8]
Event: 2.442 Thread 0x0000028c9c447440 1367       3       java.util.concurrent.atomic.Striped64$Cell::cas (10 bytes)
Event: 2.442 Thread 0x0000028c9c447440 nmethod 1367 0x0000028c84143690 code [0x0000028c841438a0, 0x0000028c84143f18]
Event: 2.442 Thread 0x0000028c9c3cd780 nmethod 1368 0x0000028c8b4c9b10 code [0x0000028c8b4c9ca0, 0x0000028c8b4c9e48]
Event: 2.442 Thread 0x0000028c9c3cd780 1369       4       java.lang.invoke.VarHandleReferences$FieldInstanceReadWrite::compareAndSet (48 bytes)
Event: 2.445 Thread 0x0000028c9c3cd780 nmethod 1369 0x0000028c8b4ca090 code [0x0000028c8b4ca220, 0x0000028c8b4ca5d8]
Event: 2.445 Thread 0x0000028c9c3cd780 1370       4       java.util.concurrent.ConcurrentSkipListMap::doPut (548 bytes)
Event: 2.446 Thread 0x0000028c9c447440 1371   !   3       java.nio.charset.CharsetDecoder::decode (287 bytes)
Event: 2.448 Thread 0x0000028c9c447440 nmethod 1371 0x0000028c84144190 code [0x0000028c841444c0, 0x0000028c84145a38]
Event: 2.448 Thread 0x0000028c9c447440 1372       3       sun.nio.cs.SingleByte$Decoder::decodeLoop (28 bytes)
Event: 2.448 Thread 0x0000028c9c447440 nmethod 1372 0x0000028c84146110 code [0x0000028c841462e0, 0x0000028c841466d8]

GC Heap History (17 events):
Event: 0.692 GC heap before
{Heap before GC invocations=0 (full 0):
 garbage-first heap   total 196608K, used 8192K [0x0000000740000000, 0x0000000800000000)
  region size 2048K, 4 young (8192K), 0 survivors (0K)
 Metaspace       used 9258K, capacity 9435K, committed 9600K, reserved 1058816K
  class space    used 812K, capacity 861K, committed 896K, reserved 1048576K
}
Event: 0.696 GC heap after
{Heap after GC invocations=1 (full 0):
 garbage-first heap   total 196608K, used 1509K [0x0000000740000000, 0x0000000800000000)
  region size 2048K, 1 young (2048K), 1 survivors (2048K)
 Metaspace       used 9258K, capacity 9435K, committed 9600K, reserved 1058816K
  class space    used 812K, capacity 861K, committed 896K, reserved 1048576K
}
Event: 0.891 GC heap before
{Heap before GC invocations=1 (full 0):
 garbage-first heap   total 196608K, used 7653K [0x0000000740000000, 0x0000000800000000)
  region size 2048K, 4 young (8192K), 1 survivors (2048K)
 Metaspace       used 10708K, capacity 10916K, committed 11008K, reserved 1058816K
  class space    used 938K, capacity 976K, committed 1024K, reserved 1048576K
}
Event: 0.897 GC heap after
{Heap after GC invocations=2 (full 0):
 garbage-first heap   total 196608K, used 3286K [0x0000000740000000, 0x0000000800000000)
  region size 2048K, 1 young (2048K), 1 survivors (2048K)
 Metaspace       used 10708K, capacity 10916K, committed 11008K, reserved 1058816K
  class space    used 938K, capacity 976K, committed 1024K, reserved 1048576K
}
Event: 1.040 GC heap before
{Heap before GC invocations=2 (full 0):
 garbage-first heap   total 196608K, used 13526K [0x0000000740000000, 0x0000000800000000)
  region size 2048K, 6 young (12288K), 1 survivors (2048K)
 Metaspace       used 10799K, capacity 10980K, committed 11264K, reserved 1058816K
  class space    used 939K, capacity 976K, committed 1024K, reserved 1048576K
}
Event: 1.048 GC heap after
{Heap after GC invocations=3 (full 0):
 garbage-first heap   total 196608K, used 6058K [0x0000000740000000, 0x0000000800000000)
  region size 2048K, 1 young (2048K), 1 survivors (2048K)
 Metaspace       used 10799K, capacity 10980K, committed 11264K, reserved 1058816K
  class space    used 939K, capacity 976K, committed 1024K, reserved 1048576K
}
Event: 1.178 GC heap before
{Heap before GC invocations=3 (full 0):
 garbage-first heap   total 196608K, used 18346K [0x0000000740000000, 0x0000000800000000)
  region size 2048K, 7 young (14336K), 1 survivors (2048K)
 Metaspace       used 10827K, capacity 11044K, committed 11264K, reserved 1058816K
  class space    used 939K, capacity 976K, committed 1024K, reserved 1048576K
}
Event: 1.190 GC heap after
{Heap after GC invocations=4 (full 0):
 garbage-first heap   total 196608K, used 10653K [0x0000000740000000, 0x0000000800000000)
  region size 2048K, 1 young (2048K), 1 survivors (2048K)
 Metaspace       used 10827K, capacity 11044K, committed 11264K, reserved 1058816K
  class space    used 939K, capacity 976K, committed 1024K, reserved 1048576K
}
Event: 1.314 GC heap before
{Heap before GC invocations=4 (full 0):
 garbage-first heap   total 196608K, used 41373K [0x0000000740000000, 0x0000000800000000)
  region size 2048K, 16 young (32768K), 1 survivors (2048K)
 Metaspace       used 10841K, capacity 11044K, committed 11264K, reserved 1058816K
  class space    used 939K, capacity 976K, committed 1024K, reserved 1048576K
}
Event: 1.330 GC heap after
{Heap after GC invocations=5 (full 0):
 garbage-first heap   total 241664K, used 18803K [0x0000000740000000, 0x0000000800000000)
  region size 2048K, 2 young (4096K), 2 survivors (4096K)
 Metaspace       used 10841K, capacity 11044K, committed 11264K, reserved 1058816K
  class space    used 939K, capacity 976K, committed 1024K, reserved 1048576K
}
Event: 1.603 GC heap before
{Heap before GC invocations=5 (full 0):
 garbage-first heap   total 241664K, used 51571K [0x0000000740000000, 0x0000000800000000)
  region size 2048K, 18 young (36864K), 2 survivors (4096K)
 Metaspace       used 10868K, capacity 11044K, committed 11264K, reserved 1058816K
  class space    used 940K, capacity 976K, committed 1024K, reserved 1048576K
}
Event: 1.630 GC heap after
{Heap after GC invocations=6 (full 0):
 garbage-first heap   total 241664K, used 28672K [0x0000000740000000, 0x0000000800000000)
  region size 2048K, 3 young (6144K), 3 survivors (6144K)
 Metaspace       used 10868K, capacity 11044K, committed 11264K, reserved 1058816K
  class space    used 940K, capacity 976K, committed 1024K, reserved 1048576K
}
Event: 1.863 GC heap before
{Heap before GC invocations=6 (full 0):
 garbage-first heap   total 241664K, used 67584K [0x0000000740000000, 0x0000000800000000)
  region size 2048K, 22 young (45056K), 3 survivors (6144K)
 Metaspace       used 10870K, capacity 11044K, committed 11264K, reserved 1058816K
  class space    used 940K, capacity 976K, committed 1024K, reserved 1048576K
}
Event: 1.886 GC heap after
{Heap after GC invocations=7 (full 0):
 garbage-first heap   total 241664K, used 39562K [0x0000000740000000, 0x0000000800000000)
  region size 2048K, 3 young (6144K), 3 survivors (6144K)
 Metaspace       used 10870K, capacity 11044K, committed 11264K, reserved 1058816K
  class space    used 940K, capacity 976K, committed 1024K, reserved 1048576K
}
Event: 2.157 GC heap before
{Heap before GC invocations=7 (full 0):
 garbage-first heap   total 241664K, used 80522K [0x0000000740000000, 0x0000000800000000)
  region size 2048K, 23 young (47104K), 3 survivors (6144K)
 Metaspace       used 10870K, capacity 11044K, committed 11264K, reserved 1058816K
  class space    used 940K, capacity 976K, committed 1024K, reserved 1048576K
}
Event: 2.180 GC heap after
{Heap after GC invocations=8 (full 0):
 garbage-first heap   total 241664K, used 51066K [0x0000000740000000, 0x0000000800000000)
  region size 2048K, 3 young (6144K), 3 survivors (6144K)
 Metaspace       used 10870K, capacity 11044K, committed 11264K, reserved 1058816K
  class space    used 940K, capacity 976K, committed 1024K, reserved 1048576K
}
Event: 2.461 GC heap before
{Heap before GC invocations=8 (full 0):
 garbage-first heap   total 241664K, used 104314K [0x0000000740000000, 0x0000000800000000)
  region size 2048K, 29 young (59392K), 3 survivors (6144K)
 Metaspace       used 11516K, capacity 11684K, committed 11904K, reserved 1060864K
  class space    used 996K, capacity 1040K, committed 1152K, reserved 1048576K
}

Deoptimization events (20 events):
Event: 2.307 Thread 0x0000028c9c3cbef0 DEOPT PACKING pc=0x0000028c8b4823b4 sp=0x000000c0f19fec90
Event: 2.307 Thread 0x0000028c9c3cbef0 DEOPT UNPACKING pc=0x0000028c8394852f sp=0x000000c0f19febe0 mode 2
Event: 2.310 Thread 0x0000028c9c3cbef0 Uncommon trap: trap_request=0xffffff45 fr.pc=0x0000028c8b4abd00 relative=0x0000000000000340
Event: 2.310 Thread 0x0000028c9c3cbef0 Uncommon trap: reason=unstable_if action=reinterpret pc=0x0000028c8b4abd00 method=java.lang.reflect.Constructor.newInstanceWithCaller([Ljava/lang/Object;ZLjava/lang/Class;)Ljava/lang/Object; @ 53 c2
Event: 2.310 Thread 0x0000028c9c3cbef0 DEOPT PACKING pc=0x0000028c8b4abd00 sp=0x000000c0f19febb0
Event: 2.310 Thread 0x0000028c9c3cbef0 DEOPT UNPACKING pc=0x0000028c8394852f sp=0x000000c0f19feba0 mode 2
Event: 2.317 Thread 0x0000028c9c3cbef0 Uncommon trap: trap_request=0xffffff45 fr.pc=0x0000028c8b418dbc relative=0x000000000000039c
Event: 2.317 Thread 0x0000028c9c3cbef0 Uncommon trap: reason=unstable_if action=reinterpret pc=0x0000028c8b418dbc method=java.lang.StringLatin1.indexOf([BI[BII)I @ 91 c2
Event: 2.317 Thread 0x0000028c9c3cbef0 DEOPT PACKING pc=0x0000028c8b418dbc sp=0x000000c0f19fe4d0
Event: 2.317 Thread 0x0000028c9c3cbef0 DEOPT UNPACKING pc=0x0000028c8394852f sp=0x000000c0f19fe430 mode 2
Event: 2.429 Thread 0x0000028c9c8f8ad0 Uncommon trap: trap_request=0xffffff45 fr.pc=0x0000028c8b4932b0 relative=0x0000000000001190
Event: 2.430 Thread 0x0000028c9c8f8ad0 Uncommon trap: reason=unstable_if action=reinterpret pc=0x0000028c8b4932b0 method=java.util.concurrent.ConcurrentSkipListMap.doPut(Ljava/lang/Object;Ljava/lang/Object;Z)Ljava/lang/Object; @ 125 c2
Event: 2.430 Thread 0x0000028c9c8f8ad0 DEOPT PACKING pc=0x0000028c8b4932b0 sp=0x000000c0f25fef10
Event: 2.430 Thread 0x0000028c9c8f8ad0 DEOPT UNPACKING pc=0x0000028c8394852f sp=0x000000c0f25feec8 mode 2
Event: 2.432 Thread 0x0000028c9c8f8ad0 Uncommon trap: trap_request=0xffffffec fr.pc=0x0000028c8b454924 relative=0x0000000000001004
Event: 2.432 Thread 0x0000028c9c8f8ad0 Uncommon trap: reason=null_assert_or_unreached0 action=make_not_entrant pc=0x0000028c8b454924 method=java.util.concurrent.atomic.LongAdder.add(J)V @ 4 c2
Event: 2.432 Thread 0x0000028c9c8f8ad0 DEOPT PACKING pc=0x0000028c8b454924 sp=0x000000c0f25fef10
Event: 2.432 Thread 0x0000028c9c8f8ad0 DEOPT UNPACKING pc=0x0000028c8394852f sp=0x000000c0f25feda0 mode 2
Event: 2.443 Thread 0x0000028c9cc40db0 DEOPT PACKING pc=0x0000028c84140fc5 sp=0x000000c0f24ff0e0
Event: 2.443 Thread 0x0000028c9cc40db0 DEOPT UNPACKING pc=0x0000028c8398f6cf sp=0x000000c0f24fe6d0 mode 0

Classes unloaded (0 events):
No events

Classes redefined (0 events):
No events

Internal exceptions (10 events):
Event: 0.479 Thread 0x0000028cff9e0d40 Exception <a 'java/lang/NoSuchMethodError'{0x000000074bd0b938}: 'int java.lang.invoke.DirectMethodHandle$Holder.invokeStatic(java.lang.Object, java.lang.Object, int)'> (0x000000074bd0b938) 
thrown [./open/src/hotspot/share/interpreter/linkResolver.cpp, line 782]
Event: 0.507 Thread 0x0000028cff9e0d40 Exception <a 'java/lang/NoSuchMethodError'{0x000000074bd736e8}: 'void java.lang.invoke.DirectMethodHandle$Holder.invokeStatic(java.lang.Object, java.lang.Object, java.lang.Object, java.lang.Object)'> (0x000000074bd736e8) 
thrown [./open/src/hotspot/share/interpreter/linkResolver.cpp, line 782]
Event: 0.530 Thread 0x0000028cff9e0d40 Exception <a 'java/lang/NoSuchMethodError'{0x000000074bdab750}: 'java.lang.Object java.lang.invoke.DirectMethodHandle$Holder.newInvokeSpecial(java.lang.Object, java.lang.Object, java.lang.Object, java.lang.Object, java.lang.Object)'> (0x000000074bdab750) 
thrown [./open/src/hotspot/share/interpreter/linkResolver.cpp, line 782]
Event: 0.543 Thread 0x0000028cff9e0d40 Exception <a 'java/lang/NoSuchMethodError'{0x000000074bdc7c40}: 'java.lang.Object java.lang.invoke.DirectMethodHandle$Holder.invokeInterface(java.lang.Object, java.lang.Object)'> (0x000000074bdc7c40) 
thrown [./open/src/hotspot/share/interpreter/linkResolver.cpp, line 782]
Event: 0.601 Thread 0x0000028cff9e0d40 Exception <a 'java/lang/NoClassDefFoundError'{0x000000074ba5c488}: org/apache/log4j/Priority> (0x000000074ba5c488) 
thrown [./open/src/hotspot/share/classfile/systemDictionary.cpp, line 284]
Event: 0.626 Thread 0x0000028cff9e0d40 Exception <a 'java/lang/NoSuchMethodError'{0x000000074ba8f718}: 'void java.lang.invoke.DirectMethodHandle$Holder.invokeSpecial(java.lang.Object, java.lang.Object, java.lang.Object)'> (0x000000074ba8f718) 
thrown [./open/src/hotspot/share/interpreter/linkResolver.cpp, line 782]
Event: 0.707 Thread 0x0000028cff9e0d40 Exception <a 'java/lang/NoSuchMethodError'{0x000000074bff7a50}: 'void java.lang.invoke.DirectMethodHandle$Holder.invokeStatic(java.lang.Object, java.lang.Object, java.lang.Object)'> (0x000000074bff7a50) 
thrown [./open/src/hotspot/share/interpreter/linkResolver.cpp, line 782]
Event: 0.738 Thread 0x0000028cff9e0d40 Exception <a 'java/lang/NoSuchMethodError'{0x000000074bc07f10}: 'java.lang.Object java.lang.invoke.Invokers$Holder.invokeExact_MT(java.lang.Object, java.lang.Object, java.lang.Object, java.lang.Object, java.lang.Object, java.lang.Object)'> (0x000000074bc07f10) 
thrown [./open/src/hotspot/share/interpreter/linkResolver.cpp, line 782]
Event: 0.817 Thread 0x0000028c9cc40db0 Exception <a 'java/lang/NoSuchMethodError'{0x000000074bdc26f0}: 'int java.lang.invoke.DirectMethodHandle$Holder.invokeSpecial(java.lang.Object, java.lang.Object, java.lang.Object)'> (0x000000074bdc26f0) 
thrown [./open/src/hotspot/share/interpreter/linkResolver.cpp, line 782]
Event: 2.310 Thread 0x0000028c9c3cbef0 Implicit null exception at 0x0000028c8b4abad1 to 0x0000028c8b4abcf4

Events (20 events):
Event: 2.318 loading class java/util/ResourceBundle$ResourceBundleProviderHelper
Event: 2.318 loading class java/util/ResourceBundle$ResourceBundleProviderHelper done
Event: 2.318 loading class sun/util/resources/Bundles$BundleReference
Event: 2.318 loading class sun/util/resources/Bundles$CacheKeyReference
Event: 2.318 loading class sun/util/resources/Bundles$CacheKeyReference done
Event: 2.318 loading class sun/util/resources/Bundles$BundleReference done
Event: 2.318 loading class sun/util/resources/cldr/TimeZoneNames_en
Event: 2.320 loading class sun/util/resources/cldr/TimeZoneNames_en done
Event: 2.320 loading class sun/util/resources/cldr/TimeZoneNames_en_US
Event: 2.320 loading class sun/util/resources/cldr/TimeZoneNames_en_US done
Event: 2.321 loading class java/util/LinkedHashMap$LinkedKeySet
Event: 2.321 loading class java/util/LinkedHashMap$LinkedKeySet done
Event: 2.321 loading class sun/util/locale/provider/LocaleResources$ResourceReference
Event: 2.321 loading class sun/util/locale/provider/LocaleResources$ResourceReference done
Event: 2.321 loading class sun/util/resources/TimeZoneNames
Event: 2.322 loading class sun/util/resources/TimeZoneNames done
Event: 2.322 loading class sun/util/resources/TimeZoneNames_en
Event: 2.322 loading class sun/util/resources/TimeZoneNames_en done
Event: 2.427 Loaded shared library C:\Users\AmolA3\Desktop\Pre Impact Training\eclipse\plugins\org.eclipse.justj.openjdk.hotspot.jre.full.win32.x86_64_15.0.2.v20210201-0955\jre\bin\java.dll
Event: 2.449 Executing VM operation: G1CollectForAllocation


Dynamic libraries:
0x00007ff70d720000 - 0x00007ff70d72d000 	C:\Users\AmolA3\Desktop\Pre Impact Training\eclipse\plugins\org.eclipse.justj.openjdk.hotspot.jre.full.win32.x86_64_15.0.2.v20210201-0955\jre\bin\javaw.exe
0x00007ffbcccb0000 - 0x00007ffbccea5000 	C:\Windows\SYSTEM32\ntdll.dll
0x00007ffbcbcb0000 - 0x00007ffbcbd6d000 	C:\Windows\System32\KERNEL32.DLL
0x00007ffbca870000 - 0x00007ffbcab3d000 	C:\Windows\System32\KERNELBASE.dll
0x00007ffbca520000 - 0x00007ffbca620000 	C:\Windows\System32\ucrtbase.dll
0x00007ffb9e740000 - 0x00007ffb9e758000 	C:\Users\AmolA3\Desktop\Pre Impact Training\eclipse\plugins\org.eclipse.justj.openjdk.hotspot.jre.full.win32.x86_64_15.0.2.v20210201-0955\jre\bin\jli.dll
0x00007ffbccaa0000 - 0x00007ffbccc40000 	C:\Windows\System32\USER32.dll
0x00007ffbca620000 - 0x00007ffbca642000 	C:\Windows\System32\win32u.dll
0x00007ffbcbd70000 - 0x00007ffbcbd9a000 	C:\Windows\System32\GDI32.dll
0x00007ffbca760000 - 0x00007ffbca86b000 	C:\Windows\System32\gdi32full.dll
0x00007ffbca6c0000 - 0x00007ffbca75d000 	C:\Windows\System32\msvcp_win.dll
0x00007ffb9e720000 - 0x00007ffb9e739000 	C:\Users\AmolA3\Desktop\Pre Impact Training\eclipse\plugins\org.eclipse.justj.openjdk.hotspot.jre.full.win32.x86_64_15.0.2.v20210201-0955\jre\bin\VCRUNTIME140.dll
0x00007ffbc8090000 - 0x00007ffbc832a000 	C:\Windows\WinSxS\amd64_microsoft.windows.common-controls_6595b64144ccf1df_6.0.19041.1110_none_60b5254171f9507e\COMCTL32.dll
0x00007ffbcbfd0000 - 0x00007ffbcc06e000 	C:\Windows\System32\msvcrt.dll
0x00007ffbcacd0000 - 0x00007ffbcad00000 	C:\Windows\System32\IMM32.DLL
0x00007ffbca1a0000 - 0x00007ffbca1d8000 	C:\Program Files\Citrix\System32\MfApHook64.dll
0x00007ffbca0d0000 - 0x00007ffbca0e2000 	C:\Program Files\Citrix\IcaService\FullScreenHook64.dll
0x00007ffbcadb0000 - 0x00007ffbcae5e000 	C:\Windows\System32\ADVAPI32.dll
0x00007ffbcbda0000 - 0x00007ffbcbe3c000 	C:\Windows\System32\sechost.dll
0x00007ffbcbe40000 - 0x00007ffbcbf65000 	C:\Windows\System32\RPCRT4.dll
0x00007ffb71350000 - 0x00007ffb713e1000 	C:\Users\AmolA3\Desktop\Pre Impact Training\eclipse\plugins\org.eclipse.justj.openjdk.hotspot.jre.full.win32.x86_64_15.0.2.v20210201-0955\jre\bin\MSVCP140.dll
0x00007ffbbcf00000 - 0x00007ffbbcf0c000 	C:\Users\AmolA3\Desktop\Pre Impact Training\eclipse\plugins\org.eclipse.justj.openjdk.hotspot.jre.full.win32.x86_64_15.0.2.v20210201-0955\jre\bin\VCRUNTIME140_1.dll
0x00007ffbc9bf0000 - 0x00007ffbc9c1a000 	C:\Program Files\Citrix\ICAService\ShellHook64.dll
0x00007ffbcbf70000 - 0x00007ffbcbfc5000 	C:\Windows\System32\SHLWAPI.dll
0x00007ffbc9ae0000 - 0x00007ffbc9bef000 	C:\Program Files\Citrix\IcaService\SCardHook64.dll
0x00007ffbc99f0000 - 0x00007ffbc9a10000 	C:\Program Files\Citrix\ICAService\cxinjime64.dll
0x00007ffbc99c0000 - 0x00007ffbc99e6000 	C:\Program Files\Citrix\ICAService\PicaWtsHook64.dll
0x00007ffb39a30000 - 0x00007ffb3a58e000 	C:\Users\AmolA3\Desktop\Pre Impact Training\eclipse\plugins\org.eclipse.justj.openjdk.hotspot.jre.full.win32.x86_64_15.0.2.v20210201-0955\jre\bin\server\jvm.dll
0x00007ffbcca90000 - 0x00007ffbcca98000 	C:\Windows\System32\PSAPI.DLL
0x00007ffbb7600000 - 0x00007ffbb7609000 	C:\Windows\SYSTEM32\WSOCK32.dll
0x00007ffbcc6a0000 - 0x00007ffbcc70b000 	C:\Windows\System32\WS2_32.dll
0x00007ffbc2a90000 - 0x00007ffbc2ab7000 	C:\Windows\SYSTEM32\WINMM.dll
0x00007ffbc9c40000 - 0x00007ffbc9c4a000 	C:\Windows\SYSTEM32\VERSION.dll
0x00007ffbc7750000 - 0x00007ffbc7762000 	C:\Windows\SYSTEM32\kernel.appcore.dll
0x00007ffbbf740000 - 0x00007ffbbf74a000 	C:\Users\AmolA3\Desktop\Pre Impact Training\eclipse\plugins\org.eclipse.justj.openjdk.hotspot.jre.full.win32.x86_64_15.0.2.v20210201-0955\jre\bin\jimage.dll
0x00007ffbc72c0000 - 0x00007ffbc74a4000 	C:\Windows\SYSTEM32\DBGHELP.DLL
0x00007ffbc32e0000 - 0x00007ffbc330c000 	C:\Windows\SYSTEM32\dbgcore.DLL
0x00007ffbcac40000 - 0x00007ffbcacc2000 	C:\Windows\System32\bcryptPrimitives.dll
0x00007ffb87ee0000 - 0x00007ffb87f05000 	C:\Users\AmolA3\Desktop\Pre Impact Training\eclipse\plugins\org.eclipse.justj.openjdk.hotspot.jre.full.win32.x86_64_15.0.2.v20210201-0955\jre\bin\java.dll
0x00007ffbbcf20000 - 0x00007ffbbcf38000 	C:\Users\AmolA3\Desktop\Pre Impact Training\eclipse\plugins\org.eclipse.justj.openjdk.hotspot.jre.full.win32.x86_64_15.0.2.v20210201-0955\jre\bin\zip.dll
0x00007ffbcaf90000 - 0x00007ffbcb6d4000 	C:\Windows\System32\SHELL32.dll
0x00007ffbc78f0000 - 0x00007ffbc8084000 	C:\Windows\SYSTEM32\windows.storage.dll
0x00007ffbcc710000 - 0x00007ffbcca64000 	C:\Windows\System32\combase.dll
0x00007ffbc9560000 - 0x00007ffbc958c000 	C:\Windows\SYSTEM32\Wldp.dll
0x00007ffbcad00000 - 0x00007ffbcadad000 	C:\Windows\System32\SHCORE.dll
0x00007ffbca2d0000 - 0x00007ffbca2ef000 	C:\Windows\SYSTEM32\profapi.dll
0x00007ffb9eeb0000 - 0x00007ffb9eec9000 	C:\Users\AmolA3\Desktop\Pre Impact Training\eclipse\plugins\org.eclipse.justj.openjdk.hotspot.jre.full.win32.x86_64_15.0.2.v20210201-0955\jre\bin\net.dll
0x00007ffbc8b80000 - 0x00007ffbc8c8a000 	C:\Windows\SYSTEM32\WINHTTP.dll
0x00007ffbc9270000 - 0x00007ffbc92da000 	C:\Windows\system32\mswsock.dll
0x00007ffb93220000 - 0x00007ffb93232000 	C:\Users\AmolA3\Desktop\Pre Impact Training\eclipse\plugins\org.eclipse.justj.openjdk.hotspot.jre.full.win32.x86_64_15.0.2.v20210201-0955\jre\bin\nio.dll
0x00007ffbbd740000 - 0x00007ffbbd750000 	C:\Users\AmolA3\Desktop\Pre Impact Training\eclipse\plugins\org.eclipse.justj.openjdk.hotspot.jre.full.win32.x86_64_15.0.2.v20210201-0955\jre\bin\verify.dll

dbghelp: loaded successfully - version: 4.0.5 - missing functions: none
symbol engine: initialized successfully - sym options: 0x614 - pdb path: .;C:\Users\AmolA3\Desktop\Pre Impact Training\eclipse\plugins\org.eclipse.justj.openjdk.hotspot.jre.full.win32.x86_64_15.0.2.v20210201-0955\jre\bin;C:\Windows\SYSTEM32;C:\Windows\WinSxS\amd64_microsoft.windows.common-controls_6595b64144ccf1df_6.0.19041.1110_none_60b5254171f9507e;C:\Program Files\Citrix\System32;C:\Program Files\Citrix\IcaService;C:\Users\AmolA3\Desktop\Pre Impact Training\eclipse\plugins\org.eclipse.justj.openjdk.hotspot.jre.full.win32.x86_64_15.0.2.v20210201-0955\jre\bin\server

VM Arguments:
jvm_args: -Dfile.encoding=Cp1252 -XX:+ShowCodeDetailsInExceptionMessages 
java_command: com.citiustech.main.Main
java_class_path (initial): C:\Users\AmolA3\Desktop\Pre Impact Training\Java 8\JavaAssignment2\target\classes;C:\Users\AmolA3\.m2\repository\com\opencsv\opencsv\5.6\opencsv-5.6.jar;C:\Users\AmolA3\.m2\repository\org\apache\commons\commons-lang3\3.12.0\commons-lang3-3.12.0.jar;C:\Users\AmolA3\.m2\repository\org\apache\commons\commons-text\1.9\commons-text-1.9.jar;C:\Users\AmolA3\.m2\repository\commons-beanutils\commons-beanutils\1.9.4\commons-beanutils-1.9.4.jar;C:\Users\AmolA3\.m2\repository\commons-logging\commons-logging\1.2\commons-logging-1.2.jar;C:\Users\AmolA3\.m2\repository\commons-collections\commons-collections\3.2.2\commons-collections-3.2.2.jar;C:\Users\AmolA3\.m2\repository\org\apache\commons\commons-collections4\4.4\commons-collections4-4.4.jar
Launcher Type: SUN_STANDARD

[Global flags]
     intx CICompilerCount                          = 2                                         {product} {ergonomic}
     uint ConcGCThreads                            = 1                                         {product} {ergonomic}
     uint G1ConcRefinementThreads                  = 2                                         {product} {ergonomic}
   size_t G1HeapRegionSize                         = 2097152                                   {product} {ergonomic}
    uintx GCDrainStackTargetSize                   = 64                                        {product} {ergonomic}
   size_t InitialHeapSize                          = 201326592                                 {product} {ergonomic}
   size_t MarkStackSize                            = 4194304                                   {product} {ergonomic}
   size_t MaxHeapSize                              = 3221225472                                {product} {ergonomic}
   size_t MaxNewSize                               = 1931476992                                {product} {ergonomic}
   size_t MinHeapDeltaBytes                        = 2097152                                   {product} {ergonomic}
   size_t MinHeapSize                              = 8388608                                   {product} {ergonomic}
    uintx NonNMethodCodeHeapSize                   = 5826188                                {pd product} {ergonomic}
    uintx NonProfiledCodeHeapSize                  = 122916026                              {pd product} {ergonomic}
    uintx ProfiledCodeHeapSize                     = 122916026                              {pd product} {ergonomic}
    uintx ReservedCodeCacheSize                    = 251658240                              {pd product} {ergonomic}
     bool SegmentedCodeCache                       = true                                      {product} {ergonomic}
     bool ShowCodeDetailsInExceptionMessages       = true                                   {manageable} {command line}
   size_t SoftMaxHeapSize                          = 3221225472                             {manageable} {ergonomic}
     bool UseCompressedClassPointers               = true                                 {lp64_product} {ergonomic}
     bool UseCompressedOops                        = true                                 {lp64_product} {ergonomic}
     bool UseG1GC                                  = true                                      {product} {ergonomic}
     bool UseLargePagesIndividualAllocation        = false                                  {pd product} {ergonomic}

Logging:
Log output configuration:
 #0: stdout all=warning uptime,level,tags
 #1: stderr all=off uptime,level,tags

Environment Variables:
JAVA_HOME=C:\Program Files\Java\jdk1.8.0_311
PATH=C:/Users/AmolA3/Desktop/Pre Impact Training/eclipse//plugins/org.eclipse.justj.openjdk.hotspot.jre.full.win32.x86_64_15.0.2.v20210201-0955/jre/bin/server;C:/Users/AmolA3/Desktop/Pre Impact Training/eclipse//plugins/org.eclipse.justj.openjdk.hotspot.jre.full.win32.x86_64_15.0.2.v20210201-0955/jre/bin;C:\Program Files (x86)\Common Files\Oracle\Java\javapath;C:\Windows\system32;C:\Windows;C:\Windows\System32\Wbem;C:\Windows\System32\WindowsPowerShell\v1.0\;C:\Windows\System32\OpenSSH\;C:\Program Files\Citrix\System32\;C:\Program Files\Citrix\ICAService\;C:\Program Files (x86)\CheckPoint\Endpoint Security\Endpoint Common\bin;C:\Program Files\nodejs\;C:\Program Files\Java\jdk1.8.0_311\bin;C:\Program Files (x86)\Microsoft SQL Server\150\DTS\Binn\;C:\Program Files\Azure Data Studio\bin;C:\Program Files (x86)\Microsoft SQL Server\150\Tools\Binn\;C:\Program Files\Microsoft SQL Server\150\Tools\Binn\;C:\Program Files\Microsoft SQL Server\150\DTS\Binn\;C:\Program Files\Microsoft SQL Server\Client SDK\ODBC\170\Tools\Binn\;C:\Program Files\Git\cmd;C:\Users\AmolA3\AppData\Local\Microsoft\WindowsApps;;C:\Users\AmolA3\AppData\Local\Programs\Microsoft VS Code\bin;C:\Users\AmolA3\AppData\Roaming\npm;C:\Users\AmolA3\Desktop\Pre Impact Training\eclipse;
USERNAME=AmolA3
OS=Windows_NT
PROCESSOR_IDENTIFIER=Intel64 Family 6 Model 85 Stepping 7, GenuineIntel



---------------  S Y S T E M  ---------------

OS:
 Windows 10 , 64 bit Build 19041 (10.0.19041.1706)
OS uptime: 13 days 15:51 hours
VMWare virtualization detected

CPU: total 2 (initial active 2) (2 cores per cpu, 1 threads per core) family 6 model 85 stepping 7 microcode 0x5003103, cmov, cx8, fxsr, mmx, sse, sse2, sse3, ssse3, sse4.1, sse4.2, popcnt, vzeroupper, avx, avx2, aes, clmul, erms, 3dnowpref, lzcnt, tsc, tscinvbit, bmi1, bmi2, adx, avx512f, avx512dq, avx512cd, avx512bw, avx512vl, fma, clflush, clflushopt, clwb

Memory: 4k page, system-wide physical 12287M (373M free)
TotalPageFile size 16383M (AvailPageFile size 41M)
current process WorkingSet (physical memory assigned to process): 188M, peak: 188M
current process commit charge ("private bytes"): 321M, peak: 557M

vm_info: OpenJDK 64-Bit Server VM (15.0.2+7-27) for windows-amd64 JRE (15.0.2+7-27), built on Dec  7 2020 20:02:38 by "mach5one" with unknown MS VC++:1925

END.
