#
# There is insufficient memory for the Java Runtime Environment to continue.
# Native memory allocation (mmap) failed to map 322961408 bytes for G1 virtual space
# Possible reasons:
#   The system is out of physical RAM or swap space
#   The process is running with CompressedOops enabled, and the Java Heap may be blocking the growth of the native heap
# Possible solutions:
#   Reduce memory load on the system
#   Increase physical memory or swap space
#   Check if swap backing store is full
#   Decrease Java heap size (-Xmx/-Xms)
#   Decrease number of Java threads
#   Decrease Java thread stack sizes (-Xss)
#   Set larger code cache with -XX:ReservedCodeCacheSize=
#   JVM is running with Zero Based Compressed Oops mode in which the Java heap is
#     placed in the first 32GB address space. The Java Heap base address is the
#     maximum limit for the native heap growth. Please use -XX:HeapBaseMinAddress
#     to set the Java Heap base and to place the Java Heap above 32GB virtual address.
# This output file may be truncated or incomplete.
#
#  Out of Memory Error (./open/src/hotspot/os/windows/os_windows.cpp:3321), pid=18848, tid=6176
#
# JRE version: OpenJDK Runtime Environment (15.0.2+7) (build 15.0.2+7-27)
# Java VM: OpenJDK 64-Bit Server VM (15.0.2+7-27, mixed mode, tiered, compressed oops, g1 gc, windows-amd64)
# No core dump will be written. Minidumps are not enabled by default on client versions of Windows
#

---------------  S U M M A R Y ------------

Command Line: -Dfile.encoding=Cp1252 -XX:+ShowCodeDetailsInExceptionMessages com.citiustech.main.Main

Host: Intel(R) Xeon(R) Gold 6258R CPU @ 2.70GHz, 2 cores, 11G,  Windows 10 , 64 bit Build 19041 (10.0.19041.1706)
Time: Sat Jun 11 12:23:07 2022 India Standard Time elapsed time: 1.937026 seconds (0d 0h 0m 1s)

---------------  T H R E A D  ---------------

Current thread (0x000001785fbdae50):  VMThread "VM Thread" [stack: 0x0000001024300000,0x0000001024400000] [id=6176]

Stack: [0x0000001024300000,0x0000001024400000]
[error occurred during error reporting (printing stack bounds), id 0xc0000005, EXCEPTION_ACCESS_VIOLATION (0xc0000005) at pc=0x00000178477e1267]

Native frames: (J=compiled Java code, j=interpreted, Vv=VM code, C=native code)
V  [jvm.dll+0x62ae9a]
V  [jvm.dll+0x7817a9]
V  [jvm.dll+0x782f03]
V  [jvm.dll+0x7834c5]
V  [jvm.dll+0x78347b]
V  [jvm.dll+0x62a2b9]
V  [jvm.dll+0x62aa88]
C  [ntdll.dll+0xa209f]
C  [ntdll.dll+0x51454]
C  [ntdll.dll+0xa0bce]
C  0x00000178477e1267

VM_Operation (0x00000010251fe9a0): G1CollectForAllocation, mode: safepoint, requested by thread 0x00000178609f8180


---------------  P R O C E S S  ---------------

Threads class SMR info:
_java_thread_list=0x000001786095fd70, length=15, elements={
0x0000017843e150b0, 0x0000017860406620, 0x000001786040f9e0, 0x0000017860468920,
0x000001786046a2f0, 0x000001786046ada0, 0x000001786046bb80, 0x00000178604e58f0,
0x00000178604f1e50, 0x00000178605e8b80, 0x00000178605fd1f0, 0x0000017860b0d020,
0x00000178609f8180, 0x0000017860a48000, 0x0000017860a484d0
}

Java Threads: ( => current thread )
  0x0000017843e150b0 JavaThread "main" [_thread_blocked, id=11832, stack(0x0000001023d00000,0x0000001023e00000)]
  0x0000017860406620 JavaThread "Reference Handler" daemon [_thread_blocked, id=3300, stack(0x0000001024400000,0x0000001024500000)]
  0x000001786040f9e0 JavaThread "Finalizer" daemon [_thread_blocked, id=15184, stack(0x0000001024500000,0x0000001024600000)]
  0x0000017860468920 JavaThread "Signal Dispatcher" daemon [_thread_blocked, id=16252, stack(0x0000001024600000,0x0000001024700000)]
  0x000001786046a2f0 JavaThread "Attach Listener" daemon [_thread_blocked, id=12856, stack(0x0000001024700000,0x0000001024800000)]
  0x000001786046ada0 JavaThread "Service Thread" daemon [_thread_blocked, id=16956, stack(0x0000001024800000,0x0000001024900000)]
  0x000001786046bb80 JavaThread "C2 CompilerThread0" daemon [_thread_blocked, id=13348, stack(0x0000001024900000,0x0000001024a00000)]
  0x00000178604e58f0 JavaThread "C1 CompilerThread0" daemon [_thread_blocked, id=8, stack(0x0000001024a00000,0x0000001024b00000)]
  0x00000178604f1e50 JavaThread "Sweeper thread" daemon [_thread_blocked, id=9900, stack(0x0000001024b00000,0x0000001024c00000)]
  0x00000178605e8b80 JavaThread "Notification Thread" daemon [_thread_blocked, id=508, stack(0x0000001024c00000,0x0000001024d00000)]
  0x00000178605fd1f0 JavaThread "Common-Cleaner" daemon [_thread_blocked, id=14672, stack(0x0000001024e00000,0x0000001024f00000)]
  0x0000017860b0d020 JavaThread "pool-1-thread-1" [_thread_blocked, id=16700, stack(0x0000001025000000,0x0000001025100000)]
  0x00000178609f8180 JavaThread "pool-1-thread-2" [_thread_blocked, id=11108, stack(0x0000001025100000,0x0000001025200000)]
  0x0000017860a48000 JavaThread "Thread-1" [_thread_blocked, id=15676, stack(0x0000001025200000,0x0000001025300000)]
  0x0000017860a484d0 JavaThread "Thread-0" [_thread_blocked, id=19108, stack(0x0000001025300000,0x0000001025400000)]

Other Threads:
=>0x000001785fbdae50 VMThread "VM Thread" [stack: 0x0000001024300000,0x0000001024400000] [id=6176]
  0x0000017860601b60 WatcherThread [stack: 0x0000001024d00000,0x0000001024e00000] [id=10176]
  0x0000017843e51ec0 GCTaskThread "GC Thread#0" [stack: 0x0000001023e00000,0x0000001023f00000] [id=11444]
  0x0000017860636840 GCTaskThread "GC Thread#1" [stack: 0x0000001024f00000,0x0000001025000000] [id=19232]
  0x0000017843e5f010 ConcurrentGCThread "G1 Main Marker" [stack: 0x0000001023f00000,0x0000001024000000] [id=9972]
  0x0000017843e5fc00 ConcurrentGCThread "G1 Conc#0" [stack: 0x0000001024000000,0x0000001024100000] [id=12616]
  0x0000017843e8c950 ConcurrentGCThread "G1 Refine#0" [stack: 0x0000001024100000,0x0000001024200000] [id=18400]
  0x0000017861499c30 ConcurrentGCThread "G1 Refine#1" [stack: 0x0000001025400000,0x0000001025500000] [id=12280]
  0x0000017843e8da10 ConcurrentGCThread "G1 Young RemSet Sampling" [stack: 0x0000001024200000,0x0000001024300000] [id=14696]

Threads with active compile tasks:
C2 CompilerThread0     2068 1266   !   4       java.util.concurrent.LinkedBlockingQueue::put (119 bytes)

VM state: at safepoint (normal execution)

VM Mutex/Monitor currently owned by a thread:  ([mutex/lock_event])
[0x0000017843e118c0] Threads_lock - owner thread: 0x000001785fbdae50
[0x0000017843e11a70] Heap_lock - owner thread: 0x00000178609f8180

Heap address: 0x0000000740000000, size: 3072 MB, Compressed Oops mode: Zero based, Oop shift amount: 3
CDS disabled.
Compressed class space mapped at: 0x0000000800000000-0x0000000840000000, size: 1073741824
Narrow klass base: 0x0000000800000000, Narrow klass shift: 0, Narrow klass range: 0x40000000

GC Precious Log:
 CPUs: 2 total, 2 available
 Memory: 12287M
 Large Page Support: Disabled
 NUMA Support: Disabled
 Compressed Oops: Enabled (Zero based)
 Heap Region Size: 2M
 Heap Min Capacity: 8M
 Heap Initial Capacity: 192M
 Heap Max Capacity: 3G
 Pre-touch: Disabled
 Parallel Workers: 2
 Concurrent Workers: 1
 Concurrent Refinement Workers: 2
 Periodic GC: Disabled

Heap:
 garbage-first heap   total 595968K, used 75776K [0x0000000740000000, 0x0000000800000000)
  region size 2048K, 3 young (6144K), 3 survivors (6144K)
 Metaspace       used 10851K, capacity 11038K, committed 11264K, reserved 1058816K
  class space    used 939K, capacity 975K, committed 1024K, reserved 1048576K

Heap Regions: E=young(eden), S=young(survivor), O=old, HS=humongous(starts), HC=humongous(continues), CS=collection set, F=free, OA=open archive, CA=closed archive, TAMS=top-at-mark-start (previous, next)
|   0|0x0000000740000000, 0x0000000740200000, 0x0000000740200000|100%| O|  |TAMS 0x0000000740000000, 0x0000000740000000| Untracked 
|   1|0x0000000740200000, 0x0000000740400000, 0x0000000740400000|100%| O|  |TAMS 0x0000000740200000, 0x0000000740200000| Untracked 
|   2|0x0000000740400000, 0x0000000740600000, 0x0000000740600000|100%| O|  |TAMS 0x0000000740400000, 0x0000000740400000| Untracked 
|   3|0x0000000740600000, 0x0000000740800000, 0x0000000740800000|100%| O|  |TAMS 0x0000000740600000, 0x0000000740600000| Untracked 
|   4|0x0000000740800000, 0x0000000740a00000, 0x0000000740a00000|100%| O|  |TAMS 0x0000000740800000, 0x0000000740800000| Untracked 
|   5|0x0000000740a00000, 0x0000000740c00000, 0x0000000740c00000|100%| O|  |TAMS 0x0000000740a00000, 0x0000000740a00000| Untracked 
|   6|0x0000000740c00000, 0x0000000740e00000, 0x0000000740e00000|100%| O|  |TAMS 0x0000000740c00000, 0x0000000740c00000| Untracked 
|   7|0x0000000740e00000, 0x0000000741000000, 0x0000000741000000|100%| O|  |TAMS 0x0000000740e00000, 0x0000000740e00000| Untracked 
|   8|0x0000000741000000, 0x0000000741200000, 0x0000000741200000|100%| O|  |TAMS 0x0000000741000000, 0x0000000741000000| Untracked 
|   9|0x0000000741200000, 0x0000000741400000, 0x0000000741400000|100%| O|  |TAMS 0x0000000741200000, 0x0000000741200000| Untracked 
|  10|0x0000000741400000, 0x0000000741600000, 0x0000000741600000|100%| O|  |TAMS 0x0000000741400000, 0x0000000741400000| Untracked 
|  11|0x0000000741600000, 0x0000000741800000, 0x0000000741800000|100%| O|  |TAMS 0x0000000741600000, 0x0000000741600000| Untracked 
|  12|0x0000000741800000, 0x0000000741a00000, 0x0000000741a00000|100%| O|  |TAMS 0x0000000741800000, 0x0000000741800000| Untracked 
|  13|0x0000000741a00000, 0x0000000741c00000, 0x0000000741c00000|100%| O|  |TAMS 0x0000000741a00000, 0x0000000741a00000| Untracked 
|  14|0x0000000741c00000, 0x0000000741e00000, 0x0000000741e00000|100%| O|  |TAMS 0x0000000741c00000, 0x0000000741c00000| Untracked 
|  15|0x0000000741e00000, 0x0000000742000000, 0x0000000742000000|100%| O|  |TAMS 0x0000000741e00000, 0x0000000741e00000| Untracked 
|  16|0x0000000742000000, 0x0000000742200000, 0x0000000742200000|100%| O|  |TAMS 0x0000000742000000, 0x0000000742000000| Untracked 
|  17|0x0000000742200000, 0x0000000742400000, 0x0000000742400000|100%| O|  |TAMS 0x0000000742200000, 0x0000000742200000| Untracked 
|  18|0x0000000742400000, 0x0000000742600000, 0x0000000742600000|100%| O|  |TAMS 0x0000000742400000, 0x0000000742400000| Untracked 
|  19|0x0000000742600000, 0x0000000742800000, 0x0000000742800000|100%| O|  |TAMS 0x0000000742600000, 0x0000000742600000| Untracked 
|  20|0x0000000742800000, 0x0000000742a00000, 0x0000000742a00000|100%| O|  |TAMS 0x0000000742800000, 0x0000000742800000| Untracked 
|  21|0x0000000742a00000, 0x0000000742c00000, 0x0000000742c00000|100%| O|  |TAMS 0x0000000742a00000, 0x0000000742a00000| Untracked 
|  22|0x0000000742c00000, 0x0000000742e00000, 0x0000000742e00000|100%| O|  |TAMS 0x0000000742c00000, 0x0000000742c00000| Untracked 
|  23|0x0000000742e00000, 0x0000000743000000, 0x0000000743000000|100%| O|  |TAMS 0x0000000742e00000, 0x0000000742e00000| Untracked 
|  24|0x0000000743000000, 0x0000000743200000, 0x0000000743200000|100%| O|  |TAMS 0x0000000743000000, 0x0000000743000000| Untracked 
|  25|0x0000000743200000, 0x0000000743400000, 0x0000000743400000|100%| O|  |TAMS 0x0000000743200000, 0x0000000743200000| Untracked 
|  26|0x0000000743400000, 0x0000000743600000, 0x0000000743600000|100%| O|  |TAMS 0x0000000743400000, 0x0000000743400000| Untracked 
|  27|0x0000000743600000, 0x0000000743800000, 0x0000000743800000|100%| O|  |TAMS 0x0000000743600000, 0x0000000743600000| Untracked 
|  28|0x0000000743800000, 0x0000000743a00000, 0x0000000743a00000|100%| O|  |TAMS 0x0000000743800000, 0x0000000743800000| Untracked 
|  29|0x0000000743a00000, 0x0000000743c00000, 0x0000000743c00000|100%| O|  |TAMS 0x0000000743a00000, 0x0000000743a00000| Untracked 
|  30|0x0000000743c00000, 0x0000000743e00000, 0x0000000743e00000|100%| O|  |TAMS 0x0000000743c00000, 0x0000000743c00000| Untracked 
|  31|0x0000000743e00000, 0x0000000744000000, 0x0000000744000000|100%| O|  |TAMS 0x0000000743e00000, 0x0000000743e00000| Untracked 
|  32|0x0000000744000000, 0x0000000744200000, 0x0000000744200000|100%| O|  |TAMS 0x0000000744000000, 0x0000000744000000| Untracked 
|  33|0x0000000744200000, 0x0000000744400000, 0x0000000744400000|100%| O|  |TAMS 0x0000000744200000, 0x0000000744200000| Untracked 
|  34|0x0000000744400000, 0x0000000744400000, 0x0000000744600000|  0%| F|  |TAMS 0x0000000744400000, 0x0000000744400000| Untracked 
|  35|0x0000000744600000, 0x0000000744600000, 0x0000000744800000|  0%| F|  |TAMS 0x0000000744600000, 0x0000000744600000| Untracked 
|  36|0x0000000744800000, 0x0000000744800000, 0x0000000744a00000|  0%| F|  |TAMS 0x0000000744800000, 0x0000000744800000| Untracked 
|  37|0x0000000744a00000, 0x0000000744a00000, 0x0000000744c00000|  0%| F|  |TAMS 0x0000000744a00000, 0x0000000744a00000| Untracked 
|  38|0x0000000744c00000, 0x0000000744c00000, 0x0000000744e00000|  0%| F|  |TAMS 0x0000000744c00000, 0x0000000744c00000| Untracked 
|  39|0x0000000744e00000, 0x0000000744e00000, 0x0000000745000000|  0%| F|  |TAMS 0x0000000744e00000, 0x0000000744e00000| Untracked 
|  40|0x0000000745000000, 0x0000000745000000, 0x0000000745200000|  0%| F|  |TAMS 0x0000000745000000, 0x0000000745000000| Untracked 
|  41|0x0000000745200000, 0x0000000745200000, 0x0000000745400000|  0%| F|  |TAMS 0x0000000745200000, 0x0000000745200000| Untracked 
|  42|0x0000000745400000, 0x0000000745400000, 0x0000000745600000|  0%| F|  |TAMS 0x0000000745400000, 0x0000000745400000| Untracked 
|  43|0x0000000745600000, 0x0000000745600000, 0x0000000745800000|  0%| F|  |TAMS 0x0000000745600000, 0x0000000745600000| Untracked 
|  44|0x0000000745800000, 0x0000000745800000, 0x0000000745a00000|  0%| F|  |TAMS 0x0000000745800000, 0x0000000745800000| Untracked 
|  45|0x0000000745a00000, 0x0000000745a00000, 0x0000000745c00000|  0%| F|  |TAMS 0x0000000745a00000, 0x0000000745a00000| Untracked 
|  46|0x0000000745c00000, 0x0000000745c00000, 0x0000000745e00000|  0%| F|  |TAMS 0x0000000745c00000, 0x0000000745c00000| Untracked 
|  47|0x0000000745e00000, 0x0000000745e00000, 0x0000000746000000|  0%| F|  |TAMS 0x0000000745e00000, 0x0000000745e00000| Untracked 
|  48|0x0000000746000000, 0x0000000746000000, 0x0000000746200000|  0%| F|  |TAMS 0x0000000746000000, 0x0000000746000000| Untracked 
|  49|0x0000000746200000, 0x0000000746200000, 0x0000000746400000|  0%| F|  |TAMS 0x0000000746200000, 0x0000000746200000| Untracked 
|  50|0x0000000746400000, 0x0000000746400000, 0x0000000746600000|  0%| F|  |TAMS 0x0000000746400000, 0x0000000746400000| Untracked 
|  51|0x0000000746600000, 0x0000000746600000, 0x0000000746800000|  0%| F|  |TAMS 0x0000000746600000, 0x0000000746600000| Untracked 
|  52|0x0000000746800000, 0x0000000746800000, 0x0000000746a00000|  0%| F|  |TAMS 0x0000000746800000, 0x0000000746800000| Untracked 
|  53|0x0000000746a00000, 0x0000000746a00000, 0x0000000746c00000|  0%| F|  |TAMS 0x0000000746a00000, 0x0000000746a00000| Untracked 
|  54|0x0000000746c00000, 0x0000000746c00000, 0x0000000746e00000|  0%| F|  |TAMS 0x0000000746c00000, 0x0000000746c00000| Untracked 
|  55|0x0000000746e00000, 0x0000000746e00000, 0x0000000747000000|  0%| F|  |TAMS 0x0000000746e00000, 0x0000000746e00000| Untracked 
|  56|0x0000000747000000, 0x0000000747000000, 0x0000000747200000|  0%| F|  |TAMS 0x0000000747000000, 0x0000000747000000| Untracked 
|  57|0x0000000747200000, 0x0000000747200000, 0x0000000747400000|  0%| F|  |TAMS 0x0000000747200000, 0x0000000747200000| Untracked 
|  58|0x0000000747400000, 0x0000000747400000, 0x0000000747600000|  0%| F|  |TAMS 0x0000000747400000, 0x0000000747400000| Untracked 
|  59|0x0000000747600000, 0x0000000747600000, 0x0000000747800000|  0%| F|  |TAMS 0x0000000747600000, 0x0000000747600000| Untracked 
|  60|0x0000000747800000, 0x0000000747800000, 0x0000000747a00000|  0%| F|  |TAMS 0x0000000747800000, 0x0000000747800000| Untracked 
|  61|0x0000000747a00000, 0x0000000747a00000, 0x0000000747c00000|  0%| F|  |TAMS 0x0000000747a00000, 0x0000000747a00000| Untracked 
|  62|0x0000000747c00000, 0x0000000747c00000, 0x0000000747e00000|  0%| F|  |TAMS 0x0000000747c00000, 0x0000000747c00000| Untracked 
|  63|0x0000000747e00000, 0x0000000747e00000, 0x0000000748000000|  0%| F|  |TAMS 0x0000000747e00000, 0x0000000747e00000| Untracked 
|  64|0x0000000748000000, 0x0000000748000000, 0x0000000748200000|  0%| F|  |TAMS 0x0000000748000000, 0x0000000748000000| Untracked 
|  65|0x0000000748200000, 0x0000000748200000, 0x0000000748400000|  0%| F|  |TAMS 0x0000000748200000, 0x0000000748200000| Untracked 
|  66|0x0000000748400000, 0x0000000748400000, 0x0000000748600000|  0%| F|  |TAMS 0x0000000748400000, 0x0000000748400000| Untracked 
|  67|0x0000000748600000, 0x0000000748600000, 0x0000000748800000|  0%| F|  |TAMS 0x0000000748600000, 0x0000000748600000| Untracked 
|  68|0x0000000748800000, 0x0000000748800000, 0x0000000748a00000|  0%| F|  |TAMS 0x0000000748800000, 0x0000000748800000| Untracked 
|  69|0x0000000748a00000, 0x0000000748a00000, 0x0000000748c00000|  0%| F|  |TAMS 0x0000000748a00000, 0x0000000748a00000| Untracked 
|  70|0x0000000748c00000, 0x0000000748c00000, 0x0000000748e00000|  0%| F|  |TAMS 0x0000000748c00000, 0x0000000748c00000| Untracked 
|  71|0x0000000748e00000, 0x0000000748e00000, 0x0000000749000000|  0%| F|  |TAMS 0x0000000748e00000, 0x0000000748e00000| Untracked 
|  72|0x0000000749000000, 0x0000000749000000, 0x0000000749200000|  0%| F|  |TAMS 0x0000000749000000, 0x0000000749000000| Untracked 
|  73|0x0000000749200000, 0x0000000749200000, 0x0000000749400000|  0%| F|  |TAMS 0x0000000749200000, 0x0000000749200000| Untracked 
|  74|0x0000000749400000, 0x0000000749400000, 0x0000000749600000|  0%| F|  |TAMS 0x0000000749400000, 0x0000000749400000| Untracked 
|  75|0x0000000749600000, 0x0000000749600000, 0x0000000749800000|  0%| F|  |TAMS 0x0000000749600000, 0x0000000749600000| Untracked 
|  76|0x0000000749800000, 0x0000000749800000, 0x0000000749a00000|  0%| F|  |TAMS 0x0000000749800000, 0x0000000749800000| Untracked 
|  77|0x0000000749a00000, 0x0000000749a00000, 0x0000000749c00000|  0%| F|  |TAMS 0x0000000749a00000, 0x0000000749a00000| Untracked 
|  78|0x0000000749c00000, 0x0000000749c00000, 0x0000000749e00000|  0%| F|  |TAMS 0x0000000749c00000, 0x0000000749c00000| Untracked 
|  79|0x0000000749e00000, 0x0000000749e00000, 0x000000074a000000|  0%| F|  |TAMS 0x0000000749e00000, 0x0000000749e00000| Untracked 
|  80|0x000000074a000000, 0x000000074a000000, 0x000000074a200000|  0%| F|  |TAMS 0x000000074a000000, 0x000000074a000000| Untracked 
|  81|0x000000074a200000, 0x000000074a200000, 0x000000074a400000|  0%| F|  |TAMS 0x000000074a200000, 0x000000074a200000| Untracked 
|  82|0x000000074a400000, 0x000000074a400000, 0x000000074a600000|  0%| F|  |TAMS 0x000000074a400000, 0x000000074a400000| Untracked 
|  83|0x000000074a600000, 0x000000074a600000, 0x000000074a800000|  0%| F|  |TAMS 0x000000074a600000, 0x000000074a600000| Untracked 
|  84|0x000000074a800000, 0x000000074a800000, 0x000000074aa00000|  0%| F|  |TAMS 0x000000074a800000, 0x000000074a800000| Untracked 
|  85|0x000000074aa00000, 0x000000074aa00000, 0x000000074ac00000|  0%| F|  |TAMS 0x000000074aa00000, 0x000000074aa00000| Untracked 
|  86|0x000000074ac00000, 0x000000074ac00000, 0x000000074ae00000|  0%| F|  |TAMS 0x000000074ac00000, 0x000000074ac00000| Untracked 
|  87|0x000000074ae00000, 0x000000074ae00000, 0x000000074b000000|  0%| F|  |TAMS 0x000000074ae00000, 0x000000074ae00000| Untracked 
|  88|0x000000074b000000, 0x000000074b000000, 0x000000074b200000|  0%| F|  |TAMS 0x000000074b000000, 0x000000074b000000| Untracked 
|  89|0x000000074b200000, 0x000000074b200000, 0x000000074b400000|  0%| F|  |TAMS 0x000000074b200000, 0x000000074b200000| Untracked 
|  90|0x000000074b400000, 0x000000074b400000, 0x000000074b600000|  0%| F|  |TAMS 0x000000074b400000, 0x000000074b400000| Untracked 
|  91|0x000000074b600000, 0x000000074b600000, 0x000000074b800000|  0%| F|  |TAMS 0x000000074b600000, 0x000000074b600000| Untracked 
|  92|0x000000074b800000, 0x000000074b800000, 0x000000074ba00000|  0%| F|  |TAMS 0x000000074b800000, 0x000000074b800000| Untracked 
|  93|0x000000074ba00000, 0x000000074ba00000, 0x000000074bc00000|  0%| F|  |TAMS 0x000000074ba00000, 0x000000074ba00000| Untracked 
|  94|0x000000074bc00000, 0x000000074bc00000, 0x000000074be00000|  0%| F|  |TAMS 0x000000074bc00000, 0x000000074bc00000| Untracked 
|  95|0x000000074be00000, 0x000000074be00000, 0x000000074c000000|  0%| F|  |TAMS 0x000000074be00000, 0x000000074be00000| Untracked 
|  96|0x000000074c000000, 0x000000074c000000, 0x000000074c200000|  0%| F|  |TAMS 0x000000074c000000, 0x000000074c000000| Untracked 
|  97|0x000000074c200000, 0x000000074c200000, 0x000000074c400000|  0%| F|  |TAMS 0x000000074c200000, 0x000000074c200000| Untracked 
|  98|0x000000074c400000, 0x000000074c400000, 0x000000074c600000|  0%| F|  |TAMS 0x000000074c400000, 0x000000074c400000| Untracked 
|  99|0x000000074c600000, 0x000000074c600000, 0x000000074c800000|  0%| F|  |TAMS 0x000000074c600000, 0x000000074c600000| Untracked 
| 100|0x000000074c800000, 0x000000074c800000, 0x000000074ca00000|  0%| F|  |TAMS 0x000000074c800000, 0x000000074c800000| Untracked 
| 101|0x000000074ca00000, 0x000000074ca00000, 0x000000074cc00000|  0%| F|  |TAMS 0x000000074ca00000, 0x000000074ca00000| Untracked 
| 102|0x000000074cc00000, 0x000000074cc00000, 0x000000074ce00000|  0%| F|  |TAMS 0x000000074cc00000, 0x000000074cc00000| Untracked 
| 103|0x000000074ce00000, 0x000000074ce00000, 0x000000074d000000|  0%| F|  |TAMS 0x000000074ce00000, 0x000000074ce00000| Untracked 
| 104|0x000000074d000000, 0x000000074d000000, 0x000000074d200000|  0%| F|  |TAMS 0x000000074d000000, 0x000000074d000000| Untracked 
| 105|0x000000074d200000, 0x000000074d200000, 0x000000074d400000|  0%| F|  |TAMS 0x000000074d200000, 0x000000074d200000| Untracked 
| 106|0x000000074d400000, 0x000000074d400000, 0x000000074d600000|  0%| F|  |TAMS 0x000000074d400000, 0x000000074d400000| Untracked 
| 107|0x000000074d600000, 0x000000074d600000, 0x000000074d800000|  0%| F|  |TAMS 0x000000074d600000, 0x000000074d600000| Untracked 
| 108|0x000000074d800000, 0x000000074d800000, 0x000000074da00000|  0%| F|  |TAMS 0x000000074d800000, 0x000000074d800000| Untracked 
| 109|0x000000074da00000, 0x000000074da00000, 0x000000074dc00000|  0%| F|  |TAMS 0x000000074da00000, 0x000000074da00000| Untracked 
| 110|0x000000074dc00000, 0x000000074de00000, 0x000000074de00000|100%| S|CS|TAMS 0x000000074dc00000, 0x000000074dc00000| Complete 
| 111|0x000000074de00000, 0x000000074e000000, 0x000000074e000000|100%| S|CS|TAMS 0x000000074de00000, 0x000000074de00000| Complete 
| 112|0x000000074e000000, 0x000000074e200000, 0x000000074e200000|100%| S|CS|TAMS 0x000000074e000000, 0x000000074e000000| Complete 
| 113|0x000000074e200000, 0x000000074e200000, 0x000000074e400000|  0%| F|  |TAMS 0x000000074e200000, 0x000000074e200000| Untracked 
| 114|0x000000074e400000, 0x000000074e400000, 0x000000074e600000|  0%| F|  |TAMS 0x000000074e400000, 0x000000074e400000| Untracked 
| 115|0x000000074e600000, 0x000000074e600000, 0x000000074e800000|  0%| F|  |TAMS 0x000000074e600000, 0x000000074e600000| Untracked 
| 116|0x000000074e800000, 0x000000074e800000, 0x000000074ea00000|  0%| F|  |TAMS 0x000000074e800000, 0x000000074e800000| Untracked 
| 117|0x000000074ea00000, 0x000000074ea00000, 0x000000074ec00000|  0%| F|  |TAMS 0x000000074ea00000, 0x000000074ea00000| Untracked 
| 118|0x000000074ec00000, 0x000000074ec00000, 0x000000074ee00000|  0%| F|  |TAMS 0x000000074ec00000, 0x000000074ec00000| Untracked 
| 119|0x000000074ee00000, 0x000000074ee00000, 0x000000074f000000|  0%| F|  |TAMS 0x000000074ee00000, 0x000000074ee00000| Untracked 
| 120|0x000000074f000000, 0x000000074f000000, 0x000000074f200000|  0%| F|  |TAMS 0x000000074f000000, 0x000000074f000000| Untracked 
| 121|0x000000074f200000, 0x000000074f200000, 0x000000074f400000|  0%| F|  |TAMS 0x000000074f200000, 0x000000074f200000| Untracked 
| 122|0x000000074f400000, 0x000000074f400000, 0x000000074f600000|  0%| F|  |TAMS 0x000000074f400000, 0x000000074f400000| Untracked 
| 123|0x000000074f600000, 0x000000074f600000, 0x000000074f800000|  0%| F|  |TAMS 0x000000074f600000, 0x000000074f600000| Untracked 
| 124|0x000000074f800000, 0x000000074f800000, 0x000000074fa00000|  0%| F|  |TAMS 0x000000074f800000, 0x000000074f800000| Untracked 
| 125|0x000000074fa00000, 0x000000074fa00000, 0x000000074fc00000|  0%| F|  |TAMS 0x000000074fa00000, 0x000000074fa00000| Untracked 
| 126|0x000000074fc00000, 0x000000074fc00000, 0x000000074fe00000|  0%| F|  |TAMS 0x000000074fc00000, 0x000000074fc00000| Untracked 
| 127|0x000000074fe00000, 0x000000074fe00000, 0x0000000750000000|  0%| F|  |TAMS 0x000000074fe00000, 0x000000074fe00000| Untracked 
| 128|0x0000000750000000, 0x0000000750000000, 0x0000000750200000|  0%| F|  |TAMS 0x0000000750000000, 0x0000000750000000| Untracked 
| 129|0x0000000750200000, 0x0000000750200000, 0x0000000750400000|  0%| F|  |TAMS 0x0000000750200000, 0x0000000750200000| Untracked 
| 130|0x0000000750400000, 0x0000000750400000, 0x0000000750600000|  0%| F|  |TAMS 0x0000000750400000, 0x0000000750400000| Untracked 
| 131|0x0000000750600000, 0x0000000750600000, 0x0000000750800000|  0%| F|  |TAMS 0x0000000750600000, 0x0000000750600000| Untracked 
| 132|0x0000000750800000, 0x0000000750800000, 0x0000000750a00000|  0%| F|  |TAMS 0x0000000750800000, 0x0000000750800000| Untracked 
| 133|0x0000000750a00000, 0x0000000750a00000, 0x0000000750c00000|  0%| F|  |TAMS 0x0000000750a00000, 0x0000000750a00000| Untracked 
| 134|0x0000000750c00000, 0x0000000750c00000, 0x0000000750e00000|  0%| F|  |TAMS 0x0000000750c00000, 0x0000000750c00000| Untracked 
| 135|0x0000000750e00000, 0x0000000750e00000, 0x0000000751000000|  0%| F|  |TAMS 0x0000000750e00000, 0x0000000750e00000| Untracked 
| 136|0x0000000751000000, 0x0000000751000000, 0x0000000751200000|  0%| F|  |TAMS 0x0000000751000000, 0x0000000751000000| Untracked 

Card table byte_map: [0x0000017856de0000,0x00000178573e0000] _byte_map_base: 0x00000178533e0000

Marking Bits (Prev, Next): (CMBitMap*) 0x0000017843e526b0, (CMBitMap*) 0x0000017843e526f0
 Prev Bits: [0x00000178579e0000, 0x000001785a9e0000)
 Next Bits: [0x000001785a9e0000, 0x000001785d9e0000)

Polling page: 0x00000178435a0000

Metaspace:

Usage:
  Non-class:      9.83 MB capacity,     9.68 MB ( 99%) used,   140.56 KB (  1%) free+waste,     9.62 KB ( <1%) overhead. 
      Class:    975.00 KB capacity,   939.04 KB ( 96%) used,    32.59 KB (  3%) free+waste,     3.38 KB ( <1%) overhead. 
       Both:     10.78 MB capacity,    10.60 MB ( 98%) used,   173.15 KB (  2%) free+waste,    13.00 KB ( <1%) overhead. 

Virtual space:
  Non-class space:       10.00 MB reserved,      10.00 MB (100%) committed 
      Class space:        1.00 GB reserved,       1.00 MB ( <1%) committed 
             Both:        1.01 GB reserved,      11.00 MB (  1%) committed 

Chunk freelists:
   Non-Class:  49.00 KB
       Class:  0 bytes
        Both:  49.00 KB

MaxMetaspaceSize: 17179869184.00 GB
CompressedClassSpaceSize: 1.00 GB

CodeHeap 'non-profiled nmethods': size=120064Kb used=653Kb max_used=653Kb free=119410Kb
 bounds [0x000001784f2a0000, 0x000001784f510000, 0x00000178567e0000]
CodeHeap 'profiled nmethods': size=120000Kb used=2248Kb max_used=2248Kb free=117751Kb
 bounds [0x0000017847d70000, 0x0000017847fe0000, 0x000001784f2a0000]
CodeHeap 'non-nmethods': size=5696Kb used=1175Kb max_used=1214Kb free=4520Kb
 bounds [0x00000178477e0000, 0x0000017847a50000, 0x0000017847d70000]
 total_blobs=1673 nmethods=1251 adapters=335
 compilation: enabled
              stopped_count=0, restarted_count=0
 full_count=0

Compilation events (20 events):
Event: 1.842 Thread 0x000001786046bb80 nmethod 1252 0x000001784f33ff90 code [0x000001784f340120, 0x000001784f340338]
Event: 1.842 Thread 0x000001786046bb80 1253   !   4       jdk.internal.reflect.GeneratedMethodAccessor3::invoke (66 bytes)
Event: 1.843 Thread 0x000001786046bb80 nmethod 1253 0x000001784f340510 code [0x000001784f3406a0, 0x000001784f3408b8]
Event: 1.843 Thread 0x000001786046bb80 1254   !   4       jdk.internal.reflect.GeneratedMethodAccessor4::invoke (66 bytes)
Event: 1.844 Thread 0x000001786046bb80 nmethod 1254 0x000001784f340a90 code [0x000001784f340c20, 0x000001784f340e38]
Event: 1.844 Thread 0x000001786046bb80 1257   !   4       jdk.internal.reflect.GeneratedMethodAccessor8::invoke (66 bytes)
Event: 1.845 Thread 0x000001786046bb80 nmethod 1257 0x000001784f341010 code [0x000001784f3411a0, 0x000001784f3413b8]
Event: 1.845 Thread 0x000001786046bb80 1258   !   4       jdk.internal.reflect.GeneratedMethodAccessor9::invoke (66 bytes)
Event: 1.847 Thread 0x000001786046bb80 nmethod 1258 0x000001784f341590 code [0x000001784f341720, 0x000001784f341938]
Event: 1.847 Thread 0x000001786046bb80 1259   !   4       jdk.internal.reflect.GeneratedMethodAccessor13::invoke (66 bytes)
Event: 1.848 Thread 0x000001786046bb80 nmethod 1259 0x000001784f341b10 code [0x000001784f341ca0, 0x000001784f341eb8]
Event: 1.848 Thread 0x000001786046bb80 1265   !   4       jdk.internal.reflect.GeneratedMethodAccessor6::invoke (66 bytes)
Event: 1.849 Thread 0x000001786046bb80 nmethod 1265 0x000001784f342090 code [0x000001784f342220, 0x000001784f342438]
Event: 1.849 Thread 0x000001786046bb80 1264   !   4       jdk.internal.reflect.GeneratedMethodAccessor10::invoke (66 bytes)
Event: 1.850 Thread 0x000001786046bb80 nmethod 1264 0x000001784f342610 code [0x000001784f3427a0, 0x000001784f3429b8]
Event: 1.850 Thread 0x000001786046bb80 1262       4       java.util.stream.Collectors$$Lambda$44/0x00000008000cecc8::accept (11 bytes)
Event: 1.852 Thread 0x00000178604e58f0 1267   !   3       com.opencsv.bean.concurrent.ProcessCsvLine::run (211 bytes)
Event: 1.853 Thread 0x00000178604e58f0 nmethod 1267 0x0000017847fa0190 code [0x0000017847fa04c0, 0x0000017847fa1858]
Event: 1.854 Thread 0x000001786046bb80 nmethod 1262 0x000001784f342b90 code [0x000001784f342d40, 0x000001784f343328]
Event: 1.854 Thread 0x000001786046bb80 1266   !   4       java.util.concurrent.LinkedBlockingQueue::put (119 bytes)

GC Heap History (17 events):
Event: 0.620 GC heap before
{Heap before GC invocations=0 (full 0):
 garbage-first heap   total 196608K, used 8192K [0x0000000740000000, 0x0000000800000000)
  region size 2048K, 4 young (8192K), 0 survivors (0K)
 Metaspace       used 9253K, capacity 9435K, committed 9600K, reserved 1058816K
  class space    used 812K, capacity 861K, committed 896K, reserved 1048576K
}
Event: 0.632 GC heap after
{Heap after GC invocations=1 (full 0):
 garbage-first heap   total 196608K, used 1498K [0x0000000740000000, 0x0000000800000000)
  region size 2048K, 1 young (2048K), 1 survivors (2048K)
 Metaspace       used 9253K, capacity 9435K, committed 9600K, reserved 1058816K
  class space    used 812K, capacity 861K, committed 896K, reserved 1048576K
}
Event: 0.897 GC heap before
{Heap before GC invocations=1 (full 0):
 garbage-first heap   total 196608K, used 7642K [0x0000000740000000, 0x0000000800000000)
  region size 2048K, 4 young (8192K), 1 survivors (2048K)
 Metaspace       used 10743K, capacity 10910K, committed 11008K, reserved 1058816K
  class space    used 937K, capacity 975K, committed 1024K, reserved 1048576K
}
Event: 0.903 GC heap after
{Heap after GC invocations=2 (full 0):
 garbage-first heap   total 196608K, used 3081K [0x0000000740000000, 0x0000000800000000)
  region size 2048K, 1 young (2048K), 1 survivors (2048K)
 Metaspace       used 10743K, capacity 10910K, committed 11008K, reserved 1058816K
  class space    used 937K, capacity 975K, committed 1024K, reserved 1048576K
}
Event: 1.103 GC heap before
{Heap before GC invocations=2 (full 0):
 garbage-first heap   total 196608K, used 15369K [0x0000000740000000, 0x0000000800000000)
  region size 2048K, 7 young (14336K), 1 survivors (2048K)
 Metaspace       used 10825K, capacity 11038K, committed 11264K, reserved 1058816K
  class space    used 938K, capacity 975K, committed 1024K, reserved 1048576K
}
Event: 1.112 GC heap after
{Heap after GC invocations=3 (full 0):
 garbage-first heap   total 196608K, used 5656K [0x0000000740000000, 0x0000000800000000)
  region size 2048K, 1 young (2048K), 1 survivors (2048K)
 Metaspace       used 10825K, capacity 11038K, committed 11264K, reserved 1058816K
  class space    used 938K, capacity 975K, committed 1024K, reserved 1048576K
}
Event: 1.227 GC heap before
{Heap before GC invocations=3 (full 0):
 garbage-first heap   total 196608K, used 28184K [0x0000000740000000, 0x0000000800000000)
  region size 2048K, 12 young (24576K), 1 survivors (2048K)
 Metaspace       used 10836K, capacity 11038K, committed 11264K, reserved 1058816K
  class space    used 938K, capacity 975K, committed 1024K, reserved 1048576K
}
Event: 1.247 GC heap after
{Heap after GC invocations=4 (full 0):
 garbage-first heap   total 196608K, used 13704K [0x0000000740000000, 0x0000000800000000)
  region size 2048K, 2 young (4096K), 2 survivors (4096K)
 Metaspace       used 10836K, capacity 11038K, committed 11264K, reserved 1058816K
  class space    used 938K, capacity 975K, committed 1024K, reserved 1048576K
}
Event: 1.319 GC heap before
{Heap before GC invocations=4 (full 0):
 garbage-first heap   total 196608K, used 34184K [0x0000000740000000, 0x0000000800000000)
  region size 2048K, 12 young (24576K), 2 survivors (4096K)
 Metaspace       used 10849K, capacity 11038K, committed 11264K, reserved 1058816K
  class space    used 938K, capacity 975K, committed 1024K, reserved 1048576K
}
Event: 1.341 GC heap after
{Heap after GC invocations=5 (full 0):
 garbage-first heap   total 280576K, used 22388K [0x0000000740000000, 0x0000000800000000)
  region size 2048K, 2 young (4096K), 2 survivors (4096K)
 Metaspace       used 10849K, capacity 11038K, committed 11264K, reserved 1058816K
  class space    used 938K, capacity 975K, committed 1024K, reserved 1048576K
}
Event: 1.461 GC heap before
{Heap before GC invocations=5 (full 0):
 garbage-first heap   total 280576K, used 44916K [0x0000000740000000, 0x0000000800000000)
  region size 2048K, 13 young (26624K), 2 survivors (4096K)
 Metaspace       used 10850K, capacity 11038K, committed 11264K, reserved 1058816K
  class space    used 938K, capacity 975K, committed 1024K, reserved 1048576K
}
Event: 1.482 GC heap after
{Heap after GC invocations=6 (full 0):
 garbage-first heap   total 280576K, used 28672K [0x0000000740000000, 0x0000000800000000)
  region size 2048K, 2 young (4096K), 2 survivors (4096K)
 Metaspace       used 10850K, capacity 11038K, committed 11264K, reserved 1058816K
  class space    used 938K, capacity 975K, committed 1024K, reserved 1048576K
}
Event: 1.588 GC heap before
{Heap before GC invocations=6 (full 0):
 garbage-first heap   total 280576K, used 59392K [0x0000000740000000, 0x0000000800000000)
  region size 2048K, 17 young (34816K), 2 survivors (4096K)
 Metaspace       used 10850K, capacity 11038K, committed 11264K, reserved 1058816K
  class space    used 938K, capacity 975K, committed 1024K, reserved 1048576K
}
Event: 1.621 GC heap after
{Heap after GC invocations=7 (full 0):
 garbage-first heap   total 280576K, used 41606K [0x0000000740000000, 0x0000000800000000)
  region size 2048K, 3 young (6144K), 3 survivors (6144K)
 Metaspace       used 10850K, capacity 11038K, committed 11264K, reserved 1058816K
  class space    used 938K, capacity 975K, committed 1024K, reserved 1048576K
}
Event: 1.714 GC heap before
{Heap before GC invocations=7 (full 0):
 garbage-first heap   total 280576K, used 76422K [0x0000000740000000, 0x0000000800000000)
  region size 2048K, 20 young (40960K), 3 survivors (6144K)
 Metaspace       used 10851K, capacity 11038K, committed 11264K, reserved 1058816K
  class space    used 939K, capacity 975K, committed 1024K, reserved 1048576K
}
Event: 1.759 GC heap after
{Heap after GC invocations=8 (full 0):
 garbage-first heap   total 280576K, used 57186K [0x0000000740000000, 0x0000000800000000)
  region size 2048K, 3 young (6144K), 3 survivors (6144K)
 Metaspace       used 10851K, capacity 11038K, committed 11264K, reserved 1058816K
  class space    used 939K, capacity 975K, committed 1024K, reserved 1048576K
}
Event: 1.870 GC heap before
{Heap before GC invocations=8 (full 0):
 garbage-first heap   total 280576K, used 100194K [0x0000000740000000, 0x0000000800000000)
  region size 2048K, 24 young (49152K), 3 survivors (6144K)
 Metaspace       used 10851K, capacity 11038K, committed 11264K, reserved 1058816K
  class space    used 939K, capacity 975K, committed 1024K, reserved 1048576K
}

Deoptimization events (20 events):
Event: 1.690 Thread 0x0000017860a48000 DEOPT PACKING pc=0x0000017847efed23 sp=0x00000010252ff260
Event: 1.690 Thread 0x0000017860a48000 DEOPT UNPACKING pc=0x000001784782f6cf sp=0x00000010252fe788 mode 0
Event: 1.700 Thread 0x0000017860a48000 DEOPT PACKING pc=0x0000017847f8c719 sp=0x00000010252ff160
Event: 1.700 Thread 0x0000017860a48000 DEOPT UNPACKING pc=0x000001784782f6cf sp=0x00000010252fe620 mode 0
Event: 1.700 Thread 0x0000017860a48000 DEOPT PACKING pc=0x0000017847f8b7b0 sp=0x00000010252ff100
Event: 1.700 Thread 0x0000017860a48000 DEOPT UNPACKING pc=0x000001784782f6cf sp=0x00000010252fe5a0 mode 0
Event: 1.700 Thread 0x0000017860a48000 DEOPT PACKING pc=0x0000017847f90440 sp=0x00000010252ff1a0
Event: 1.700 Thread 0x0000017860a48000 DEOPT UNPACKING pc=0x000001784782f6cf sp=0x00000010252fe6f8 mode 0
Event: 1.702 Thread 0x0000017860a48000 DEOPT PACKING pc=0x0000017847f9d0ba sp=0x00000010252ff260
Event: 1.702 Thread 0x0000017860a48000 DEOPT UNPACKING pc=0x000001784782f6cf sp=0x00000010252fe788 mode 0
Event: 1.771 Thread 0x0000017860a48000 Uncommon trap: trap_request=0xffffff45 fr.pc=0x000001784f31806c relative=0x0000000000000d2c
Event: 1.771 Thread 0x0000017860a48000 Uncommon trap: reason=unstable_if action=reinterpret pc=0x000001784f31806c method=java.util.concurrent.LinkedBlockingQueue$LBQSpliterator.tryAdvance(Ljava/util/function/Consumer;)Z @ 42 c2
Event: 1.771 Thread 0x0000017860a48000 DEOPT PACKING pc=0x000001784f31806c sp=0x00000010252ff0b0
Event: 1.771 Thread 0x0000017860a48000 DEOPT UNPACKING pc=0x00000178477e852f sp=0x00000010252ff078 mode 2
Event: 1.771 Thread 0x0000017860b0d020 Uncommon trap: trap_request=0xffffff45 fr.pc=0x000001784f32dc90 relative=0x0000000000000c30
Event: 1.771 Thread 0x0000017860b0d020 Uncommon trap: reason=unstable_if action=reinterpret pc=0x000001784f32dc90 method=java.util.concurrent.LinkedBlockingQueue.put(Ljava/lang/Object;)V @ 111 c2
Event: 1.771 Thread 0x0000017860b0d020 DEOPT PACKING pc=0x000001784f32dc90 sp=0x00000010250fedf0
Event: 1.771 Thread 0x0000017860b0d020 DEOPT UNPACKING pc=0x00000178477e852f sp=0x00000010250fecd0 mode 2
Event: 1.773 Thread 0x0000017860b0d020 DEOPT PACKING pc=0x0000017847f9eb41 sp=0x00000010250feda0
Event: 1.773 Thread 0x0000017860b0d020 DEOPT UNPACKING pc=0x000001784782f6cf sp=0x00000010250fe258 mode 0

Classes unloaded (0 events):
No events

Classes redefined (0 events):
No events

Internal exceptions (10 events):
Event: 0.448 Thread 0x0000017843e150b0 Exception <a 'java/lang/NoSuchMethodError'{0x000000074bd0b700}: 'int java.lang.invoke.DirectMethodHandle$Holder.invokeStatic(java.lang.Object, java.lang.Object, int)'> (0x000000074bd0b700) 
thrown [./open/src/hotspot/share/interpreter/linkResolver.cpp, line 782]
Event: 0.466 Thread 0x0000017843e150b0 Exception <a 'java/lang/NoSuchMethodError'{0x000000074bd738f0}: 'void java.lang.invoke.DirectMethodHandle$Holder.invokeStatic(java.lang.Object, java.lang.Object, java.lang.Object, java.lang.Object)'> (0x000000074bd738f0) 
thrown [./open/src/hotspot/share/interpreter/linkResolver.cpp, line 782]
Event: 0.478 Thread 0x0000017843e150b0 Exception <a 'java/lang/NoSuchMethodError'{0x000000074bdab898}: 'java.lang.Object java.lang.invoke.DirectMethodHandle$Holder.newInvokeSpecial(java.lang.Object, java.lang.Object, java.lang.Object, java.lang.Object, java.lang.Object)'> (0x000000074bdab898) 
thrown [./open/src/hotspot/share/interpreter/linkResolver.cpp, line 782]
Event: 0.486 Thread 0x0000017843e150b0 Exception <a 'java/lang/NoSuchMethodError'{0x000000074bdc7b38}: 'java.lang.Object java.lang.invoke.DirectMethodHandle$Holder.invokeInterface(java.lang.Object, java.lang.Object)'> (0x000000074bdc7b38) 
thrown [./open/src/hotspot/share/interpreter/linkResolver.cpp, line 782]
Event: 0.522 Thread 0x0000017843e150b0 Exception <a 'java/lang/NoClassDefFoundError'{0x000000074ba5c938}: org/apache/log4j/Priority> (0x000000074ba5c938) 
thrown [./open/src/hotspot/share/classfile/systemDictionary.cpp, line 284]
Event: 0.543 Thread 0x0000017843e150b0 Exception <a 'java/lang/NoSuchMethodError'{0x000000074ba8fbe0}: 'void java.lang.invoke.DirectMethodHandle$Holder.invokeSpecial(java.lang.Object, java.lang.Object, java.lang.Object)'> (0x000000074ba8fbe0) 
thrown [./open/src/hotspot/share/interpreter/linkResolver.cpp, line 782]
Event: 0.643 Thread 0x0000017843e150b0 Exception <a 'java/lang/NoSuchMethodError'{0x000000074bff8148}: 'void java.lang.invoke.DirectMethodHandle$Holder.invokeStatic(java.lang.Object, java.lang.Object, java.lang.Object)'> (0x000000074bff8148) 
thrown [./open/src/hotspot/share/interpreter/linkResolver.cpp, line 782]
Event: 0.650 Thread 0x0000017843e150b0 Exception <a 'java/lang/NoSuchMethodError'{0x000000074bc08468}: 'java.lang.Object java.lang.invoke.Invokers$Holder.invokeExact_MT(java.lang.Object, java.lang.Object, java.lang.Object, java.lang.Object, java.lang.Object, java.lang.Object)'> (0x000000074bc08468) 
thrown [./open/src/hotspot/share/interpreter/linkResolver.cpp, line 782]
Event: 0.842 Thread 0x0000017860a48000 Exception <a 'java/lang/NoSuchMethodError'{0x000000074bbafa48}: 'int java.lang.invoke.DirectMethodHandle$Holder.invokeSpecial(java.lang.Object, java.lang.Object, java.lang.Object)'> (0x000000074bbafa48) 
thrown [./open/src/hotspot/share/interpreter/linkResolver.cpp, line 782]
Event: 1.488 Thread 0x0000017843e150b0 Implicit null exception at 0x000001784f315fe0 to 0x000001784f316030

Events (20 events):
Event: 0.942 Executing VM operation: G1CollectForAllocation done
Event: 0.942 Executing VM operation: HandshakeAllThreads
Event: 1.056 Executing VM operation: HandshakeAllThreads done
Event: 1.096 Executing VM operation: G1CollectForAllocation
Event: 1.122 Executing VM operation: G1CollectForAllocation done
Event: 1.216 Executing VM operation: G1CollectForAllocation
Event: 1.251 Executing VM operation: G1CollectForAllocation done
Event: 1.313 Executing VM operation: G1CollectForAllocation
Event: 1.350 Executing VM operation: G1CollectForAllocation done
Event: 1.451 Executing VM operation: G1CollectForAllocation
Event: 1.488 Executing VM operation: G1CollectForAllocation done
Event: 1.576 Executing VM operation: G1CollectForAllocation
Event: 1.629 Executing VM operation: G1CollectForAllocation done
Event: 1.629 Executing VM operation: HandshakeAllThreads
Event: 1.629 Executing VM operation: HandshakeAllThreads done
Event: 1.705 Executing VM operation: G1CollectForAllocation
Event: 1.768 Executing VM operation: G1CollectForAllocation done
Event: 1.768 Executing VM operation: HandshakeAllThreads
Event: 1.768 Executing VM operation: HandshakeAllThreads done
Event: 1.858 Executing VM operation: G1CollectForAllocation


Dynamic libraries:
0x00007ff70d720000 - 0x00007ff70d72d000 	C:\Users\AmolA3\Desktop\Pre Impact Training\eclipse\plugins\org.eclipse.justj.openjdk.hotspot.jre.full.win32.x86_64_15.0.2.v20210201-0955\jre\bin\javaw.exe
0x00007ffbcccb0000 - 0x00007ffbccea5000 	C:\Windows\SYSTEM32\ntdll.dll
0x00007ffbcbcb0000 - 0x00007ffbcbd6d000 	C:\Windows\System32\KERNEL32.DLL
0x00007ffbca870000 - 0x00007ffbcab3d000 	C:\Windows\System32\KERNELBASE.dll
0x00007ffbca520000 - 0x00007ffbca620000 	C:\Windows\System32\ucrtbase.dll
0x00007ffb724d0000 - 0x00007ffb724e8000 	C:\Users\AmolA3\Desktop\Pre Impact Training\eclipse\plugins\org.eclipse.justj.openjdk.hotspot.jre.full.win32.x86_64_15.0.2.v20210201-0955\jre\bin\jli.dll
0x00007ffbccaa0000 - 0x00007ffbccc40000 	C:\Windows\System32\USER32.dll
0x00007ffbca620000 - 0x00007ffbca642000 	C:\Windows\System32\win32u.dll
0x00007ffbcbd70000 - 0x00007ffbcbd9a000 	C:\Windows\System32\GDI32.dll
0x00007ffbca760000 - 0x00007ffbca86b000 	C:\Windows\System32\gdi32full.dll
0x00007ffbca6c0000 - 0x00007ffbca75d000 	C:\Windows\System32\msvcp_win.dll
0x00007ffb71e00000 - 0x00007ffb71e19000 	C:\Users\AmolA3\Desktop\Pre Impact Training\eclipse\plugins\org.eclipse.justj.openjdk.hotspot.jre.full.win32.x86_64_15.0.2.v20210201-0955\jre\bin\VCRUNTIME140.dll
0x00007ffbc8090000 - 0x00007ffbc832a000 	C:\Windows\WinSxS\amd64_microsoft.windows.common-controls_6595b64144ccf1df_6.0.19041.1110_none_60b5254171f9507e\COMCTL32.dll
0x00007ffbcbfd0000 - 0x00007ffbcc06e000 	C:\Windows\System32\msvcrt.dll
0x00007ffbcacd0000 - 0x00007ffbcad00000 	C:\Windows\System32\IMM32.DLL
0x00007ffbca1a0000 - 0x00007ffbca1d8000 	C:\Program Files\Citrix\System32\MfApHook64.dll
0x00007ffbca0d0000 - 0x00007ffbca0e2000 	C:\Program Files\Citrix\IcaService\FullScreenHook64.dll
0x00007ffbcadb0000 - 0x00007ffbcae5e000 	C:\Windows\System32\ADVAPI32.dll
0x00007ffbcbda0000 - 0x00007ffbcbe3c000 	C:\Windows\System32\sechost.dll
0x00007ffbcbe40000 - 0x00007ffbcbf65000 	C:\Windows\System32\RPCRT4.dll
0x00007ffb6d5c0000 - 0x00007ffb6d651000 	C:\Users\AmolA3\Desktop\Pre Impact Training\eclipse\plugins\org.eclipse.justj.openjdk.hotspot.jre.full.win32.x86_64_15.0.2.v20210201-0955\jre\bin\MSVCP140.dll
0x00007ffbbcf20000 - 0x00007ffbbcf2c000 	C:\Users\AmolA3\Desktop\Pre Impact Training\eclipse\plugins\org.eclipse.justj.openjdk.hotspot.jre.full.win32.x86_64_15.0.2.v20210201-0955\jre\bin\VCRUNTIME140_1.dll
0x00007ffbc9bf0000 - 0x00007ffbc9c1a000 	C:\Program Files\Citrix\ICAService\ShellHook64.dll
0x00007ffbcbf70000 - 0x00007ffbcbfc5000 	C:\Windows\System32\SHLWAPI.dll
0x00007ffbc9ae0000 - 0x00007ffbc9bef000 	C:\Program Files\Citrix\IcaService\SCardHook64.dll
0x00007ffbc99f0000 - 0x00007ffbc9a10000 	C:\Program Files\Citrix\ICAService\cxinjime64.dll
0x00007ffbc99c0000 - 0x00007ffbc99e6000 	C:\Program Files\Citrix\ICAService\PicaWtsHook64.dll
0x00007ffb39a30000 - 0x00007ffb3a58e000 	C:\Users\AmolA3\Desktop\Pre Impact Training\eclipse\plugins\org.eclipse.justj.openjdk.hotspot.jre.full.win32.x86_64_15.0.2.v20210201-0955\jre\bin\server\jvm.dll
0x00007ffbcca90000 - 0x00007ffbcca98000 	C:\Windows\System32\PSAPI.DLL
0x00007ffbb7600000 - 0x00007ffbb7609000 	C:\Windows\SYSTEM32\WSOCK32.dll
0x00007ffbcc6a0000 - 0x00007ffbcc70b000 	C:\Windows\System32\WS2_32.dll
0x00007ffbc2a90000 - 0x00007ffbc2ab7000 	C:\Windows\SYSTEM32\WINMM.dll
0x00007ffbc9c40000 - 0x00007ffbc9c4a000 	C:\Windows\SYSTEM32\VERSION.dll
0x00007ffbc7750000 - 0x00007ffbc7762000 	C:\Windows\SYSTEM32\kernel.appcore.dll
0x00007ffbbf740000 - 0x00007ffbbf74a000 	C:\Users\AmolA3\Desktop\Pre Impact Training\eclipse\plugins\org.eclipse.justj.openjdk.hotspot.jre.full.win32.x86_64_15.0.2.v20210201-0955\jre\bin\jimage.dll
0x00007ffbc72c0000 - 0x00007ffbc74a4000 	C:\Windows\SYSTEM32\DBGHELP.DLL
0x00007ffbc32e0000 - 0x00007ffbc330c000 	C:\Windows\SYSTEM32\dbgcore.DLL
0x00007ffbcac40000 - 0x00007ffbcacc2000 	C:\Windows\System32\bcryptPrimitives.dll
0x00007ffb76c50000 - 0x00007ffb76c75000 	C:\Users\AmolA3\Desktop\Pre Impact Training\eclipse\plugins\org.eclipse.justj.openjdk.hotspot.jre.full.win32.x86_64_15.0.2.v20210201-0955\jre\bin\java.dll
0x00007ffb9eeb0000 - 0x00007ffb9eec8000 	C:\Users\AmolA3\Desktop\Pre Impact Training\eclipse\plugins\org.eclipse.justj.openjdk.hotspot.jre.full.win32.x86_64_15.0.2.v20210201-0955\jre\bin\zip.dll
0x00007ffbcaf90000 - 0x00007ffbcb6d4000 	C:\Windows\System32\SHELL32.dll
0x00007ffbc78f0000 - 0x00007ffbc8084000 	C:\Windows\SYSTEM32\windows.storage.dll
0x00007ffbcc710000 - 0x00007ffbcca64000 	C:\Windows\System32\combase.dll
0x00007ffbc9560000 - 0x00007ffbc958c000 	C:\Windows\SYSTEM32\Wldp.dll
0x00007ffbcad00000 - 0x00007ffbcadad000 	C:\Windows\System32\SHCORE.dll
0x00007ffbca2d0000 - 0x00007ffbca2ef000 	C:\Windows\SYSTEM32\profapi.dll
0x00007ffb93220000 - 0x00007ffb93239000 	C:\Users\AmolA3\Desktop\Pre Impact Training\eclipse\plugins\org.eclipse.justj.openjdk.hotspot.jre.full.win32.x86_64_15.0.2.v20210201-0955\jre\bin\net.dll
0x00007ffbc8b80000 - 0x00007ffbc8c8a000 	C:\Windows\SYSTEM32\WINHTTP.dll
0x00007ffbc9270000 - 0x00007ffbc92da000 	C:\Windows\system32\mswsock.dll
0x00007ffb91e10000 - 0x00007ffb91e22000 	C:\Users\AmolA3\Desktop\Pre Impact Training\eclipse\plugins\org.eclipse.justj.openjdk.hotspot.jre.full.win32.x86_64_15.0.2.v20210201-0955\jre\bin\nio.dll
0x00007ffbbd740000 - 0x00007ffbbd750000 	C:\Users\AmolA3\Desktop\Pre Impact Training\eclipse\plugins\org.eclipse.justj.openjdk.hotspot.jre.full.win32.x86_64_15.0.2.v20210201-0955\jre\bin\verify.dll

dbghelp: loaded successfully - version: 4.0.5 - missing functions: none
symbol engine: initialized successfully - sym options: 0x614 - pdb path: .;C:\Users\AmolA3\Desktop\Pre Impact Training\eclipse\plugins\org.eclipse.justj.openjdk.hotspot.jre.full.win32.x86_64_15.0.2.v20210201-0955\jre\bin;C:\Windows\SYSTEM32;C:\Windows\WinSxS\amd64_microsoft.windows.common-controls_6595b64144ccf1df_6.0.19041.1110_none_60b5254171f9507e;C:\Program Files\Citrix\System32;C:\Program Files\Citrix\IcaService;C:\Users\AmolA3\Desktop\Pre Impact Training\eclipse\plugins\org.eclipse.justj.openjdk.hotspot.jre.full.win32.x86_64_15.0.2.v20210201-0955\jre\bin\server

VM Arguments:
jvm_args: -Dfile.encoding=Cp1252 -XX:+ShowCodeDetailsInExceptionMessages 
java_command: com.citiustech.main.Main
java_class_path (initial): C:\Users\AmolA3\Desktop\Pre Impact Training\Java 8\JavaAssignment2\target\classes;C:\Users\AmolA3\.m2\repository\com\opencsv\opencsv\5.6\opencsv-5.6.jar;C:\Users\AmolA3\.m2\repository\org\apache\commons\commons-lang3\3.12.0\commons-lang3-3.12.0.jar;C:\Users\AmolA3\.m2\repository\org\apache\commons\commons-text\1.9\commons-text-1.9.jar;C:\Users\AmolA3\.m2\repository\commons-beanutils\commons-beanutils\1.9.4\commons-beanutils-1.9.4.jar;C:\Users\AmolA3\.m2\repository\commons-logging\commons-logging\1.2\commons-logging-1.2.jar;C:\Users\AmolA3\.m2\repository\commons-collections\commons-collections\3.2.2\commons-collections-3.2.2.jar;C:\Users\AmolA3\.m2\repository\org\apache\commons\commons-collections4\4.4\commons-collections4-4.4.jar
Launcher Type: SUN_STANDARD

[Global flags]
     intx CICompilerCount                          = 2                                         {product} {ergonomic}
     uint ConcGCThreads                            = 1                                         {product} {ergonomic}
     uint G1ConcRefinementThreads                  = 2                                         {product} {ergonomic}
   size_t G1HeapRegionSize                         = 2097152                                   {product} {ergonomic}
    uintx GCDrainStackTargetSize                   = 64                                        {product} {ergonomic}
   size_t InitialHeapSize                          = 201326592                                 {product} {ergonomic}
   size_t MarkStackSize                            = 4194304                                   {product} {ergonomic}
   size_t MaxHeapSize                              = 3221225472                                {product} {ergonomic}
   size_t MaxNewSize                               = 1931476992                                {product} {ergonomic}
   size_t MinHeapDeltaBytes                        = 2097152                                   {product} {ergonomic}
   size_t MinHeapSize                              = 8388608                                   {product} {ergonomic}
    uintx NonNMethodCodeHeapSize                   = 5826188                                {pd product} {ergonomic}
    uintx NonProfiledCodeHeapSize                  = 122916026                              {pd product} {ergonomic}
    uintx ProfiledCodeHeapSize                     = 122916026                              {pd product} {ergonomic}
    uintx ReservedCodeCacheSize                    = 251658240                              {pd product} {ergonomic}
     bool SegmentedCodeCache                       = true                                      {product} {ergonomic}
     bool ShowCodeDetailsInExceptionMessages       = true                                   {manageable} {command line}
   size_t SoftMaxHeapSize                          = 3221225472                             {manageable} {ergonomic}
     bool UseCompressedClassPointers               = true                                 {lp64_product} {ergonomic}
     bool UseCompressedOops                        = true                                 {lp64_product} {ergonomic}
     bool UseG1GC                                  = true                                      {product} {ergonomic}
     bool UseLargePagesIndividualAllocation        = false                                  {pd product} {ergonomic}

Logging:
Log output configuration:
 #0: stdout all=warning uptime,level,tags
 #1: stderr all=off uptime,level,tags

Environment Variables:
JAVA_HOME=C:\Program Files\Java\jdk1.8.0_311
PATH=C:/Users/AmolA3/Desktop/Pre Impact Training/eclipse//plugins/org.eclipse.justj.openjdk.hotspot.jre.full.win32.x86_64_15.0.2.v20210201-0955/jre/bin/server;C:/Users/AmolA3/Desktop/Pre Impact Training/eclipse//plugins/org.eclipse.justj.openjdk.hotspot.jre.full.win32.x86_64_15.0.2.v20210201-0955/jre/bin;C:\Program Files (x86)\Common Files\Oracle\Java\javapath;C:\Windows\system32;C:\Windows;C:\Windows\System32\Wbem;C:\Windows\System32\WindowsPowerShell\v1.0\;C:\Windows\System32\OpenSSH\;C:\Program Files\Citrix\System32\;C:\Program Files\Citrix\ICAService\;C:\Program Files (x86)\CheckPoint\Endpoint Security\Endpoint Common\bin;C:\Program Files\nodejs\;C:\Program Files\Java\jdk1.8.0_311\bin;C:\Program Files (x86)\Microsoft SQL Server\150\DTS\Binn\;C:\Program Files\Azure Data Studio\bin;C:\Program Files (x86)\Microsoft SQL Server\150\Tools\Binn\;C:\Program Files\Microsoft SQL Server\150\Tools\Binn\;C:\Program Files\Microsoft SQL Server\150\DTS\Binn\;C:\Program Files\Microsoft SQL Server\Client SDK\ODBC\170\Tools\Binn\;C:\Program Files\Git\cmd;C:\Users\AmolA3\AppData\Local\Microsoft\WindowsApps;;C:\Users\AmolA3\AppData\Local\Programs\Microsoft VS Code\bin;C:\Users\AmolA3\AppData\Roaming\npm;C:\Users\AmolA3\Desktop\Pre Impact Training\eclipse;
USERNAME=AmolA3
OS=Windows_NT
PROCESSOR_IDENTIFIER=Intel64 Family 6 Model 85 Stepping 7, GenuineIntel



---------------  S Y S T E M  ---------------

OS:
 Windows 10 , 64 bit Build 19041 (10.0.19041.1706)
OS uptime: 13 days 14:24 hours
VMWare virtualization detected

CPU: total 2 (initial active 2) (2 cores per cpu, 1 threads per core) family 6 model 85 stepping 7 microcode 0x5003103, cmov, cx8, fxsr, mmx, sse, sse2, sse3, ssse3, sse4.1, sse4.2, popcnt, vzeroupper, avx, avx2, aes, clmul, erms, 3dnowpref, lzcnt, tsc, tscinvbit, bmi1, bmi2, adx, avx512f, avx512dq, avx512cd, avx512bw, avx512vl, fma, clflush, clflushopt, clwb

Memory: 4k page, system-wide physical 12287M (318M free)
TotalPageFile size 16383M (AvailPageFile size 150M)
current process WorkingSet (physical memory assigned to process): 202M, peak: 202M
current process commit charge ("private bytes"): 362M, peak: 670M

vm_info: OpenJDK 64-Bit Server VM (15.0.2+7-27) for windows-amd64 JRE (15.0.2+7-27), built on Dec  7 2020 20:02:38 by "mach5one" with unknown MS VC++:1925

END.
