#
# There is insufficient memory for the Java Runtime Environment to continue.
# Native memory allocation (mmap) failed to map 327155712 bytes for G1 virtual space
# Possible reasons:
#   The system is out of physical RAM or swap space
#   The process is running with CompressedOops enabled, and the Java Heap may be blocking the growth of the native heap
# Possible solutions:
#   Reduce memory load on the system
#   Increase physical memory or swap space
#   Check if swap backing store is full
#   Decrease Java heap size (-Xmx/-Xms)
#   Decrease number of Java threads
#   Decrease Java thread stack sizes (-Xss)
#   Set larger code cache with -XX:ReservedCodeCacheSize=
#   JVM is running with Zero Based Compressed Oops mode in which the Java heap is
#     placed in the first 32GB address space. The Java Heap base address is the
#     maximum limit for the native heap growth. Please use -XX:HeapBaseMinAddress
#     to set the Java Heap base and to place the Java Heap above 32GB virtual address.
# This output file may be truncated or incomplete.
#
#  Out of Memory Error (./open/src/hotspot/os/windows/os_windows.cpp:3321), pid=13984, tid=18980
#
# JRE version: OpenJDK Runtime Environment (15.0.2+7) (build 15.0.2+7-27)
# Java VM: OpenJDK 64-Bit Server VM (15.0.2+7-27, mixed mode, tiered, compressed oops, g1 gc, windows-amd64)
# No core dump will be written. Minidumps are not enabled by default on client versions of Windows
#

---------------  S U M M A R Y ------------

Command Line: -Dfile.encoding=Cp1252 -XX:+ShowCodeDetailsInExceptionMessages com.citiustech.main.Main

Host: Intel(R) Xeon(R) Gold 6258R CPU @ 2.70GHz, 2 cores, 11G,  Windows 10 , 64 bit Build 19041 (10.0.19041.1706)
Time: Sat Jun 11 12:23:49 2022 India Standard Time elapsed time: 1.999806 seconds (0d 0h 0m 1s)

---------------  T H R E A D  ---------------

Current thread (0x00000204fdd0a340):  VMThread "VM Thread" [stack: 0x000000a445200000,0x000000a445300000] [id=18980]

Stack: [0x000000a445200000,0x000000a445300000]
[error occurred during error reporting (printing stack bounds), id 0xc0000005, EXCEPTION_ACCESS_VIOLATION (0xc0000005) at pc=0x0000020480001267]

Native frames: (J=compiled Java code, j=interpreted, Vv=VM code, C=native code)
V  [jvm.dll+0x62ae9a]
V  [jvm.dll+0x7817a9]
V  [jvm.dll+0x782f03]
V  [jvm.dll+0x7834c5]
V  [jvm.dll+0x78347b]
V  [jvm.dll+0x62a2b9]
V  [jvm.dll+0x62aa88]
C  [ntdll.dll+0xa209f]
C  [ntdll.dll+0x51454]
C  [ntdll.dll+0xa0bce]
C  0x0000020480001267

VM_Operation (0x000000a444bfe870): G1CollectForAllocation, mode: safepoint, requested by thread 0x00000204f0f40030


---------------  P R O C E S S  ---------------

Threads class SMR info:
_java_thread_list=0x00000204feab1870, length=15, elements={
0x00000204f0f40030, 0x00000204fe536740, 0x00000204fe537310, 0x00000204fe598810,
0x00000204fe5991d0, 0x00000204fe599c80, 0x00000204fe59ab10, 0x00000204fe616890,
0x00000204fe61f580, 0x00000204fe730f50, 0x00000204fe7397a0, 0x00000204febda7d0,
0x00000204feab8c90, 0x00000204feab9160, 0x00000204feab9630
}

Java Threads: ( => current thread )
  0x00000204f0f40030 JavaThread "main" [_thread_blocked, id=10508, stack(0x000000a444b00000,0x000000a444c00000)]
  0x00000204fe536740 JavaThread "Reference Handler" daemon [_thread_blocked, id=13916, stack(0x000000a445300000,0x000000a445400000)]
  0x00000204fe537310 JavaThread "Finalizer" daemon [_thread_blocked, id=2216, stack(0x000000a445400000,0x000000a445500000)]
  0x00000204fe598810 JavaThread "Signal Dispatcher" daemon [_thread_blocked, id=3644, stack(0x000000a445500000,0x000000a445600000)]
  0x00000204fe5991d0 JavaThread "Attach Listener" daemon [_thread_blocked, id=3388, stack(0x000000a445600000,0x000000a445700000)]
  0x00000204fe599c80 JavaThread "Service Thread" daemon [_thread_blocked, id=12672, stack(0x000000a445700000,0x000000a445800000)]
  0x00000204fe59ab10 JavaThread "C2 CompilerThread0" daemon [_thread_blocked, id=18748, stack(0x000000a445800000,0x000000a445900000)]
  0x00000204fe616890 JavaThread "C1 CompilerThread0" daemon [_thread_blocked, id=19188, stack(0x000000a445900000,0x000000a445a00000)]
  0x00000204fe61f580 JavaThread "Sweeper thread" daemon [_thread_blocked, id=14608, stack(0x000000a445a00000,0x000000a445b00000)]
  0x00000204fe730f50 JavaThread "Notification Thread" daemon [_thread_blocked, id=18684, stack(0x000000a445b00000,0x000000a445c00000)]
  0x00000204fe7397a0 JavaThread "Common-Cleaner" daemon [_thread_blocked, id=15348, stack(0x000000a445d00000,0x000000a445e00000)]
  0x00000204febda7d0 JavaThread "pool-1-thread-1" [_thread_blocked, id=3464, stack(0x000000a445f00000,0x000000a446000000)]
  0x00000204feab8c90 JavaThread "pool-1-thread-2" [_thread_blocked, id=15800, stack(0x000000a446000000,0x000000a446100000)]
  0x00000204feab9160 JavaThread "Thread-1" [_thread_blocked, id=13804, stack(0x000000a446100000,0x000000a446200000)]
  0x00000204feab9630 JavaThread "Thread-0" [_thread_blocked, id=14108, stack(0x000000a446200000,0x000000a446300000)]

Other Threads:
=>0x00000204fdd0a340 VMThread "VM Thread" [stack: 0x000000a445200000,0x000000a445300000] [id=18980]
  0x00000204fe735430 WatcherThread [stack: 0x000000a445c00000,0x000000a445d00000] [id=16932]
  0x00000204f0f81e30 GCTaskThread "GC Thread#0" [stack: 0x000000a444d00000,0x000000a444e00000] [id=14212]
  0x00000204fe7fe840 GCTaskThread "GC Thread#1" [stack: 0x000000a445e00000,0x000000a445f00000] [id=15708]
  0x00000204f0f8ef80 ConcurrentGCThread "G1 Main Marker" [stack: 0x000000a444e00000,0x000000a444f00000] [id=11004]
  0x00000204f0f91fd0 ConcurrentGCThread "G1 Conc#0" [stack: 0x000000a444f00000,0x000000a445000000] [id=8064]
  0x00000204fdb730d0 ConcurrentGCThread "G1 Refine#0" [stack: 0x000000a445000000,0x000000a445100000] [id=14524]
  0x00000204f0fbd810 ConcurrentGCThread "G1 Young RemSet Sampling" [stack: 0x000000a445100000,0x000000a445200000] [id=9412]

Threads with active compile tasks:
C2 CompilerThread0     2008 1241   !   4       jdk.internal.reflect.GeneratedMethodAccessor8::invoke (66 bytes)

VM state: at safepoint (normal execution)

VM Mutex/Monitor currently owned by a thread:  ([mutex/lock_event])
[0x00000204f0f3c020] Threads_lock - owner thread: 0x00000204fdd0a340
[0x00000204f0f3d2b0] Heap_lock - owner thread: 0x00000204f0f40030

Heap address: 0x0000000740000000, size: 3072 MB, Compressed Oops mode: Zero based, Oop shift amount: 3
CDS disabled.
Compressed class space mapped at: 0x0000000800000000-0x0000000840000000, size: 1073741824
Narrow klass base: 0x0000000800000000, Narrow klass shift: 0, Narrow klass range: 0x40000000

GC Precious Log:
 CPUs: 2 total, 2 available
 Memory: 12287M
 Large Page Support: Disabled
 NUMA Support: Disabled
 Compressed Oops: Enabled (Zero based)
 Heap Region Size: 2M
 Heap Min Capacity: 8M
 Heap Initial Capacity: 192M
 Heap Max Capacity: 3G
 Pre-touch: Disabled
 Parallel Workers: 2
 Concurrent Workers: 1
 Concurrent Refinement Workers: 2
 Periodic GC: Disabled

Heap:
 garbage-first heap   total 616448K, used 70656K [0x0000000740000000, 0x0000000800000000)
  region size 2048K, 3 young (6144K), 3 survivors (6144K)
 Metaspace       used 10854K, capacity 11044K, committed 11264K, reserved 1058816K
  class space    used 940K, capacity 976K, committed 1024K, reserved 1048576K

Heap Regions: E=young(eden), S=young(survivor), O=old, HS=humongous(starts), HC=humongous(continues), CS=collection set, F=free, OA=open archive, CA=closed archive, TAMS=top-at-mark-start (previous, next)
|   0|0x0000000740000000, 0x0000000740200000, 0x0000000740200000|100%| O|  |TAMS 0x0000000740000000, 0x0000000740000000| Untracked 
|   1|0x0000000740200000, 0x0000000740400000, 0x0000000740400000|100%| O|  |TAMS 0x0000000740200000, 0x0000000740200000| Untracked 
|   2|0x0000000740400000, 0x0000000740600000, 0x0000000740600000|100%| O|  |TAMS 0x0000000740400000, 0x0000000740400000| Untracked 
|   3|0x0000000740600000, 0x0000000740800000, 0x0000000740800000|100%| O|  |TAMS 0x0000000740600000, 0x0000000740600000| Untracked 
|   4|0x0000000740800000, 0x0000000740a00000, 0x0000000740a00000|100%| O|  |TAMS 0x0000000740800000, 0x0000000740800000| Untracked 
|   5|0x0000000740a00000, 0x0000000740c00000, 0x0000000740c00000|100%| O|  |TAMS 0x0000000740a00000, 0x0000000740a00000| Untracked 
|   6|0x0000000740c00000, 0x0000000740e00000, 0x0000000740e00000|100%| O|  |TAMS 0x0000000740c00000, 0x0000000740c00000| Untracked 
|   7|0x0000000740e00000, 0x0000000741000000, 0x0000000741000000|100%| O|  |TAMS 0x0000000740e00000, 0x0000000740e00000| Untracked 
|   8|0x0000000741000000, 0x0000000741200000, 0x0000000741200000|100%| O|  |TAMS 0x0000000741000000, 0x0000000741000000| Untracked 
|   9|0x0000000741200000, 0x0000000741400000, 0x0000000741400000|100%| O|  |TAMS 0x0000000741200000, 0x0000000741200000| Untracked 
|  10|0x0000000741400000, 0x0000000741600000, 0x0000000741600000|100%| O|  |TAMS 0x0000000741400000, 0x0000000741400000| Untracked 
|  11|0x0000000741600000, 0x0000000741800000, 0x0000000741800000|100%| O|  |TAMS 0x0000000741600000, 0x0000000741600000| Untracked 
|  12|0x0000000741800000, 0x0000000741a00000, 0x0000000741a00000|100%| O|  |TAMS 0x0000000741800000, 0x0000000741800000| Untracked 
|  13|0x0000000741a00000, 0x0000000741c00000, 0x0000000741c00000|100%| O|  |TAMS 0x0000000741a00000, 0x0000000741a00000| Untracked 
|  14|0x0000000741c00000, 0x0000000741e00000, 0x0000000741e00000|100%| O|  |TAMS 0x0000000741c00000, 0x0000000741c00000| Untracked 
|  15|0x0000000741e00000, 0x0000000742000000, 0x0000000742000000|100%| O|  |TAMS 0x0000000741e00000, 0x0000000741e00000| Untracked 
|  16|0x0000000742000000, 0x0000000742200000, 0x0000000742200000|100%| O|  |TAMS 0x0000000742000000, 0x0000000742000000| Untracked 
|  17|0x0000000742200000, 0x0000000742400000, 0x0000000742400000|100%| O|  |TAMS 0x0000000742200000, 0x0000000742200000| Untracked 
|  18|0x0000000742400000, 0x0000000742600000, 0x0000000742600000|100%| O|  |TAMS 0x0000000742400000, 0x0000000742400000| Untracked 
|  19|0x0000000742600000, 0x0000000742800000, 0x0000000742800000|100%| O|  |TAMS 0x0000000742600000, 0x0000000742600000| Untracked 
|  20|0x0000000742800000, 0x0000000742a00000, 0x0000000742a00000|100%| O|  |TAMS 0x0000000742800000, 0x0000000742800000| Untracked 
|  21|0x0000000742a00000, 0x0000000742c00000, 0x0000000742c00000|100%| O|  |TAMS 0x0000000742a00000, 0x0000000742a00000| Untracked 
|  22|0x0000000742c00000, 0x0000000742e00000, 0x0000000742e00000|100%| O|  |TAMS 0x0000000742c00000, 0x0000000742c00000| Untracked 
|  23|0x0000000742e00000, 0x0000000743000000, 0x0000000743000000|100%| O|  |TAMS 0x0000000742e00000, 0x0000000742e00000| Untracked 
|  24|0x0000000743000000, 0x0000000743200000, 0x0000000743200000|100%| O|  |TAMS 0x0000000743000000, 0x0000000743000000| Untracked 
|  25|0x0000000743200000, 0x0000000743400000, 0x0000000743400000|100%| O|  |TAMS 0x0000000743200000, 0x0000000743200000| Untracked 
|  26|0x0000000743400000, 0x0000000743600000, 0x0000000743600000|100%| O|  |TAMS 0x0000000743400000, 0x0000000743400000| Untracked 
|  27|0x0000000743600000, 0x0000000743800000, 0x0000000743800000|100%| O|  |TAMS 0x0000000743600000, 0x0000000743600000| Untracked 
|  28|0x0000000743800000, 0x0000000743a00000, 0x0000000743a00000|100%| O|  |TAMS 0x0000000743800000, 0x0000000743800000| Untracked 
|  29|0x0000000743a00000, 0x0000000743c00000, 0x0000000743c00000|100%| O|  |TAMS 0x0000000743a00000, 0x0000000743a00000| Untracked 
|  30|0x0000000743c00000, 0x0000000743e00000, 0x0000000743e00000|100%| O|  |TAMS 0x0000000743c00000, 0x0000000743c00000| Untracked 
|  31|0x0000000743e00000, 0x0000000743f00000, 0x0000000744000000| 50%| O|  |TAMS 0x0000000743e00000, 0x0000000743e00000| Untracked 
|  32|0x0000000744000000, 0x0000000744000000, 0x0000000744200000|  0%| F|  |TAMS 0x0000000744000000, 0x0000000744000000| Untracked 
|  33|0x0000000744200000, 0x0000000744200000, 0x0000000744400000|  0%| F|  |TAMS 0x0000000744200000, 0x0000000744200000| Untracked 
|  34|0x0000000744400000, 0x0000000744400000, 0x0000000744600000|  0%| F|  |TAMS 0x0000000744400000, 0x0000000744400000| Untracked 
|  35|0x0000000744600000, 0x0000000744600000, 0x0000000744800000|  0%| F|  |TAMS 0x0000000744600000, 0x0000000744600000| Untracked 
|  36|0x0000000744800000, 0x0000000744800000, 0x0000000744a00000|  0%| F|  |TAMS 0x0000000744800000, 0x0000000744800000| Untracked 
|  37|0x0000000744a00000, 0x0000000744a00000, 0x0000000744c00000|  0%| F|  |TAMS 0x0000000744a00000, 0x0000000744a00000| Untracked 
|  38|0x0000000744c00000, 0x0000000744c00000, 0x0000000744e00000|  0%| F|  |TAMS 0x0000000744c00000, 0x0000000744c00000| Untracked 
|  39|0x0000000744e00000, 0x0000000744e00000, 0x0000000745000000|  0%| F|  |TAMS 0x0000000744e00000, 0x0000000744e00000| Untracked 
|  40|0x0000000745000000, 0x0000000745000000, 0x0000000745200000|  0%| F|  |TAMS 0x0000000745000000, 0x0000000745000000| Untracked 
|  41|0x0000000745200000, 0x0000000745200000, 0x0000000745400000|  0%| F|  |TAMS 0x0000000745200000, 0x0000000745200000| Untracked 
|  42|0x0000000745400000, 0x0000000745400000, 0x0000000745600000|  0%| F|  |TAMS 0x0000000745400000, 0x0000000745400000| Untracked 
|  43|0x0000000745600000, 0x0000000745600000, 0x0000000745800000|  0%| F|  |TAMS 0x0000000745600000, 0x0000000745600000| Untracked 
|  44|0x0000000745800000, 0x0000000745800000, 0x0000000745a00000|  0%| F|  |TAMS 0x0000000745800000, 0x0000000745800000| Untracked 
|  45|0x0000000745a00000, 0x0000000745a00000, 0x0000000745c00000|  0%| F|  |TAMS 0x0000000745a00000, 0x0000000745a00000| Untracked 
|  46|0x0000000745c00000, 0x0000000745c00000, 0x0000000745e00000|  0%| F|  |TAMS 0x0000000745c00000, 0x0000000745c00000| Untracked 
|  47|0x0000000745e00000, 0x0000000745e00000, 0x0000000746000000|  0%| F|  |TAMS 0x0000000745e00000, 0x0000000745e00000| Untracked 
|  48|0x0000000746000000, 0x0000000746000000, 0x0000000746200000|  0%| F|  |TAMS 0x0000000746000000, 0x0000000746000000| Untracked 
|  49|0x0000000746200000, 0x0000000746200000, 0x0000000746400000|  0%| F|  |TAMS 0x0000000746200000, 0x0000000746200000| Untracked 
|  50|0x0000000746400000, 0x0000000746400000, 0x0000000746600000|  0%| F|  |TAMS 0x0000000746400000, 0x0000000746400000| Untracked 
|  51|0x0000000746600000, 0x0000000746600000, 0x0000000746800000|  0%| F|  |TAMS 0x0000000746600000, 0x0000000746600000| Untracked 
|  52|0x0000000746800000, 0x0000000746800000, 0x0000000746a00000|  0%| F|  |TAMS 0x0000000746800000, 0x0000000746800000| Untracked 
|  53|0x0000000746a00000, 0x0000000746a00000, 0x0000000746c00000|  0%| F|  |TAMS 0x0000000746a00000, 0x0000000746a00000| Untracked 
|  54|0x0000000746c00000, 0x0000000746c00000, 0x0000000746e00000|  0%| F|  |TAMS 0x0000000746c00000, 0x0000000746c00000| Untracked 
|  55|0x0000000746e00000, 0x0000000746e00000, 0x0000000747000000|  0%| F|  |TAMS 0x0000000746e00000, 0x0000000746e00000| Untracked 
|  56|0x0000000747000000, 0x0000000747000000, 0x0000000747200000|  0%| F|  |TAMS 0x0000000747000000, 0x0000000747000000| Untracked 
|  57|0x0000000747200000, 0x0000000747200000, 0x0000000747400000|  0%| F|  |TAMS 0x0000000747200000, 0x0000000747200000| Untracked 
|  58|0x0000000747400000, 0x0000000747400000, 0x0000000747600000|  0%| F|  |TAMS 0x0000000747400000, 0x0000000747400000| Untracked 
|  59|0x0000000747600000, 0x0000000747600000, 0x0000000747800000|  0%| F|  |TAMS 0x0000000747600000, 0x0000000747600000| Untracked 
|  60|0x0000000747800000, 0x0000000747800000, 0x0000000747a00000|  0%| F|  |TAMS 0x0000000747800000, 0x0000000747800000| Untracked 
|  61|0x0000000747a00000, 0x0000000747a00000, 0x0000000747c00000|  0%| F|  |TAMS 0x0000000747a00000, 0x0000000747a00000| Untracked 
|  62|0x0000000747c00000, 0x0000000747c00000, 0x0000000747e00000|  0%| F|  |TAMS 0x0000000747c00000, 0x0000000747c00000| Untracked 
|  63|0x0000000747e00000, 0x0000000747e00000, 0x0000000748000000|  0%| F|  |TAMS 0x0000000747e00000, 0x0000000747e00000| Untracked 
|  64|0x0000000748000000, 0x0000000748000000, 0x0000000748200000|  0%| F|  |TAMS 0x0000000748000000, 0x0000000748000000| Untracked 
|  65|0x0000000748200000, 0x0000000748200000, 0x0000000748400000|  0%| F|  |TAMS 0x0000000748200000, 0x0000000748200000| Untracked 
|  66|0x0000000748400000, 0x0000000748400000, 0x0000000748600000|  0%| F|  |TAMS 0x0000000748400000, 0x0000000748400000| Untracked 
|  67|0x0000000748600000, 0x0000000748600000, 0x0000000748800000|  0%| F|  |TAMS 0x0000000748600000, 0x0000000748600000| Untracked 
|  68|0x0000000748800000, 0x0000000748800000, 0x0000000748a00000|  0%| F|  |TAMS 0x0000000748800000, 0x0000000748800000| Untracked 
|  69|0x0000000748a00000, 0x0000000748a00000, 0x0000000748c00000|  0%| F|  |TAMS 0x0000000748a00000, 0x0000000748a00000| Untracked 
|  70|0x0000000748c00000, 0x0000000748c00000, 0x0000000748e00000|  0%| F|  |TAMS 0x0000000748c00000, 0x0000000748c00000| Untracked 
|  71|0x0000000748e00000, 0x0000000748e00000, 0x0000000749000000|  0%| F|  |TAMS 0x0000000748e00000, 0x0000000748e00000| Untracked 
|  72|0x0000000749000000, 0x0000000749000000, 0x0000000749200000|  0%| F|  |TAMS 0x0000000749000000, 0x0000000749000000| Untracked 
|  73|0x0000000749200000, 0x0000000749200000, 0x0000000749400000|  0%| F|  |TAMS 0x0000000749200000, 0x0000000749200000| Untracked 
|  74|0x0000000749400000, 0x0000000749400000, 0x0000000749600000|  0%| F|  |TAMS 0x0000000749400000, 0x0000000749400000| Untracked 
|  75|0x0000000749600000, 0x0000000749600000, 0x0000000749800000|  0%| F|  |TAMS 0x0000000749600000, 0x0000000749600000| Untracked 
|  76|0x0000000749800000, 0x0000000749800000, 0x0000000749a00000|  0%| F|  |TAMS 0x0000000749800000, 0x0000000749800000| Untracked 
|  77|0x0000000749a00000, 0x0000000749a00000, 0x0000000749c00000|  0%| F|  |TAMS 0x0000000749a00000, 0x0000000749a00000| Untracked 
|  78|0x0000000749c00000, 0x0000000749c00000, 0x0000000749e00000|  0%| F|  |TAMS 0x0000000749c00000, 0x0000000749c00000| Untracked 
|  79|0x0000000749e00000, 0x0000000749e00000, 0x000000074a000000|  0%| F|  |TAMS 0x0000000749e00000, 0x0000000749e00000| Untracked 
|  80|0x000000074a000000, 0x000000074a000000, 0x000000074a200000|  0%| F|  |TAMS 0x000000074a000000, 0x000000074a000000| Untracked 
|  81|0x000000074a200000, 0x000000074a200000, 0x000000074a400000|  0%| F|  |TAMS 0x000000074a200000, 0x000000074a200000| Untracked 
|  82|0x000000074a400000, 0x000000074a400000, 0x000000074a600000|  0%| F|  |TAMS 0x000000074a400000, 0x000000074a400000| Untracked 
|  83|0x000000074a600000, 0x000000074a600000, 0x000000074a800000|  0%| F|  |TAMS 0x000000074a600000, 0x000000074a600000| Untracked 
|  84|0x000000074a800000, 0x000000074a800000, 0x000000074aa00000|  0%| F|  |TAMS 0x000000074a800000, 0x000000074a800000| Untracked 
|  85|0x000000074aa00000, 0x000000074aa00000, 0x000000074ac00000|  0%| F|  |TAMS 0x000000074aa00000, 0x000000074aa00000| Untracked 
|  86|0x000000074ac00000, 0x000000074ac00000, 0x000000074ae00000|  0%| F|  |TAMS 0x000000074ac00000, 0x000000074ac00000| Untracked 
|  87|0x000000074ae00000, 0x000000074ae00000, 0x000000074b000000|  0%| F|  |TAMS 0x000000074ae00000, 0x000000074ae00000| Untracked 
|  88|0x000000074b000000, 0x000000074b000000, 0x000000074b200000|  0%| F|  |TAMS 0x000000074b000000, 0x000000074b000000| Untracked 
|  89|0x000000074b200000, 0x000000074b200000, 0x000000074b400000|  0%| F|  |TAMS 0x000000074b200000, 0x000000074b200000| Untracked 
|  90|0x000000074b400000, 0x000000074b400000, 0x000000074b600000|  0%| F|  |TAMS 0x000000074b400000, 0x000000074b400000| Untracked 
|  91|0x000000074b600000, 0x000000074b600000, 0x000000074b800000|  0%| F|  |TAMS 0x000000074b600000, 0x000000074b600000| Untracked 
|  92|0x000000074b800000, 0x000000074b800000, 0x000000074ba00000|  0%| F|  |TAMS 0x000000074b800000, 0x000000074b800000| Untracked 
|  93|0x000000074ba00000, 0x000000074ba00000, 0x000000074bc00000|  0%| F|  |TAMS 0x000000074ba00000, 0x000000074ba00000| Untracked 
|  94|0x000000074bc00000, 0x000000074bc00000, 0x000000074be00000|  0%| F|  |TAMS 0x000000074bc00000, 0x000000074bc00000| Untracked 
|  95|0x000000074be00000, 0x000000074be00000, 0x000000074c000000|  0%| F|  |TAMS 0x000000074be00000, 0x000000074be00000| Untracked 
|  96|0x000000074c000000, 0x000000074c000000, 0x000000074c200000|  0%| F|  |TAMS 0x000000074c000000, 0x000000074c000000| Untracked 
|  97|0x000000074c200000, 0x000000074c200000, 0x000000074c400000|  0%| F|  |TAMS 0x000000074c200000, 0x000000074c200000| Untracked 
|  98|0x000000074c400000, 0x000000074c400000, 0x000000074c600000|  0%| F|  |TAMS 0x000000074c400000, 0x000000074c400000| Untracked 
|  99|0x000000074c600000, 0x000000074c600000, 0x000000074c800000|  0%| F|  |TAMS 0x000000074c600000, 0x000000074c600000| Untracked 
| 100|0x000000074c800000, 0x000000074c800000, 0x000000074ca00000|  0%| F|  |TAMS 0x000000074c800000, 0x000000074c800000| Untracked 
| 101|0x000000074ca00000, 0x000000074ca00000, 0x000000074cc00000|  0%| F|  |TAMS 0x000000074ca00000, 0x000000074ca00000| Untracked 
| 102|0x000000074cc00000, 0x000000074cc00000, 0x000000074ce00000|  0%| F|  |TAMS 0x000000074cc00000, 0x000000074cc00000| Untracked 
| 103|0x000000074ce00000, 0x000000074ce00000, 0x000000074d000000|  0%| F|  |TAMS 0x000000074ce00000, 0x000000074ce00000| Untracked 
| 104|0x000000074d000000, 0x000000074d000000, 0x000000074d200000|  0%| F|  |TAMS 0x000000074d000000, 0x000000074d000000| Untracked 
| 105|0x000000074d200000, 0x000000074d200000, 0x000000074d400000|  0%| F|  |TAMS 0x000000074d200000, 0x000000074d200000| Untracked 
| 106|0x000000074d400000, 0x000000074d400000, 0x000000074d600000|  0%| F|  |TAMS 0x000000074d400000, 0x000000074d400000| Untracked 
| 107|0x000000074d600000, 0x000000074d600000, 0x000000074d800000|  0%| F|  |TAMS 0x000000074d600000, 0x000000074d600000| Untracked 
| 108|0x000000074d800000, 0x000000074d800000, 0x000000074da00000|  0%| F|  |TAMS 0x000000074d800000, 0x000000074d800000| Untracked 
| 109|0x000000074da00000, 0x000000074da00000, 0x000000074dc00000|  0%| F|  |TAMS 0x000000074da00000, 0x000000074da00000| Untracked 
| 110|0x000000074dc00000, 0x000000074dc00000, 0x000000074de00000|  0%| F|  |TAMS 0x000000074dc00000, 0x000000074dc00000| Untracked 
| 111|0x000000074de00000, 0x000000074de00000, 0x000000074e000000|  0%| F|  |TAMS 0x000000074de00000, 0x000000074de00000| Untracked 
| 112|0x000000074e000000, 0x000000074e000000, 0x000000074e200000|  0%| F|  |TAMS 0x000000074e000000, 0x000000074e000000| Untracked 
| 113|0x000000074e200000, 0x000000074e200000, 0x000000074e400000|  0%| F|  |TAMS 0x000000074e200000, 0x000000074e200000| Untracked 
| 114|0x000000074e400000, 0x000000074e400000, 0x000000074e600000|  0%| F|  |TAMS 0x000000074e400000, 0x000000074e400000| Untracked 
| 115|0x000000074e600000, 0x000000074e600000, 0x000000074e800000|  0%| F|  |TAMS 0x000000074e600000, 0x000000074e600000| Untracked 
| 116|0x000000074e800000, 0x000000074e800000, 0x000000074ea00000|  0%| F|  |TAMS 0x000000074e800000, 0x000000074e800000| Untracked 
| 117|0x000000074ea00000, 0x000000074ea00000, 0x000000074ec00000|  0%| F|  |TAMS 0x000000074ea00000, 0x000000074ea00000| Untracked 
| 118|0x000000074ec00000, 0x000000074ec00000, 0x000000074ee00000|  0%| F|  |TAMS 0x000000074ec00000, 0x000000074ec00000| Untracked 
| 119|0x000000074ee00000, 0x000000074f000000, 0x000000074f000000|100%| S|CS|TAMS 0x000000074ee00000, 0x000000074ee00000| Complete 
| 120|0x000000074f000000, 0x000000074f000000, 0x000000074f200000|  0%| F|  |TAMS 0x000000074f000000, 0x000000074f000000| Untracked 
| 121|0x000000074f200000, 0x000000074f200000, 0x000000074f400000|  0%| F|  |TAMS 0x000000074f200000, 0x000000074f200000| Untracked 
| 122|0x000000074f400000, 0x000000074f400000, 0x000000074f600000|  0%| F|  |TAMS 0x000000074f400000, 0x000000074f400000| Untracked 
| 123|0x000000074f600000, 0x000000074f800000, 0x000000074f800000|100%| S|CS|TAMS 0x000000074f600000, 0x000000074f600000| Complete 
| 124|0x000000074f800000, 0x000000074fa00000, 0x000000074fa00000|100%| S|CS|TAMS 0x000000074f800000, 0x000000074f800000| Complete 
| 125|0x000000074fa00000, 0x000000074fa00000, 0x000000074fc00000|  0%| F|  |TAMS 0x000000074fa00000, 0x000000074fa00000| Untracked 
| 126|0x000000074fc00000, 0x000000074fc00000, 0x000000074fe00000|  0%| F|  |TAMS 0x000000074fc00000, 0x000000074fc00000| Untracked 
| 127|0x000000074fe00000, 0x000000074fe00000, 0x0000000750000000|  0%| F|  |TAMS 0x000000074fe00000, 0x000000074fe00000| Untracked 
| 128|0x0000000750000000, 0x0000000750000000, 0x0000000750200000|  0%| F|  |TAMS 0x0000000750000000, 0x0000000750000000| Untracked 
| 129|0x0000000750200000, 0x0000000750200000, 0x0000000750400000|  0%| F|  |TAMS 0x0000000750200000, 0x0000000750200000| Untracked 
| 130|0x0000000750400000, 0x0000000750400000, 0x0000000750600000|  0%| F|  |TAMS 0x0000000750400000, 0x0000000750400000| Untracked 
| 131|0x0000000750600000, 0x0000000750600000, 0x0000000750800000|  0%| F|  |TAMS 0x0000000750600000, 0x0000000750600000| Untracked 
| 132|0x0000000750800000, 0x0000000750800000, 0x0000000750a00000|  0%| F|  |TAMS 0x0000000750800000, 0x0000000750800000| Untracked 
| 133|0x0000000750a00000, 0x0000000750a00000, 0x0000000750c00000|  0%| F|  |TAMS 0x0000000750a00000, 0x0000000750a00000| Untracked 
| 134|0x0000000750c00000, 0x0000000750c00000, 0x0000000750e00000|  0%| F|  |TAMS 0x0000000750c00000, 0x0000000750c00000| Untracked 
| 135|0x0000000750e00000, 0x0000000750e00000, 0x0000000751000000|  0%| F|  |TAMS 0x0000000750e00000, 0x0000000750e00000| Untracked 
| 136|0x0000000751000000, 0x0000000751000000, 0x0000000751200000|  0%| F|  |TAMS 0x0000000751000000, 0x0000000751000000| Untracked 
| 137|0x0000000751200000, 0x0000000751200000, 0x0000000751400000|  0%| F|  |TAMS 0x0000000751200000, 0x0000000751200000| Untracked 
| 138|0x0000000751400000, 0x0000000751400000, 0x0000000751600000|  0%| F|  |TAMS 0x0000000751400000, 0x0000000751400000| Untracked 
| 139|0x0000000751600000, 0x0000000751600000, 0x0000000751800000|  0%| F|  |TAMS 0x0000000751600000, 0x0000000751600000| Untracked 
| 140|0x0000000751800000, 0x0000000751800000, 0x0000000751a00000|  0%| F|  |TAMS 0x0000000751800000, 0x0000000751800000| Untracked 
| 141|0x0000000751a00000, 0x0000000751a00000, 0x0000000751c00000|  0%| F|  |TAMS 0x0000000751a00000, 0x0000000751a00000| Untracked 
| 142|0x0000000751c00000, 0x0000000751c00000, 0x0000000751e00000|  0%| F|  |TAMS 0x0000000751c00000, 0x0000000751c00000| Untracked 
| 143|0x0000000751e00000, 0x0000000751e00000, 0x0000000752000000|  0%| F|  |TAMS 0x0000000751e00000, 0x0000000751e00000| Untracked 
| 144|0x0000000752000000, 0x0000000752000000, 0x0000000752200000|  0%| F|  |TAMS 0x0000000752000000, 0x0000000752000000| Untracked 

Card table byte_map: [0x00000204f4f10000,0x00000204f5510000] _byte_map_base: 0x00000204f1510000

Marking Bits (Prev, Next): (CMBitMap*) 0x00000204f0f82620, (CMBitMap*) 0x00000204f0f82660
 Prev Bits: [0x00000204f5b10000, 0x00000204f8b10000)
 Next Bits: [0x00000204f8b10000, 0x00000204fbb10000)

Polling page: 0x00000204f06d0000

Metaspace:

Usage:
  Non-class:      9.83 MB capacity,     9.68 MB ( 98%) used,   144.11 KB (  1%) free+waste,     9.75 KB ( <1%) overhead. 
      Class:    976.00 KB capacity,   940.55 KB ( 96%) used,    32.01 KB (  3%) free+waste,     3.44 KB ( <1%) overhead. 
       Both:     10.79 MB capacity,    10.60 MB ( 98%) used,   176.12 KB (  2%) free+waste,    13.19 KB ( <1%) overhead. 

Virtual space:
  Non-class space:       10.00 MB reserved,      10.00 MB (100%) committed 
      Class space:        1.00 GB reserved,       1.00 MB ( <1%) committed 
             Both:        1.01 GB reserved,      11.00 MB (  1%) committed 

Chunk freelists:
   Non-Class:  44.00 KB
       Class:  0 bytes
        Both:  44.00 KB

MaxMetaspaceSize: 17179869184.00 GB
CompressedClassSpaceSize: 1.00 GB

CodeHeap 'non-profiled nmethods': size=120064Kb used=657Kb max_used=657Kb free=119406Kb
 bounds [0x0000020487ac0000, 0x0000020487d30000, 0x000002048f000000]
CodeHeap 'profiled nmethods': size=120000Kb used=2234Kb max_used=2234Kb free=117765Kb
 bounds [0x0000020480590000, 0x0000020480800000, 0x0000020487ac0000]
CodeHeap 'non-nmethods': size=5696Kb used=1174Kb max_used=1209Kb free=4521Kb
 bounds [0x0000020480000000, 0x0000020480270000, 0x0000020480590000]
 total_blobs=1643 nmethods=1221 adapters=335
 compilation: enabled
              stopped_count=0, restarted_count=0
 full_count=0

Compilation events (20 events):
Event: 1.923 Thread 0x00000204fe59ab10 nmethod 1230 0x0000020487b5e590 code [0x0000020487b5e780, 0x0000020487b5f1b0]
Event: 1.923 Thread 0x00000204fe59ab10 1231       4       java.util.stream.ReferencePipeline::filter (22 bytes)
Event: 1.926 Thread 0x00000204fe59ab10 nmethod 1231 0x0000020487b5f890 code [0x0000020487b5fa20, 0x0000020487b5fe38]
Event: 1.926 Thread 0x00000204fe59ab10 1224   !   4       jdk.internal.reflect.GeneratedConstructorAccessor1::newInstance (49 bytes)
Event: 1.941 Thread 0x00000204fe59ab10 nmethod 1224 0x0000020487b5ff90 code [0x0000020487b60200, 0x0000020487b615c8]
Event: 1.941 Thread 0x00000204fe59ab10 1234   !   4       jdk.internal.reflect.GeneratedMethodAccessor1::invoke (66 bytes)
Event: 1.943 Thread 0x00000204fe59ab10 nmethod 1234 0x0000020487b61f10 code [0x0000020487b620a0, 0x0000020487b622b8]
Event: 1.943 Thread 0x00000204fe59ab10 1235   !   4       jdk.internal.reflect.GeneratedMethodAccessor2::invoke (66 bytes)
Event: 1.944 Thread 0x00000204fe59ab10 nmethod 1235 0x0000020487b62490 code [0x0000020487b62620, 0x0000020487b62838]
Event: 1.944 Thread 0x00000204fe59ab10 1236   !   4       jdk.internal.reflect.GeneratedMethodAccessor3::invoke (66 bytes)
Event: 1.945 Thread 0x00000204fe59ab10 nmethod 1236 0x0000020487b62a10 code [0x0000020487b62ba0, 0x0000020487b62db8]
Event: 1.945 Thread 0x00000204fe59ab10 1237   !   4       jdk.internal.reflect.GeneratedMethodAccessor4::invoke (66 bytes)
Event: 1.947 Thread 0x00000204fe59ab10 nmethod 1237 0x0000020487b62f90 code [0x0000020487b63120, 0x0000020487b63338]
Event: 1.947 Thread 0x00000204fe59ab10 1238   !   4       jdk.internal.reflect.GeneratedMethodAccessor5::invoke (66 bytes)
Event: 1.948 Thread 0x00000204fe59ab10 nmethod 1238 0x0000020487b63510 code [0x0000020487b636a0, 0x0000020487b638b8]
Event: 1.948 Thread 0x00000204fe59ab10 1239   !   4       jdk.internal.reflect.GeneratedMethodAccessor6::invoke (66 bytes)
Event: 1.949 Thread 0x00000204fe59ab10 nmethod 1239 0x0000020487b63a90 code [0x0000020487b63c20, 0x0000020487b63e38]
Event: 1.949 Thread 0x00000204fe59ab10 1240   !   4       jdk.internal.reflect.GeneratedMethodAccessor7::invoke (66 bytes)
Event: 1.950 Thread 0x00000204fe59ab10 nmethod 1240 0x0000020487b64010 code [0x0000020487b641a0, 0x0000020487b643b8]
Event: 1.950 Thread 0x00000204fe59ab10 1241   !   4       jdk.internal.reflect.GeneratedMethodAccessor8::invoke (66 bytes)

GC Heap History (17 events):
Event: 0.830 GC heap before
{Heap before GC invocations=0 (full 0):
 garbage-first heap   total 196608K, used 8192K [0x0000000740000000, 0x0000000800000000)
  region size 2048K, 4 young (8192K), 0 survivors (0K)
 Metaspace       used 9258K, capacity 9435K, committed 9600K, reserved 1058816K
  class space    used 812K, capacity 861K, committed 896K, reserved 1048576K
}
Event: 0.847 GC heap after
{Heap after GC invocations=1 (full 0):
 garbage-first heap   total 196608K, used 1497K [0x0000000740000000, 0x0000000800000000)
  region size 2048K, 1 young (2048K), 1 survivors (2048K)
 Metaspace       used 9258K, capacity 9435K, committed 9600K, reserved 1058816K
  class space    used 812K, capacity 861K, committed 896K, reserved 1048576K
}
Event: 1.067 GC heap before
{Heap before GC invocations=1 (full 0):
 garbage-first heap   total 196608K, used 7641K [0x0000000740000000, 0x0000000800000000)
  region size 2048K, 4 young (8192K), 1 survivors (2048K)
 Metaspace       used 10767K, capacity 10980K, committed 11264K, reserved 1058816K
  class space    used 939K, capacity 976K, committed 1024K, reserved 1048576K
}
Event: 1.072 GC heap after
{Heap after GC invocations=2 (full 0):
 garbage-first heap   total 196608K, used 3373K [0x0000000740000000, 0x0000000800000000)
  region size 2048K, 1 young (2048K), 1 survivors (2048K)
 Metaspace       used 10767K, capacity 10980K, committed 11264K, reserved 1058816K
  class space    used 939K, capacity 976K, committed 1024K, reserved 1048576K
}
Event: 1.201 GC heap before
{Heap before GC invocations=2 (full 0):
 garbage-first heap   total 196608K, used 13613K [0x0000000740000000, 0x0000000800000000)
  region size 2048K, 6 young (12288K), 1 survivors (2048K)
 Metaspace       used 10806K, capacity 10980K, committed 11264K, reserved 1058816K
  class space    used 939K, capacity 976K, committed 1024K, reserved 1048576K
}
Event: 1.209 GC heap after
{Heap after GC invocations=3 (full 0):
 garbage-first heap   total 196608K, used 6638K [0x0000000740000000, 0x0000000800000000)
  region size 2048K, 1 young (2048K), 1 survivors (2048K)
 Metaspace       used 10806K, capacity 10980K, committed 11264K, reserved 1058816K
  class space    used 939K, capacity 976K, committed 1024K, reserved 1048576K
}
Event: 1.342 GC heap before
{Heap before GC invocations=3 (full 0):
 garbage-first heap   total 196608K, used 31214K [0x0000000740000000, 0x0000000800000000)
  region size 2048K, 13 young (26624K), 1 survivors (2048K)
 Metaspace       used 10844K, capacity 11044K, committed 11264K, reserved 1058816K
  class space    used 939K, capacity 976K, committed 1024K, reserved 1048576K
}
Event: 1.362 GC heap after
{Heap after GC invocations=4 (full 0):
 garbage-first heap   total 196608K, used 16384K [0x0000000740000000, 0x0000000800000000)
  region size 2048K, 2 young (4096K), 2 survivors (4096K)
 Metaspace       used 10844K, capacity 11044K, committed 11264K, reserved 1058816K
  class space    used 939K, capacity 976K, committed 1024K, reserved 1048576K
}
Event: 1.420 GC heap before
{Heap before GC invocations=4 (full 0):
 garbage-first heap   total 196608K, used 32768K [0x0000000740000000, 0x0000000800000000)
  region size 2048K, 10 young (20480K), 2 survivors (4096K)
 Metaspace       used 10844K, capacity 11044K, committed 11264K, reserved 1058816K
  class space    used 939K, capacity 976K, committed 1024K, reserved 1048576K
}
Event: 1.433 GC heap after
{Heap after GC invocations=5 (full 0):
 garbage-first heap   total 296960K, used 21111K [0x0000000740000000, 0x0000000800000000)
  region size 2048K, 2 young (4096K), 2 survivors (4096K)
 Metaspace       used 10844K, capacity 11044K, committed 11264K, reserved 1058816K
  class space    used 939K, capacity 976K, committed 1024K, reserved 1048576K
}
Event: 1.516 GC heap before
{Heap before GC invocations=5 (full 0):
 garbage-first heap   total 296960K, used 45687K [0x0000000740000000, 0x0000000800000000)
  region size 2048K, 14 young (28672K), 2 survivors (4096K)
 Metaspace       used 10845K, capacity 11044K, committed 11264K, reserved 1058816K
  class space    used 939K, capacity 976K, committed 1024K, reserved 1048576K
}
Event: 1.541 GC heap after
{Heap after GC invocations=6 (full 0):
 garbage-first heap   total 296960K, used 31208K [0x0000000740000000, 0x0000000800000000)
  region size 2048K, 2 young (4096K), 2 survivors (4096K)
 Metaspace       used 10845K, capacity 11044K, committed 11264K, reserved 1058816K
  class space    used 939K, capacity 976K, committed 1024K, reserved 1048576K
}
Event: 1.658 GC heap before
{Heap before GC invocations=6 (full 0):
 garbage-first heap   total 296960K, used 66024K [0x0000000740000000, 0x0000000800000000)
  region size 2048K, 19 young (38912K), 2 survivors (4096K)
 Metaspace       used 10845K, capacity 11044K, committed 11264K, reserved 1058816K
  class space    used 939K, capacity 976K, committed 1024K, reserved 1048576K
}
Event: 1.687 GC heap after
{Heap after GC invocations=7 (full 0):
 garbage-first heap   total 296960K, used 44702K [0x0000000740000000, 0x0000000800000000)
  region size 2048K, 3 young (6144K), 3 survivors (6144K)
 Metaspace       used 10845K, capacity 11044K, committed 11264K, reserved 1058816K
  class space    used 939K, capacity 976K, committed 1024K, reserved 1048576K
}
Event: 1.800 GC heap before
{Heap before GC invocations=7 (full 0):
 garbage-first heap   total 296960K, used 83614K [0x0000000740000000, 0x0000000800000000)
  region size 2048K, 22 young (45056K), 3 survivors (6144K)
 Metaspace       used 10847K, capacity 11044K, committed 11264K, reserved 1058816K
  class space    used 939K, capacity 976K, committed 1024K, reserved 1048576K
}
Event: 1.837 GC heap after
{Heap after GC invocations=8 (full 0):
 garbage-first heap   total 296960K, used 60416K [0x0000000740000000, 0x0000000800000000)
  region size 2048K, 3 young (6144K), 3 survivors (6144K)
 Metaspace       used 10847K, capacity 11044K, committed 11264K, reserved 1058816K
  class space    used 939K, capacity 976K, committed 1024K, reserved 1048576K
}
Event: 1.970 GC heap before
{Heap before GC invocations=8 (full 0):
 garbage-first heap   total 296960K, used 101376K [0x0000000740000000, 0x0000000800000000)
  region size 2048K, 23 young (47104K), 3 survivors (6144K)
 Metaspace       used 10854K, capacity 11044K, committed 11264K, reserved 1058816K
  class space    used 940K, capacity 976K, committed 1024K, reserved 1048576K
}

Deoptimization events (20 events):
Event: 1.838 Thread 0x00000204feab9160 DEOPT PACKING pc=0x0000020487b43384 sp=0x000000a4461fecc0
Event: 1.838 Thread 0x00000204feab9160 DEOPT UNPACKING pc=0x000002048000852f sp=0x000000a4461febd8 mode 2
Event: 1.838 Thread 0x00000204feab9160 Uncommon trap: trap_request=0xffffffec fr.pc=0x0000020487b437fc relative=0x000000000000007c
Event: 1.838 Thread 0x00000204feab9160 Uncommon trap: reason=null_assert_or_unreached0 action=make_not_entrant pc=0x0000020487b437fc method=java.util.concurrent.atomic.LongAdder.add(J)V @ 4 c2
Event: 1.838 Thread 0x00000204feab9160 DEOPT PACKING pc=0x0000020487b437fc sp=0x000000a4461fec80
Event: 1.838 Thread 0x00000204feab9160 DEOPT UNPACKING pc=0x000002048000852f sp=0x000000a4461febe0 mode 2
Event: 1.856 Thread 0x00000204feab9160 DEOPT PACKING pc=0x0000020480793763 sp=0x000000a4461fec00
Event: 1.856 Thread 0x00000204feab9160 DEOPT UNPACKING pc=0x000002048004f6cf sp=0x000000a4461fe090 mode 0
Event: 1.860 Thread 0x00000204f0f40030 DEOPT PACKING pc=0x00000204807613c2 sp=0x000000a444bff080
Event: 1.860 Thread 0x00000204f0f40030 DEOPT UNPACKING pc=0x000002048004f6cf sp=0x000000a444bfe558 mode 0
Event: 1.881 Thread 0x00000204febda7d0 DEOPT PACKING pc=0x000002048077534c sp=0x000000a445fff2a0
Event: 1.881 Thread 0x00000204febda7d0 DEOPT UNPACKING pc=0x000002048004f6cf sp=0x000000a445ffe758 mode 0
Event: 1.907 Thread 0x00000204feab9160 DEOPT PACKING pc=0x000002048079f619 sp=0x000000a4461fecb0
Event: 1.907 Thread 0x00000204feab9160 DEOPT UNPACKING pc=0x000002048004f6cf sp=0x000000a4461fe170 mode 0
Event: 1.907 Thread 0x00000204feab9160 DEOPT PACKING pc=0x0000020480793763 sp=0x000000a4461fec00
Event: 1.907 Thread 0x00000204feab9160 DEOPT UNPACKING pc=0x000002048004f6cf sp=0x000000a4461fe090 mode 0
Event: 1.911 Thread 0x00000204feab9160 DEOPT PACKING pc=0x00000204807babc0 sp=0x000000a4461fecf0
Event: 1.911 Thread 0x00000204feab9160 DEOPT UNPACKING pc=0x000002048004f6cf sp=0x000000a4461fe248 mode 0
Event: 1.916 Thread 0x00000204feab9160 DEOPT PACKING pc=0x0000020480793763 sp=0x000000a4461fec00
Event: 1.916 Thread 0x00000204feab9160 DEOPT UNPACKING pc=0x000002048004f6cf sp=0x000000a4461fe090 mode 0

Classes unloaded (0 events):
No events

Classes redefined (0 events):
No events

Internal exceptions (9 events):
Event: 0.572 Thread 0x00000204f0f40030 Exception <a 'java/lang/NoSuchMethodError'{0x000000074bd0bc00}: 'int java.lang.invoke.DirectMethodHandle$Holder.invokeStatic(java.lang.Object, java.lang.Object, int)'> (0x000000074bd0bc00) 
thrown [./open/src/hotspot/share/interpreter/linkResolver.cpp, line 782]
Event: 0.606 Thread 0x00000204f0f40030 Exception <a 'java/lang/NoSuchMethodError'{0x000000074bd74180}: 'void java.lang.invoke.DirectMethodHandle$Holder.invokeStatic(java.lang.Object, java.lang.Object, java.lang.Object, java.lang.Object)'> (0x000000074bd74180) 
thrown [./open/src/hotspot/share/interpreter/linkResolver.cpp, line 782]
Event: 0.633 Thread 0x00000204f0f40030 Exception <a 'java/lang/NoSuchMethodError'{0x000000074bdac128}: 'java.lang.Object java.lang.invoke.DirectMethodHandle$Holder.newInvokeSpecial(java.lang.Object, java.lang.Object, java.lang.Object, java.lang.Object, java.lang.Object)'> (0x000000074bdac128) 
thrown [./open/src/hotspot/share/interpreter/linkResolver.cpp, line 782]
Event: 0.648 Thread 0x00000204f0f40030 Exception <a 'java/lang/NoSuchMethodError'{0x000000074bdc83c8}: 'java.lang.Object java.lang.invoke.DirectMethodHandle$Holder.invokeInterface(java.lang.Object, java.lang.Object)'> (0x000000074bdc83c8) 
thrown [./open/src/hotspot/share/interpreter/linkResolver.cpp, line 782]
Event: 0.696 Thread 0x00000204f0f40030 Exception <a 'java/lang/NoClassDefFoundError'{0x000000074ba5d950}: org/apache/log4j/Priority> (0x000000074ba5d950) 
thrown [./open/src/hotspot/share/classfile/systemDictionary.cpp, line 284]
Event: 0.721 Thread 0x00000204f0f40030 Exception <a 'java/lang/NoSuchMethodError'{0x000000074ba90cf8}: 'void java.lang.invoke.DirectMethodHandle$Holder.invokeSpecial(java.lang.Object, java.lang.Object, java.lang.Object)'> (0x000000074ba90cf8) 
thrown [./open/src/hotspot/share/interpreter/linkResolver.cpp, line 782]
Event: 0.854 Thread 0x00000204f0f40030 Exception <a 'java/lang/NoSuchMethodError'{0x000000074bff9658}: 'void java.lang.invoke.DirectMethodHandle$Holder.invokeStatic(java.lang.Object, java.lang.Object, java.lang.Object)'> (0x000000074bff9658) 
thrown [./open/src/hotspot/share/interpreter/linkResolver.cpp, line 782]
Event: 0.861 Thread 0x00000204f0f40030 Exception <a 'java/lang/NoSuchMethodError'{0x000000074bc09b00}: 'java.lang.Object java.lang.invoke.Invokers$Holder.invokeExact_MT(java.lang.Object, java.lang.Object, java.lang.Object, java.lang.Object, java.lang.Object, java.lang.Object)'> (0x000000074bc09b00) 
thrown [./open/src/hotspot/share/interpreter/linkResolver.cpp, line 782]
Event: 0.973 Thread 0x00000204feab9160 Exception <a 'java/lang/NoSuchMethodError'{0x000000074bd623b8}: 'int java.lang.invoke.DirectMethodHandle$Holder.invokeSpecial(java.lang.Object, java.lang.Object, java.lang.Object)'> (0x000000074bd623b8) 
thrown [./open/src/hotspot/share/interpreter/linkResolver.cpp, line 782]

Events (20 events):
Event: 1.104 Executing VM operation: G1CollectForAllocation done
Event: 1.104 Executing VM operation: HandshakeAllThreads
Event: 1.201 Executing VM operation: HandshakeAllThreads done
Event: 1.201 Executing VM operation: G1CollectForAllocation
Event: 1.209 Executing VM operation: G1CollectForAllocation done
Event: 1.321 Executing VM operation: G1CollectForAllocation
Event: 1.368 Executing VM operation: G1CollectForAllocation done
Event: 1.403 Executing VM operation: G1CollectForAllocation
Event: 1.443 Executing VM operation: G1CollectForAllocation done
Event: 1.511 Executing VM operation: G1CollectForAllocation
Event: 1.555 Executing VM operation: G1CollectForAllocation done
Event: 1.633 Executing VM operation: G1CollectForAllocation
Event: 1.701 Executing VM operation: G1CollectForAllocation done
Event: 1.789 Executing VM operation: G1CollectForAllocation
Event: 1.838 loading class java/util/concurrent/atomic/Striped64$Cell
Event: 1.838 loading class java/util/concurrent/atomic/Striped64$Cell done
Event: 1.857 Executing VM operation: G1CollectForAllocation done
Event: 1.858 Executing VM operation: HandshakeAllThreads
Event: 1.858 Executing VM operation: HandshakeAllThreads done
Event: 1.951 Executing VM operation: G1CollectForAllocation


Dynamic libraries:
0x00007ff70d720000 - 0x00007ff70d72d000 	C:\Users\AmolA3\Desktop\Pre Impact Training\eclipse\plugins\org.eclipse.justj.openjdk.hotspot.jre.full.win32.x86_64_15.0.2.v20210201-0955\jre\bin\javaw.exe
0x00007ffbcccb0000 - 0x00007ffbccea5000 	C:\Windows\SYSTEM32\ntdll.dll
0x00007ffbcbcb0000 - 0x00007ffbcbd6d000 	C:\Windows\System32\KERNEL32.DLL
0x00007ffbca870000 - 0x00007ffbcab3d000 	C:\Windows\System32\KERNELBASE.dll
0x00007ffbca520000 - 0x00007ffbca620000 	C:\Windows\System32\ucrtbase.dll
0x00007ffb724d0000 - 0x00007ffb724e8000 	C:\Users\AmolA3\Desktop\Pre Impact Training\eclipse\plugins\org.eclipse.justj.openjdk.hotspot.jre.full.win32.x86_64_15.0.2.v20210201-0955\jre\bin\jli.dll
0x00007ffbccaa0000 - 0x00007ffbccc40000 	C:\Windows\System32\USER32.dll
0x00007ffbca620000 - 0x00007ffbca642000 	C:\Windows\System32\win32u.dll
0x00007ffbcbd70000 - 0x00007ffbcbd9a000 	C:\Windows\System32\GDI32.dll
0x00007ffbca760000 - 0x00007ffbca86b000 	C:\Windows\System32\gdi32full.dll
0x00007ffbca6c0000 - 0x00007ffbca75d000 	C:\Windows\System32\msvcp_win.dll
0x00007ffb71e00000 - 0x00007ffb71e19000 	C:\Users\AmolA3\Desktop\Pre Impact Training\eclipse\plugins\org.eclipse.justj.openjdk.hotspot.jre.full.win32.x86_64_15.0.2.v20210201-0955\jre\bin\VCRUNTIME140.dll
0x00007ffbc8090000 - 0x00007ffbc832a000 	C:\Windows\WinSxS\amd64_microsoft.windows.common-controls_6595b64144ccf1df_6.0.19041.1110_none_60b5254171f9507e\COMCTL32.dll
0x00007ffbcbfd0000 - 0x00007ffbcc06e000 	C:\Windows\System32\msvcrt.dll
0x00007ffbcacd0000 - 0x00007ffbcad00000 	C:\Windows\System32\IMM32.DLL
0x00007ffbca1a0000 - 0x00007ffbca1d8000 	C:\Program Files\Citrix\System32\MfApHook64.dll
0x00007ffbca0d0000 - 0x00007ffbca0e2000 	C:\Program Files\Citrix\IcaService\FullScreenHook64.dll
0x00007ffbcadb0000 - 0x00007ffbcae5e000 	C:\Windows\System32\ADVAPI32.dll
0x00007ffbcbda0000 - 0x00007ffbcbe3c000 	C:\Windows\System32\sechost.dll
0x00007ffbcbe40000 - 0x00007ffbcbf65000 	C:\Windows\System32\RPCRT4.dll
0x00007ffb6d5c0000 - 0x00007ffb6d651000 	C:\Users\AmolA3\Desktop\Pre Impact Training\eclipse\plugins\org.eclipse.justj.openjdk.hotspot.jre.full.win32.x86_64_15.0.2.v20210201-0955\jre\bin\MSVCP140.dll
0x00007ffbbcf20000 - 0x00007ffbbcf2c000 	C:\Users\AmolA3\Desktop\Pre Impact Training\eclipse\plugins\org.eclipse.justj.openjdk.hotspot.jre.full.win32.x86_64_15.0.2.v20210201-0955\jre\bin\VCRUNTIME140_1.dll
0x00007ffbc9bf0000 - 0x00007ffbc9c1a000 	C:\Program Files\Citrix\ICAService\ShellHook64.dll
0x00007ffbcbf70000 - 0x00007ffbcbfc5000 	C:\Windows\System32\SHLWAPI.dll
0x00007ffbc9ae0000 - 0x00007ffbc9bef000 	C:\Program Files\Citrix\IcaService\SCardHook64.dll
0x00007ffbc99f0000 - 0x00007ffbc9a10000 	C:\Program Files\Citrix\ICAService\cxinjime64.dll
0x00007ffbc99c0000 - 0x00007ffbc99e6000 	C:\Program Files\Citrix\ICAService\PicaWtsHook64.dll
0x00007ffb39a30000 - 0x00007ffb3a58e000 	C:\Users\AmolA3\Desktop\Pre Impact Training\eclipse\plugins\org.eclipse.justj.openjdk.hotspot.jre.full.win32.x86_64_15.0.2.v20210201-0955\jre\bin\server\jvm.dll
0x00007ffbcca90000 - 0x00007ffbcca98000 	C:\Windows\System32\PSAPI.DLL
0x00007ffbb7600000 - 0x00007ffbb7609000 	C:\Windows\SYSTEM32\WSOCK32.dll
0x00007ffbcc6a0000 - 0x00007ffbcc70b000 	C:\Windows\System32\WS2_32.dll
0x00007ffbc2a90000 - 0x00007ffbc2ab7000 	C:\Windows\SYSTEM32\WINMM.dll
0x00007ffbc9c40000 - 0x00007ffbc9c4a000 	C:\Windows\SYSTEM32\VERSION.dll
0x00007ffbc7750000 - 0x00007ffbc7762000 	C:\Windows\SYSTEM32\kernel.appcore.dll
0x00007ffbbf740000 - 0x00007ffbbf74a000 	C:\Users\AmolA3\Desktop\Pre Impact Training\eclipse\plugins\org.eclipse.justj.openjdk.hotspot.jre.full.win32.x86_64_15.0.2.v20210201-0955\jre\bin\jimage.dll
0x00007ffbc72c0000 - 0x00007ffbc74a4000 	C:\Windows\SYSTEM32\DBGHELP.DLL
0x00007ffbc32e0000 - 0x00007ffbc330c000 	C:\Windows\SYSTEM32\dbgcore.DLL
0x00007ffbcac40000 - 0x00007ffbcacc2000 	C:\Windows\System32\bcryptPrimitives.dll
0x00007ffb76c50000 - 0x00007ffb76c75000 	C:\Users\AmolA3\Desktop\Pre Impact Training\eclipse\plugins\org.eclipse.justj.openjdk.hotspot.jre.full.win32.x86_64_15.0.2.v20210201-0955\jre\bin\java.dll
0x00007ffb9eeb0000 - 0x00007ffb9eec8000 	C:\Users\AmolA3\Desktop\Pre Impact Training\eclipse\plugins\org.eclipse.justj.openjdk.hotspot.jre.full.win32.x86_64_15.0.2.v20210201-0955\jre\bin\zip.dll
0x00007ffbcaf90000 - 0x00007ffbcb6d4000 	C:\Windows\System32\SHELL32.dll
0x00007ffbc78f0000 - 0x00007ffbc8084000 	C:\Windows\SYSTEM32\windows.storage.dll
0x00007ffbcc710000 - 0x00007ffbcca64000 	C:\Windows\System32\combase.dll
0x00007ffbc9560000 - 0x00007ffbc958c000 	C:\Windows\SYSTEM32\Wldp.dll
0x00007ffbcad00000 - 0x00007ffbcadad000 	C:\Windows\System32\SHCORE.dll
0x00007ffbca2d0000 - 0x00007ffbca2ef000 	C:\Windows\SYSTEM32\profapi.dll
0x00007ffb93220000 - 0x00007ffb93239000 	C:\Users\AmolA3\Desktop\Pre Impact Training\eclipse\plugins\org.eclipse.justj.openjdk.hotspot.jre.full.win32.x86_64_15.0.2.v20210201-0955\jre\bin\net.dll
0x00007ffbc8b80000 - 0x00007ffbc8c8a000 	C:\Windows\SYSTEM32\WINHTTP.dll
0x00007ffbc9270000 - 0x00007ffbc92da000 	C:\Windows\system32\mswsock.dll
0x00007ffb91e10000 - 0x00007ffb91e22000 	C:\Users\AmolA3\Desktop\Pre Impact Training\eclipse\plugins\org.eclipse.justj.openjdk.hotspot.jre.full.win32.x86_64_15.0.2.v20210201-0955\jre\bin\nio.dll
0x00007ffbbd740000 - 0x00007ffbbd750000 	C:\Users\AmolA3\Desktop\Pre Impact Training\eclipse\plugins\org.eclipse.justj.openjdk.hotspot.jre.full.win32.x86_64_15.0.2.v20210201-0955\jre\bin\verify.dll

dbghelp: loaded successfully - version: 4.0.5 - missing functions: none
symbol engine: initialized successfully - sym options: 0x614 - pdb path: .;C:\Users\AmolA3\Desktop\Pre Impact Training\eclipse\plugins\org.eclipse.justj.openjdk.hotspot.jre.full.win32.x86_64_15.0.2.v20210201-0955\jre\bin;C:\Windows\SYSTEM32;C:\Windows\WinSxS\amd64_microsoft.windows.common-controls_6595b64144ccf1df_6.0.19041.1110_none_60b5254171f9507e;C:\Program Files\Citrix\System32;C:\Program Files\Citrix\IcaService;C:\Users\AmolA3\Desktop\Pre Impact Training\eclipse\plugins\org.eclipse.justj.openjdk.hotspot.jre.full.win32.x86_64_15.0.2.v20210201-0955\jre\bin\server

VM Arguments:
jvm_args: -Dfile.encoding=Cp1252 -XX:+ShowCodeDetailsInExceptionMessages 
java_command: com.citiustech.main.Main
java_class_path (initial): C:\Users\AmolA3\Desktop\Pre Impact Training\Java 8\JavaAssignment2\target\classes;C:\Users\AmolA3\.m2\repository\com\opencsv\opencsv\5.6\opencsv-5.6.jar;C:\Users\AmolA3\.m2\repository\org\apache\commons\commons-lang3\3.12.0\commons-lang3-3.12.0.jar;C:\Users\AmolA3\.m2\repository\org\apache\commons\commons-text\1.9\commons-text-1.9.jar;C:\Users\AmolA3\.m2\repository\commons-beanutils\commons-beanutils\1.9.4\commons-beanutils-1.9.4.jar;C:\Users\AmolA3\.m2\repository\commons-logging\commons-logging\1.2\commons-logging-1.2.jar;C:\Users\AmolA3\.m2\repository\commons-collections\commons-collections\3.2.2\commons-collections-3.2.2.jar;C:\Users\AmolA3\.m2\repository\org\apache\commons\commons-collections4\4.4\commons-collections4-4.4.jar
Launcher Type: SUN_STANDARD

[Global flags]
     intx CICompilerCount                          = 2                                         {product} {ergonomic}
     uint ConcGCThreads                            = 1                                         {product} {ergonomic}
     uint G1ConcRefinementThreads                  = 2                                         {product} {ergonomic}
   size_t G1HeapRegionSize                         = 2097152                                   {product} {ergonomic}
    uintx GCDrainStackTargetSize                   = 64                                        {product} {ergonomic}
   size_t InitialHeapSize                          = 201326592                                 {product} {ergonomic}
   size_t MarkStackSize                            = 4194304                                   {product} {ergonomic}
   size_t MaxHeapSize                              = 3221225472                                {product} {ergonomic}
   size_t MaxNewSize                               = 1931476992                                {product} {ergonomic}
   size_t MinHeapDeltaBytes                        = 2097152                                   {product} {ergonomic}
   size_t MinHeapSize                              = 8388608                                   {product} {ergonomic}
    uintx NonNMethodCodeHeapSize                   = 5826188                                {pd product} {ergonomic}
    uintx NonProfiledCodeHeapSize                  = 122916026                              {pd product} {ergonomic}
    uintx ProfiledCodeHeapSize                     = 122916026                              {pd product} {ergonomic}
    uintx ReservedCodeCacheSize                    = 251658240                              {pd product} {ergonomic}
     bool SegmentedCodeCache                       = true                                      {product} {ergonomic}
     bool ShowCodeDetailsInExceptionMessages       = true                                   {manageable} {command line}
   size_t SoftMaxHeapSize                          = 3221225472                             {manageable} {ergonomic}
     bool UseCompressedClassPointers               = true                                 {lp64_product} {ergonomic}
     bool UseCompressedOops                        = true                                 {lp64_product} {ergonomic}
     bool UseG1GC                                  = true                                      {product} {ergonomic}
     bool UseLargePagesIndividualAllocation        = false                                  {pd product} {ergonomic}

Logging:
Log output configuration:
 #0: stdout all=warning uptime,level,tags
 #1: stderr all=off uptime,level,tags

Environment Variables:
JAVA_HOME=C:\Program Files\Java\jdk1.8.0_311
PATH=C:/Users/AmolA3/Desktop/Pre Impact Training/eclipse//plugins/org.eclipse.justj.openjdk.hotspot.jre.full.win32.x86_64_15.0.2.v20210201-0955/jre/bin/server;C:/Users/AmolA3/Desktop/Pre Impact Training/eclipse//plugins/org.eclipse.justj.openjdk.hotspot.jre.full.win32.x86_64_15.0.2.v20210201-0955/jre/bin;C:\Program Files (x86)\Common Files\Oracle\Java\javapath;C:\Windows\system32;C:\Windows;C:\Windows\System32\Wbem;C:\Windows\System32\WindowsPowerShell\v1.0\;C:\Windows\System32\OpenSSH\;C:\Program Files\Citrix\System32\;C:\Program Files\Citrix\ICAService\;C:\Program Files (x86)\CheckPoint\Endpoint Security\Endpoint Common\bin;C:\Program Files\nodejs\;C:\Program Files\Java\jdk1.8.0_311\bin;C:\Program Files (x86)\Microsoft SQL Server\150\DTS\Binn\;C:\Program Files\Azure Data Studio\bin;C:\Program Files (x86)\Microsoft SQL Server\150\Tools\Binn\;C:\Program Files\Microsoft SQL Server\150\Tools\Binn\;C:\Program Files\Microsoft SQL Server\150\DTS\Binn\;C:\Program Files\Microsoft SQL Server\Client SDK\ODBC\170\Tools\Binn\;C:\Program Files\Git\cmd;C:\Users\AmolA3\AppData\Local\Microsoft\WindowsApps;;C:\Users\AmolA3\AppData\Local\Programs\Microsoft VS Code\bin;C:\Users\AmolA3\AppData\Roaming\npm;C:\Users\AmolA3\Desktop\Pre Impact Training\eclipse;
USERNAME=AmolA3
OS=Windows_NT
PROCESSOR_IDENTIFIER=Intel64 Family 6 Model 85 Stepping 7, GenuineIntel



---------------  S Y S T E M  ---------------

OS:
 Windows 10 , 64 bit Build 19041 (10.0.19041.1706)
OS uptime: 13 days 14:25 hours
VMWare virtualization detected

CPU: total 2 (initial active 2) (2 cores per cpu, 1 threads per core) family 6 model 85 stepping 7 microcode 0x5003103, cmov, cx8, fxsr, mmx, sse, sse2, sse3, ssse3, sse4.1, sse4.2, popcnt, vzeroupper, avx, avx2, aes, clmul, erms, 3dnowpref, lzcnt, tsc, tscinvbit, bmi1, bmi2, adx, avx512f, avx512dq, avx512cd, avx512bw, avx512vl, fma, clflush, clflushopt, clwb

Memory: 4k page, system-wide physical 12287M (338M free)
TotalPageFile size 16383M (AvailPageFile size 199M)
current process WorkingSet (physical memory assigned to process): 193M, peak: 193M
current process commit charge ("private bytes"): 375M, peak: 687M

vm_info: OpenJDK 64-Bit Server VM (15.0.2+7-27) for windows-amd64 JRE (15.0.2+7-27), built on Dec  7 2020 20:02:38 by "mach5one" with unknown MS VC++:1925

END.
