#
# There is insufficient memory for the Java Runtime Environment to continue.
# Native memory allocation (mmap) failed to map 201326592 bytes for G1 virtual space
# Possible reasons:
#   The system is out of physical RAM or swap space
#   The process is running with CompressedOops enabled, and the Java Heap may be blocking the growth of the native heap
# Possible solutions:
#   Reduce memory load on the system
#   Increase physical memory or swap space
#   Check if swap backing store is full
#   Decrease Java heap size (-Xmx/-Xms)
#   Decrease number of Java threads
#   Decrease Java thread stack sizes (-Xss)
#   Set larger code cache with -XX:ReservedCodeCacheSize=
#   JVM is running with Zero Based Compressed Oops mode in which the Java heap is
#     placed in the first 32GB address space. The Java Heap base address is the
#     maximum limit for the native heap growth. Please use -XX:HeapBaseMinAddress
#     to set the Java Heap base and to place the Java Heap above 32GB virtual address.
# This output file may be truncated or incomplete.
#
#  Out of Memory Error (./open/src/hotspot/os/windows/os_windows.cpp:3321), pid=19344, tid=13324
#
# JRE version:  (15.0.2+7) (build )
# Java VM: OpenJDK 64-Bit Server VM (15.0.2+7-27, mixed mode, sharing, tiered, compressed oops, g1 gc, windows-amd64)
# No core dump will be written. Minidumps are not enabled by default on client versions of Windows
#

---------------  S U M M A R Y ------------

Command Line: -Dfile.encoding=Cp1252 -XX:+ShowCodeDetailsInExceptionMessages com.citiustech.main.Main

Host: Intel(R) Xeon(R) Gold 6258R CPU @ 2.70GHz, 2 cores, 11G,  Windows 10 , 64 bit Build 19041 (10.0.19041.1706)
Time: Sat Jun 11 16:43:08 2022 India Standard Time elapsed time: 0.033576 seconds (0d 0h 0m 0s)

---------------  T H R E A D  ---------------

Current thread (0x000001833db80030):  JavaThread "Unknown thread" [_thread_in_vm, id=13324, stack(0x0000001319a00000,0x0000001319b00000)]

Stack: [0x0000001319a00000,0x0000001319b00000]
Native frames: (J=compiled Java code, j=interpreted, Vv=VM code, C=native code)
V  [jvm.dll+0x62ae9a]
V  [jvm.dll+0x7817a9]
V  [jvm.dll+0x782f03]
V  [jvm.dll+0x783563]
V  [jvm.dll+0x216325]
V  [jvm.dll+0x6281d9]
V  [jvm.dll+0x61cf55]
V  [jvm.dll+0x2cffdd]
V  [jvm.dll+0x2cfe42]
V  [jvm.dll+0x2d5e1c]
V  [jvm.dll+0x32590a]
V  [jvm.dll+0x324fd4]
V  [jvm.dll+0x2a6f5a]
V  [jvm.dll+0x2a80f8]
V  [jvm.dll+0x75e241]
V  [jvm.dll+0x3341c4]
V  [jvm.dll+0x73e926]
V  [jvm.dll+0x3b7557]
V  [jvm.dll+0x3b8fe1]
C  [jli.dll+0x52fb]
C  [ucrtbase.dll+0x21bb2]
C  [KERNEL32.DLL+0x17034]
C  [ntdll.dll+0x52651]


---------------  P R O C E S S  ---------------

Threads class SMR info:
_java_thread_list=0x00007ffb3a4f4ff0, length=0, elements={
}

Java Threads: ( => current thread )

Other Threads:
  0x000001833dbc1e30 GCTaskThread "GC Thread#0" [stack: 0x0000001319c00000,0x0000001319d00000] [id=18828]
  0x000001833dbcef80 ConcurrentGCThread "G1 Main Marker" [stack: 0x0000001319d00000,0x0000001319e00000] [id=3800]
  0x000001833dbd1fd0 ConcurrentGCThread "G1 Conc#0" [stack: 0x0000001319e00000,0x0000001319f00000] [id=8692]

[error occurred during error reporting (printing all threads), id 0xc0000005, EXCEPTION_ACCESS_VIOLATION (0xc0000005) at pc=0x00007ffb39ce7e27]

VM state: not at safepoint (not fully initialized)

VM Mutex/Monitor currently owned by a thread:  ([mutex/lock_event])
[0x000001833db7c4a0] Heap_lock - owner thread: 0x000001833db80030

Heap address: 0x0000000740000000, size: 3072 MB, Compressed Oops mode: Zero based, Oop shift amount: 3
CDS archive(s) mapped at: [0x0000000000000000-0x0000000000000000-0x0000000000000000), size 0, SharedBaseAddress: 0x0000000800000000, ArchiveRelocationMode: 0.
Narrow klass base: 0x0000000000000000, Narrow klass shift: 0, Narrow klass range: 0x0

Heap:
 garbage-first heap   total 196608K, used 0K [0x0000000740000000, 0x0000000800000000)
  region size 2048K, 0 young (0K), 0 survivors (0K)
 Metaspace       used 0K, capacity 0K, committed 0K, reserved 0K
  class space    used 0K, capacity 0K, committed 0K, reserved 0K

Heap Regions: E=young(eden), S=young(survivor), O=old, HS=humongous(starts), HC=humongous(continues), CS=collection set, F=free, OA=open archive, CA=closed archive, TAMS=top-at-mark-start (previous, next)

Card table byte_map: [0x0000018350b50000,0x0000018351150000] _byte_map_base: 0x000001834d150000

Marking Bits (Prev, Next): (CMBitMap*) 0x000001833dbc2620, (CMBitMap*) 0x000001833dbc2660
 Prev Bits: [0x0000018351750000, 0x0000018354750000)
 Next Bits: [0x0000018354750000, 0x0000018357750000)

GC Heap History (0 events):
No events

Deoptimization events (0 events):
No events

Classes unloaded (0 events):
No events

Classes redefined (0 events):
No events

Internal exceptions (0 events):
No events

Events (1 events):
Event: 0.011 Loaded shared library C:\Users\AmolA3\Desktop\Pre Impact Training\eclipse\plugins\org.eclipse.justj.openjdk.hotspot.jre.full.win32.x86_64_15.0.2.v20210201-0955\jre\bin\java.dll


Dynamic libraries:
0x00007ff70d720000 - 0x00007ff70d72d000 	C:\Users\AmolA3\Desktop\Pre Impact Training\eclipse\plugins\org.eclipse.justj.openjdk.hotspot.jre.full.win32.x86_64_15.0.2.v20210201-0955\jre\bin\javaw.exe
0x00007ffbcccb0000 - 0x00007ffbccea5000 	C:\Windows\SYSTEM32\ntdll.dll
0x00007ffbcbcb0000 - 0x00007ffbcbd6d000 	C:\Windows\System32\KERNEL32.DLL
0x00007ffbca870000 - 0x00007ffbcab3d000 	C:\Windows\System32\KERNELBASE.dll
0x00007ffbca520000 - 0x00007ffbca620000 	C:\Windows\System32\ucrtbase.dll
0x00007ffbb9f40000 - 0x00007ffbb9f58000 	C:\Users\AmolA3\Desktop\Pre Impact Training\eclipse\plugins\org.eclipse.justj.openjdk.hotspot.jre.full.win32.x86_64_15.0.2.v20210201-0955\jre\bin\jli.dll
0x00007ffbccaa0000 - 0x00007ffbccc40000 	C:\Windows\System32\USER32.dll
0x00007ffbca620000 - 0x00007ffbca642000 	C:\Windows\System32\win32u.dll
0x00007ffbcbd70000 - 0x00007ffbcbd9a000 	C:\Windows\System32\GDI32.dll
0x00007ffbca760000 - 0x00007ffbca86b000 	C:\Windows\System32\gdi32full.dll
0x00007ffbca6c0000 - 0x00007ffbca75d000 	C:\Windows\System32\msvcp_win.dll
0x00007ffbb9d70000 - 0x00007ffbb9d89000 	C:\Users\AmolA3\Desktop\Pre Impact Training\eclipse\plugins\org.eclipse.justj.openjdk.hotspot.jre.full.win32.x86_64_15.0.2.v20210201-0955\jre\bin\VCRUNTIME140.dll
0x00007ffbc8090000 - 0x00007ffbc832a000 	C:\Windows\WinSxS\amd64_microsoft.windows.common-controls_6595b64144ccf1df_6.0.19041.1110_none_60b5254171f9507e\COMCTL32.dll
0x00007ffbcbfd0000 - 0x00007ffbcc06e000 	C:\Windows\System32\msvcrt.dll
0x00007ffbcacd0000 - 0x00007ffbcad00000 	C:\Windows\System32\IMM32.DLL
0x00007ffbca1a0000 - 0x00007ffbca1d8000 	C:\Program Files\Citrix\System32\MfApHook64.dll
0x00007ffbca0d0000 - 0x00007ffbca0e2000 	C:\Program Files\Citrix\IcaService\FullScreenHook64.dll
0x00007ffbcadb0000 - 0x00007ffbcae5e000 	C:\Windows\System32\ADVAPI32.dll
0x00007ffbcbda0000 - 0x00007ffbcbe3c000 	C:\Windows\System32\sechost.dll
0x00007ffbcbe40000 - 0x00007ffbcbf65000 	C:\Windows\System32\RPCRT4.dll
0x00007ffb71350000 - 0x00007ffb713e1000 	C:\Users\AmolA3\Desktop\Pre Impact Training\eclipse\plugins\org.eclipse.justj.openjdk.hotspot.jre.full.win32.x86_64_15.0.2.v20210201-0955\jre\bin\MSVCP140.dll
0x00007ffbbd740000 - 0x00007ffbbd74c000 	C:\Users\AmolA3\Desktop\Pre Impact Training\eclipse\plugins\org.eclipse.justj.openjdk.hotspot.jre.full.win32.x86_64_15.0.2.v20210201-0955\jre\bin\VCRUNTIME140_1.dll
0x00007ffbc9bf0000 - 0x00007ffbc9c1a000 	C:\Program Files\Citrix\ICAService\ShellHook64.dll
0x00007ffbcbf70000 - 0x00007ffbcbfc5000 	C:\Windows\System32\SHLWAPI.dll
0x00007ffbc9ae0000 - 0x00007ffbc9bef000 	C:\Program Files\Citrix\IcaService\SCardHook64.dll
0x00007ffbc99f0000 - 0x00007ffbc9a10000 	C:\Program Files\Citrix\ICAService\cxinjime64.dll
0x00007ffbc99c0000 - 0x00007ffbc99e6000 	C:\Program Files\Citrix\ICAService\PicaWtsHook64.dll
0x00007ffb39a30000 - 0x00007ffb3a58e000 	C:\Users\AmolA3\Desktop\Pre Impact Training\eclipse\plugins\org.eclipse.justj.openjdk.hotspot.jre.full.win32.x86_64_15.0.2.v20210201-0955\jre\bin\server\jvm.dll
0x00007ffbcca90000 - 0x00007ffbcca98000 	C:\Windows\System32\PSAPI.DLL
0x00007ffbb7600000 - 0x00007ffbb7609000 	C:\Windows\SYSTEM32\WSOCK32.dll
0x00007ffbcc6a0000 - 0x00007ffbcc70b000 	C:\Windows\System32\WS2_32.dll
0x00007ffbc2a90000 - 0x00007ffbc2ab7000 	C:\Windows\SYSTEM32\WINMM.dll
0x00007ffbc9c40000 - 0x00007ffbc9c4a000 	C:\Windows\SYSTEM32\VERSION.dll
0x00007ffbc7750000 - 0x00007ffbc7762000 	C:\Windows\SYSTEM32\kernel.appcore.dll
0x00007ffbc0a20000 - 0x00007ffbc0a2a000 	C:\Users\AmolA3\Desktop\Pre Impact Training\eclipse\plugins\org.eclipse.justj.openjdk.hotspot.jre.full.win32.x86_64_15.0.2.v20210201-0955\jre\bin\jimage.dll
0x00007ffbc72c0000 - 0x00007ffbc74a4000 	C:\Windows\SYSTEM32\DBGHELP.DLL
0x00007ffbc32e0000 - 0x00007ffbc330c000 	C:\Windows\SYSTEM32\dbgcore.DLL
0x00007ffbcac40000 - 0x00007ffbcacc2000 	C:\Windows\System32\bcryptPrimitives.dll
0x00007ffba4000000 - 0x00007ffba4025000 	C:\Users\AmolA3\Desktop\Pre Impact Training\eclipse\plugins\org.eclipse.justj.openjdk.hotspot.jre.full.win32.x86_64_15.0.2.v20210201-0955\jre\bin\java.dll

dbghelp: loaded successfully - version: 4.0.5 - missing functions: none
symbol engine: initialized successfully - sym options: 0x614 - pdb path: .;C:\Users\AmolA3\Desktop\Pre Impact Training\eclipse\plugins\org.eclipse.justj.openjdk.hotspot.jre.full.win32.x86_64_15.0.2.v20210201-0955\jre\bin;C:\Windows\SYSTEM32;C:\Windows\WinSxS\amd64_microsoft.windows.common-controls_6595b64144ccf1df_6.0.19041.1110_none_60b5254171f9507e;C:\Program Files\Citrix\System32;C:\Program Files\Citrix\IcaService;C:\Users\AmolA3\Desktop\Pre Impact Training\eclipse\plugins\org.eclipse.justj.openjdk.hotspot.jre.full.win32.x86_64_15.0.2.v20210201-0955\jre\bin\server

VM Arguments:
jvm_args: -Dfile.encoding=Cp1252 -XX:+ShowCodeDetailsInExceptionMessages 
java_command: com.citiustech.main.Main
java_class_path (initial): C:\Users\AmolA3\Desktop\Pre Impact Training\Java 8\JavaAssignment2\target\classes;C:\Users\AmolA3\.m2\repository\com\opencsv\opencsv\5.6\opencsv-5.6.jar;C:\Users\AmolA3\.m2\repository\org\apache\commons\commons-lang3\3.12.0\commons-lang3-3.12.0.jar;C:\Users\AmolA3\.m2\repository\org\apache\commons\commons-text\1.9\commons-text-1.9.jar;C:\Users\AmolA3\.m2\repository\commons-beanutils\commons-beanutils\1.9.4\commons-beanutils-1.9.4.jar;C:\Users\AmolA3\.m2\repository\commons-logging\commons-logging\1.2\commons-logging-1.2.jar;C:\Users\AmolA3\.m2\repository\commons-collections\commons-collections\3.2.2\commons-collections-3.2.2.jar;C:\Users\AmolA3\.m2\repository\org\apache\commons\commons-collections4\4.4\commons-collections4-4.4.jar
Launcher Type: SUN_STANDARD

[Global flags]
     intx CICompilerCount                          = 2                                         {product} {ergonomic}
     uint ConcGCThreads                            = 1                                         {product} {ergonomic}
     uint G1ConcRefinementThreads                  = 2                                         {product} {ergonomic}
   size_t G1HeapRegionSize                         = 2097152                                   {product} {ergonomic}
    uintx GCDrainStackTargetSize                   = 64                                        {product} {ergonomic}
   size_t InitialHeapSize                          = 201326592                                 {product} {ergonomic}
   size_t MarkStackSize                            = 4194304                                   {product} {ergonomic}
   size_t MaxHeapSize                              = 3221225472                                {product} {ergonomic}
   size_t MinHeapDeltaBytes                        = 2097152                                   {product} {ergonomic}
   size_t MinHeapSize                              = 8388608                                   {product} {ergonomic}
    uintx NonNMethodCodeHeapSize                   = 5826188                                {pd product} {ergonomic}
    uintx NonProfiledCodeHeapSize                  = 122916026                              {pd product} {ergonomic}
    uintx ProfiledCodeHeapSize                     = 122916026                              {pd product} {ergonomic}
    uintx ReservedCodeCacheSize                    = 251658240                              {pd product} {ergonomic}
     bool SegmentedCodeCache                       = true                                      {product} {ergonomic}
     bool ShowCodeDetailsInExceptionMessages       = true                                   {manageable} {command line}
   size_t SoftMaxHeapSize                          = 3221225472                             {manageable} {ergonomic}
     bool UseCompressedClassPointers               = true                                 {lp64_product} {ergonomic}
     bool UseCompressedOops                        = true                                 {lp64_product} {ergonomic}
     bool UseG1GC                                  = true                                      {product} {ergonomic}
     bool UseLargePagesIndividualAllocation        = false                                  {pd product} {ergonomic}

Logging:
Log output configuration:
 #0: stdout all=warning uptime,level,tags
 #1: stderr all=off uptime,level,tags

Environment Variables:
JAVA_HOME=C:\Program Files\Java\jdk1.8.0_311
PATH=C:/Users/AmolA3/Desktop/Pre Impact Training/eclipse//plugins/org.eclipse.justj.openjdk.hotspot.jre.full.win32.x86_64_15.0.2.v20210201-0955/jre/bin/server;C:/Users/AmolA3/Desktop/Pre Impact Training/eclipse//plugins/org.eclipse.justj.openjdk.hotspot.jre.full.win32.x86_64_15.0.2.v20210201-0955/jre/bin;C:\Program Files (x86)\Common Files\Oracle\Java\javapath;C:\Windows\system32;C:\Windows;C:\Windows\System32\Wbem;C:\Windows\System32\WindowsPowerShell\v1.0\;C:\Windows\System32\OpenSSH\;C:\Program Files\Citrix\System32\;C:\Program Files\Citrix\ICAService\;C:\Program Files (x86)\CheckPoint\Endpoint Security\Endpoint Common\bin;C:\Program Files\nodejs\;C:\Program Files\Java\jdk1.8.0_311\bin;C:\Program Files (x86)\Microsoft SQL Server\150\DTS\Binn\;C:\Program Files\Azure Data Studio\bin;C:\Program Files (x86)\Microsoft SQL Server\150\Tools\Binn\;C:\Program Files\Microsoft SQL Server\150\Tools\Binn\;C:\Program Files\Microsoft SQL Server\150\DTS\Binn\;C:\Program Files\Microsoft SQL Server\Client SDK\ODBC\170\Tools\Binn\;C:\Program Files\Git\cmd;C:\Users\AmolA3\AppData\Local\Microsoft\WindowsApps;;C:\Users\AmolA3\AppData\Local\Programs\Microsoft VS Code\bin;C:\Users\AmolA3\AppData\Roaming\npm;C:\Users\AmolA3\Desktop\Pre Impact Training\eclipse;
USERNAME=AmolA3
OS=Windows_NT
PROCESSOR_IDENTIFIER=Intel64 Family 6 Model 85 Stepping 7, GenuineIntel



---------------  S Y S T E M  ---------------

OS:
 Windows 10 , 64 bit Build 19041 (10.0.19041.1706)
OS uptime: 13 days 18:44 hours
VMWare virtualization detected

CPU: total 2 (initial active 2) (2 cores per cpu, 1 threads per core) family 6 model 85 stepping 7 microcode 0x5003103, cmov, cx8, fxsr, mmx, sse, sse2, sse3, ssse3, sse4.1, sse4.2, popcnt, vzeroupper, avx, avx2, aes, clmul, erms, 3dnowpref, lzcnt, tsc, tscinvbit, bmi1, bmi2, adx, avx512f, avx512dq, avx512cd, avx512bw, avx512vl, fma, clflush, clflushopt, clwb

Memory: 4k page, system-wide physical 12287M (489M free)
TotalPageFile size 16383M (AvailPageFile size 173M)
current process WorkingSet (physical memory assigned to process): 11M, peak: 11M
current process commit charge ("private bytes"): 48M, peak: 240M

vm_info: OpenJDK 64-Bit Server VM (15.0.2+7-27) for windows-amd64 JRE (15.0.2+7-27), built on Dec  7 2020 20:02:38 by "mach5one" with unknown MS VC++:1925

END.
